E:\DONOTOPEN\FUCKYOU\BIN\WIN\DEBUG\ZLIB.LIB
E:\DONOTOPEN\FUCKYOU\BIN\WIN\DEBUG\ZLIB.PDB
E:\DONOTOPEN\FUCKYOU\VSSLN\FREEIMAGE\SOURCE\ZLIB\CMAKEFILES\GENERATE.STAMP
E:\DONOTOPEN\FUCKYOU\VSSLN\FREEIMAGE\SOURCE\ZLIB\ZLIB.DIR\DEBUG\ADLER32.OBJ
E:\DONOTOPEN\FUCKYOU\VSSLN\FreeImage\Source\ZLib\ZLib.dir\Debug\cl.command.1.tlog
E:\DONOTOPEN\FUCKYOU\VSSLN\FreeImage\Source\ZLib\ZLib.dir\Debug\CL.read.1.tlog
E:\DONOTOPEN\FUCKYOU\VSSLN\FreeImage\Source\ZLib\ZLib.dir\Debug\CL.write.1.tlog
E:\DONOTOPEN\FUCKYOU\VSSLN\FREEIMAGE\SOURCE\ZLIB\ZLIB.DIR\DEBUG\COMPRESS.OBJ
E:\DONOTOPEN\FUCKYOU\VSSLN\FREEIMAGE\SOURCE\ZLIB\ZLIB.DIR\DEBUG\CRC32.OBJ
E:\DONOTOPEN\FUCKYOU\VSSLN\FreeImage\Source\ZLib\ZLib.dir\Debug\custombuild.command.1.tlog
E:\DONOTOPEN\FUCKYOU\VSSLN\FreeImage\Source\ZLib\ZLib.dir\Debug\custombuild.read.1.tlog
E:\DONOTOPEN\FUCKYOU\VSSLN\FreeImage\Source\ZLib\ZLib.dir\Debug\custombuild.write.1.tlog
E:\DONOTOPEN\FUCKYOU\VSSLN\FREEIMAGE\SOURCE\ZLIB\ZLIB.DIR\DEBUG\DEFLATE.OBJ
E:\DONOTOPEN\FUCKYOU\VSSLN\FREEIMAGE\SOURCE\ZLIB\ZLIB.DIR\DEBUG\EXAMPLE.OBJ
E:\DONOTOPEN\FUCKYOU\VSSLN\FREEIMAGE\SOURCE\ZLIB\ZLIB.DIR\DEBUG\GZIO.OBJ
E:\DONOTOPEN\FUCKYOU\VSSLN\FREEIMAGE\SOURCE\ZLIB\ZLIB.DIR\DEBUG\INFBACK.OBJ
E:\DONOTOPEN\FUCKYOU\VSSLN\FREEIMAGE\SOURCE\ZLIB\ZLIB.DIR\DEBUG\INFFAST.OBJ
E:\DONOTOPEN\FUCKYOU\VSSLN\FREEIMAGE\SOURCE\ZLIB\ZLIB.DIR\DEBUG\INFLATE.OBJ
E:\DONOTOPEN\FUCKYOU\VSSLN\FREEIMAGE\SOURCE\ZLIB\ZLIB.DIR\DEBUG\INFTREES.OBJ
E:\DONOTOPEN\FUCKYOU\VSSLN\FreeImage\Source\ZLib\ZLib.dir\Debug\lib.command.1.tlog
E:\DONOTOPEN\FUCKYOU\VSSLN\FreeImage\Source\ZLib\ZLib.dir\Debug\Lib.read.1.tlog
E:\DONOTOPEN\FUCKYOU\VSSLN\FreeImage\Source\ZLib\ZLib.dir\Debug\Lib-link.read.1.tlog
E:\DONOTOPEN\FUCKYOU\VSSLN\FreeImage\Source\ZLib\ZLib.dir\Debug\Lib-link.write.1.tlog
E:\DONOTOPEN\FUCKYOU\VSSLN\FREEIMAGE\SOURCE\ZLIB\ZLIB.DIR\DEBUG\MINIGZIP.OBJ
E:\DONOTOPEN\FUCKYOU\VSSLN\FREEIMAGE\SOURCE\ZLIB\ZLIB.DIR\DEBUG\TREES.OBJ
E:\DONOTOPEN\FUCKYOU\VSSLN\FREEIMAGE\SOURCE\ZLIB\ZLIB.DIR\DEBUG\UNCOMPR.OBJ
E:\DONOTOPEN\FUCKYOU\VSSLN\FreeImage\Source\ZLib\ZLib.dir\Debug\ZLib.write.1.tlog
E:\DONOTOPEN\FUCKYOU\VSSLN\FREEIMAGE\SOURCE\ZLIB\ZLIB.DIR\DEBUG\ZUTIL.OBJ
