  SubTitleLoader.cpp
e:\donotopen\fuckyou\catfish\game\subtitleloader.cpp : warning C4819: The file contains a character that cannot be represented in the current code page (936). Save the file in Unicode format to prevent data loss
e:\donotopen\fuckyou\catfish\game\subtitleloader.h : warning C4819: The file contains a character that cannot be represented in the current code page (936). Save the file in Unicode format to prevent data loss
e:\donotopen\fuckyou\catfish\game\rhythm\subtitle.h : warning C4819: The file contains a character that cannot be represented in the current code page (936). Save the file in Unicode format to prevent data loss
e:\donotopen\fuckyou\catfish\game\rhythm\subtitle.h(48): error C2039: 'vector2' : is not a member of 'Math'
e:\donotopen\fuckyou\catfish\game\rhythm\subtitle.h(48): error C2143: syntax error : missing ';' before '<'
e:\donotopen\fuckyou\catfish\game\rhythm\subtitle.h(48): error C4430: missing type specifier - int assumed. Note: C++ does not support default-int
e:\donotopen\fuckyou\catfish\game\rhythm\subtitle.h(48): error C2238: unexpected token(s) preceding ';'
e:\donotopen\fuckyou\catfish\game\rhythm\subtitle.h(49): error C2039: 'vector2' : is not a member of 'Math'
e:\donotopen\fuckyou\catfish\game\rhythm\subtitle.h(49): error C2143: syntax error : missing ';' before '<'
e:\donotopen\fuckyou\catfish\game\rhythm\subtitle.h(49): error C4430: missing type specifier - int assumed. Note: C++ does not support default-int
e:\donotopen\fuckyou\catfish\game\rhythm\subtitle.h(49): error C2238: unexpected token(s) preceding ';'
e:\donotopen\fuckyou\catfish\game\rhythm\subtitle.h(50): error C2039: 'vector2' : is not a member of 'Math'
e:\donotopen\fuckyou\catfish\game\rhythm\subtitle.h(50): error C2143: syntax error : missing ';' before '<'
e:\donotopen\fuckyou\catfish\game\rhythm\subtitle.h(50): error C4430: missing type specifier - int assumed. Note: C++ does not support default-int
e:\donotopen\fuckyou\catfish\game\rhythm\subtitle.h(50): error C2238: unexpected token(s) preceding ';'
e:\donotopen\fuckyou\catfish\resourcephraser\resmgr.h(35): warning C4251: 'Resource::ResMgr::m_ResMap' : class 'std::map<_Kty,_Ty>' needs to have dll-interface to be used by clients of class 'Resource::ResMgr'
          with
          [
              _Kty=unsigned int,
              _Ty=Resource::Res *
          ]
e:\donotopen\fuckyou\catfish\resourcephraser\resmgr.h(36): warning C4251: 'Resource::ResMgr::m_strBasePath' : class 'std::basic_string<_Elem,_Traits,_Ax>' needs to have dll-interface to be used by clients of class 'Resource::ResMgr'
          with
          [
              _Elem=char,
              _Traits=std::char_traits<char>,
              _Ax=std::allocator<char>
          ]
e:\donotopen\fuckyou\catfish\game\strutil.h : warning C4819: The file contains a character that cannot be represented in the current code page (936). Save the file in Unicode format to prevent data loss
e:\donotopen\fuckyou\catfish\game\rhythm\subtitle.h : warning C4819: The file contains a character that cannot be represented in the current code page (936). Save the file in Unicode format to prevent data loss
  StageLoader.cpp
e:\donotopen\fuckyou\catfish\game\stageloader.cpp : warning C4819: The file contains a character that cannot be represented in the current code page (936). Save the file in Unicode format to prevent data loss
e:\donotopen\fuckyou\catfish\game\stageloader.h : warning C4819: The file contains a character that cannot be represented in the current code page (936). Save the file in Unicode format to prevent data loss
e:\donotopen\fuckyou\catfish\game\mikurhythmstage.h : warning C4819: The file contains a character that cannot be represented in the current code page (936). Save the file in Unicode format to prevent data loss
e:\donotopen\fuckyou\catfish\game\rhythm\rhythm.h : warning C4819: The file contains a character that cannot be represented in the current code page (936). Save the file in Unicode format to prevent data loss
e:\donotopen\fuckyou\catfish\game\rhythm\rhythm.h(34): error C2039: 'vector2' : is not a member of 'Math'
e:\donotopen\fuckyou\catfish\game\rhythm\rhythm.h(34): error C4430: missing type specifier - int assumed. Note: C++ does not support default-int
e:\donotopen\fuckyou\catfish\game\rhythm\rhythm.h(34): error C2143: syntax error : missing ',' before '<'
e:\donotopen\fuckyou\catfish\game\rhythm\rhythm.h(86): error C2039: 'vector2' : is not a member of 'Math'
e:\donotopen\fuckyou\catfish\game\rhythm\rhythm.h(86): error C4430: missing type specifier - int assumed. Note: C++ does not support default-int
e:\donotopen\fuckyou\catfish\game\rhythm\rhythm.h(86): error C2143: syntax error : missing ',' before '<'
e:\donotopen\fuckyou\catfish\game\rhythm\rhythm.h(108): error C2039: 'vector2' : is not a member of 'Math'
e:\donotopen\fuckyou\catfish\game\rhythm\rhythm.h(108): error C2143: syntax error : missing ';' before '<'
e:\donotopen\fuckyou\catfish\game\rhythm\rhythm.h(108): error C4430: missing type specifier - int assumed. Note: C++ does not support default-int
e:\donotopen\fuckyou\catfish\game\rhythm\rhythm.h(108): error C2238: unexpected token(s) preceding ';'
e:\donotopen\fuckyou\catfish\game\rhythm\rhythm.h(109): error C2039: 'vector2' : is not a member of 'Math'
e:\donotopen\fuckyou\catfish\game\rhythm\rhythm.h(109): error C2143: syntax error : missing ';' before '<'
e:\donotopen\fuckyou\catfish\game\rhythm\rhythm.h(109): error C4430: missing type specifier - int assumed. Note: C++ does not support default-int
e:\donotopen\fuckyou\catfish\game\rhythm\rhythm.h(109): error C2238: unexpected token(s) preceding ';'
e:\donotopen\fuckyou\catfish\game\rhythm\rhythm.h(79): warning C4150: deletion of pointer to incomplete type 'Sprite::Sprite2D'; no destructor called
          e:\donotopen\fuckyou\catfish\game\rhythm\rhythm.h(15) : see declaration of 'Sprite::Sprite2D'
e:\donotopen\fuckyou\catfish\game\rhythm\rhythm.h(83): warning C4150: deletion of pointer to incomplete type 'Sprite::Sprite2D'; no destructor called
          e:\donotopen\fuckyou\catfish\game\rhythm\rhythm.h(15) : see declaration of 'Sprite::Sprite2D'
e:\donotopen\fuckyou\catfish\game\mikurhythmstage.h(42): warning C4150: deletion of pointer to incomplete type 'MikuGame::BackGround'; no destructor called
          e:\donotopen\fuckyou\catfish\game\stageloader.h(16) : see declaration of 'MikuGame::BackGround'
e:\donotopen\fuckyou\catfish\resourcephraser\resmgr.h(35): warning C4251: 'Resource::ResMgr::m_ResMap' : class 'std::map<_Kty,_Ty>' needs to have dll-interface to be used by clients of class 'Resource::ResMgr'
          with
          [
              _Kty=unsigned int,
              _Ty=Resource::Res *
          ]
e:\donotopen\fuckyou\catfish\resourcephraser\resmgr.h(36): warning C4251: 'Resource::ResMgr::m_strBasePath' : class 'std::basic_string<_Elem,_Traits,_Ax>' needs to have dll-interface to be used by clients of class 'Resource::ResMgr'
          with
          [
              _Elem=char,
              _Traits=std::char_traits<char>,
              _Ax=std::allocator<char>
          ]
e:\donotopen\fuckyou\catfish\game\rhythm\rhythm.h : warning C4819: The file contains a character that cannot be represented in the current code page (936). Save the file in Unicode format to prevent data loss
e:\donotopen\fuckyou\catfish\game\rhythm\background.h : warning C4819: The file contains a character that cannot be represented in the current code page (936). Save the file in Unicode format to prevent data loss
e:\donotopen\fuckyou\catfish\game\rhythm\background.h(25): error C2039: 'vector2' : is not a member of 'Math'
e:\donotopen\fuckyou\catfish\game\rhythm\background.h(25): error C2143: syntax error : missing ';' before '<'
e:\donotopen\fuckyou\catfish\game\rhythm\background.h(25): error C4430: missing type specifier - int assumed. Note: C++ does not support default-int
e:\donotopen\fuckyou\catfish\game\rhythm\background.h(25): error C2238: unexpected token(s) preceding ';'
e:\donotopen\fuckyou\catfish\game\rhythm\background.h(26): error C2039: 'vector2' : is not a member of 'Math'
e:\donotopen\fuckyou\catfish\game\rhythm\background.h(26): error C2143: syntax error : missing ';' before '<'
e:\donotopen\fuckyou\catfish\game\rhythm\background.h(26): error C4430: missing type specifier - int assumed. Note: C++ does not support default-int
e:\donotopen\fuckyou\catfish\game\rhythm\background.h(26): error C2238: unexpected token(s) preceding ';'
e:\donotopen\fuckyou\catfish\game\strutil.h : warning C4819: The file contains a character that cannot be represented in the current code page (936). Save the file in Unicode format to prevent data loss
e:\donotopen\fuckyou\catfish\game\stageloader.cpp(46): error C2039: 'Position' : is not a member of 'MikuGame::BgPic'
          e:\donotopen\fuckyou\catfish\game\rhythm\background.h(22) : see declaration of 'MikuGame::BgPic'
e:\donotopen\fuckyou\catfish\game\stageloader.cpp(46): error C2228: left of '.m_x' must have class/struct/union
e:\donotopen\fuckyou\catfish\game\stageloader.cpp(48): error C2039: 'Position' : is not a member of 'MikuGame::BgPic'
          e:\donotopen\fuckyou\catfish\game\rhythm\background.h(22) : see declaration of 'MikuGame::BgPic'
e:\donotopen\fuckyou\catfish\game\stageloader.cpp(48): error C2228: left of '.m_y' must have class/struct/union
e:\donotopen\fuckyou\catfish\game\stageloader.cpp(50): error C2039: 'Scale' : is not a member of 'MikuGame::BgPic'
          e:\donotopen\fuckyou\catfish\game\rhythm\background.h(22) : see declaration of 'MikuGame::BgPic'
e:\donotopen\fuckyou\catfish\game\stageloader.cpp(50): error C2228: left of '.m_x' must have class/struct/union
e:\donotopen\fuckyou\catfish\game\stageloader.cpp(52): error C2039: 'Scale' : is not a member of 'MikuGame::BgPic'
          e:\donotopen\fuckyou\catfish\game\rhythm\background.h(22) : see declaration of 'MikuGame::BgPic'
e:\donotopen\fuckyou\catfish\game\stageloader.cpp(52): error C2228: left of '.m_y' must have class/struct/union
e:\donotopen\fuckyou\catfish\game\stageloader.cpp(73): error C2039: 'vector2' : is not a member of 'Math'
e:\donotopen\fuckyou\catfish\game\stageloader.cpp(73): error C2065: 'vector2' : undeclared identifier
e:\donotopen\fuckyou\catfish\game\stageloader.cpp(73): error C2062: type 'int' unexpected
e:\donotopen\fuckyou\catfish\game\stageloader.cpp(75): error C2065: 'pos' : undeclared identifier
e:\donotopen\fuckyou\catfish\game\stageloader.cpp(75): error C2228: left of '.m_x' must have class/struct/union
          type is ''unknown-type''
e:\donotopen\fuckyou\catfish\game\stageloader.cpp(77): error C2065: 'pos' : undeclared identifier
e:\donotopen\fuckyou\catfish\game\stageloader.cpp(77): error C2228: left of '.m_y' must have class/struct/union
          type is ''unknown-type''
e:\donotopen\fuckyou\catfish\game\stageloader.cpp(79): error C2039: 'vector2' : is not a member of 'Math'
e:\donotopen\fuckyou\catfish\game\stageloader.cpp(79): error C2065: 'vector2' : undeclared identifier
e:\donotopen\fuckyou\catfish\game\stageloader.cpp(79): error C2062: type 'float' unexpected
e:\donotopen\fuckyou\catfish\game\stageloader.cpp(81): error C2065: 'scale' : undeclared identifier
e:\donotopen\fuckyou\catfish\game\stageloader.cpp(81): error C2228: left of '.m_x' must have class/struct/union
          type is ''unknown-type''
e:\donotopen\fuckyou\catfish\game\stageloader.cpp(83): error C2065: 'scale' : undeclared identifier
e:\donotopen\fuckyou\catfish\game\stageloader.cpp(83): error C2228: left of '.m_y' must have class/struct/union
          type is ''unknown-type''
e:\donotopen\fuckyou\catfish\game\stageloader.cpp(87): warning C4244: '=' : conversion from 'double' to 'float', possible loss of data
e:\donotopen\fuckyou\catfish\game\stageloader.cpp(91): warning C4244: '=' : conversion from 'double' to 'float', possible loss of data
e:\donotopen\fuckyou\catfish\game\stageloader.cpp(95): warning C4244: '=' : conversion from 'double' to 'float', possible loss of data
e:\donotopen\fuckyou\catfish\game\stageloader.cpp(97): error C2065: 'pos' : undeclared identifier
e:\donotopen\fuckyou\catfish\game\stageloader.cpp(97): error C2065: 'scale' : undeclared identifier
  Selector.cpp
e:\donotopen\fuckyou\catfish\game\selector.cpp : warning C4819: The file contains a character that cannot be represented in the current code page (936). Save the file in Unicode format to prevent data loss
e:\donotopen\fuckyou\catfish\game\selector.h : warning C4819: The file contains a character that cannot be represented in the current code page (936). Save the file in Unicode format to prevent data loss
e:\donotopen\fuckyou\catfish\game\gamestate.h : warning C4819: The file contains a character that cannot be represented in the current code page (936). Save the file in Unicode format to prevent data loss
e:\donotopen\fuckyou\catfish\game\selector.h(84): error C2039: 'vector2' : is not a member of 'Math'
e:\donotopen\fuckyou\catfish\game\selector.h(84): error C2143: syntax error : missing ';' before '<'
e:\donotopen\fuckyou\catfish\game\selector.h(84): error C4430: missing type specifier - int assumed. Note: C++ does not support default-int
e:\donotopen\fuckyou\catfish\game\selector.h(84): error C2238: unexpected token(s) preceding ';'
e:\donotopen\fuckyou\catfish\app\input.h : warning C4819: The file contains a character that cannot be represented in the current code page (936). Save the file in Unicode format to prevent data loss
e:\donotopen\fuckyou\catfish\sprite2d\lable.h : warning C4819: The file contains a character that cannot be represented in the current code page (936). Save the file in Unicode format to prevent data loss
e:\donotopen\fuckyou\catfish\font\font.h : warning C4819: The file contains a character that cannot be represented in the current code page (936). Save the file in Unicode format to prevent data loss
e:\donotopen\fuckyou\catfish\font\font.h(59): warning C4251: 'FontSys::FontSystem::m_vecBitmap' : class 'std::vector<_Ty>' needs to have dll-interface to be used by clients of class 'FontSys::FontSystem'
          with
          [
              _Ty=FontSys::FChar
          ]
e:\donotopen\fuckyou\catfish\resourcephraser\res.h(15): warning C4251: 'Resource::Res::m_Path' : class 'std::basic_string<_Elem,_Traits,_Ax>' needs to have dll-interface to be used by clients of class 'Resource::Res'
          with
          [
              _Elem=char,
              _Traits=std::char_traits<char>,
              _Ax=std::allocator<char>
          ]
e:\donotopen\fuckyou\catfish\sprite2d\cavans.h : warning C4819: The file contains a character that cannot be represented in the current code page (936). Save the file in Unicode format to prevent data loss
e:\donotopen\fuckyou\catfish\game\selector.cpp(41): error C2039: 'vector2' : is not a member of 'Math'
e:\donotopen\fuckyou\catfish\game\selector.cpp(41): error C2065: 'vector2' : undeclared identifier
e:\donotopen\fuckyou\catfish\game\selector.cpp(41): error C2062: type 'int' unexpected
e:\donotopen\fuckyou\catfish\game\selector.cpp(41): error C2039: 'vector2' : is not a member of 'Math'
e:\donotopen\fuckyou\catfish\game\selector.cpp(46): error C2039: 'vector2' : is not a member of 'Math'
e:\donotopen\fuckyou\catfish\game\selector.cpp(46): error C2065: 'vector2' : undeclared identifier
e:\donotopen\fuckyou\catfish\game\selector.cpp(46): error C2062: type 'int' unexpected
e:\donotopen\fuckyou\catfish\game\selector.cpp(48): error C2039: 'vector2' : is not a member of 'Math'
e:\donotopen\fuckyou\catfish\game\selector.cpp(48): error C2065: 'vector2' : undeclared identifier
e:\donotopen\fuckyou\catfish\game\selector.cpp(48): error C2062: type 'float' unexpected
e:\donotopen\fuckyou\catfish\game\selector.cpp(49): error C2065: '_scale' : undeclared identifier
e:\donotopen\fuckyou\catfish\game\selector.cpp(49): error C2228: left of '.m_x' must have class/struct/union
          type is ''unknown-type''
e:\donotopen\fuckyou\catfish\game\selector.cpp(49): error C2065: '_cavansSize' : undeclared identifier
e:\donotopen\fuckyou\catfish\game\selector.cpp(49): error C2228: left of '.m_x' must have class/struct/union
          type is ''unknown-type''
e:\donotopen\fuckyou\catfish\game\selector.cpp(50): error C2065: '_scale' : undeclared identifier
e:\donotopen\fuckyou\catfish\game\selector.cpp(50): error C2228: left of '.m_y' must have class/struct/union
          type is ''unknown-type''
e:\donotopen\fuckyou\catfish\game\selector.cpp(50): error C2065: '_cavansSize' : undeclared identifier
e:\donotopen\fuckyou\catfish\game\selector.cpp(50): error C2228: left of '.m_y' must have class/struct/union
          type is ''unknown-type''
e:\donotopen\fuckyou\catfish\game\selector.cpp(51): error C2065: '_scale' : undeclared identifier
e:\donotopen\fuckyou\catfish\game\selector.cpp(65): warning C4018: '<' : signed/unsigned mismatch
e:\donotopen\fuckyou\catfish\game\selector.cpp(91): error C2039: 'vector2' : is not a member of 'Math'
e:\donotopen\fuckyou\catfish\game\selector.cpp(91): error C2065: 'vector2' : undeclared identifier
e:\donotopen\fuckyou\catfish\game\selector.cpp(91): error C2062: type 'int' unexpected
e:\donotopen\fuckyou\catfish\game\selector.cpp(118): error C2039: 'IsInRect' : is not a member of 'Math'
e:\donotopen\fuckyou\catfish\game\selector.cpp(118): error C2065: 'IsInRect' : undeclared identifier
e:\donotopen\fuckyou\catfish\game\selector.cpp(118): error C2062: type 'int' unexpected
e:\donotopen\fuckyou\catfish\game\selector.cpp(118): error C2039: 'vector2' : is not a member of 'Math'
e:\donotopen\fuckyou\catfish\game\selector.cpp(119): error C2143: syntax error : missing ';' before '{'
e:\donotopen\fuckyou\catfish\game\selector.cpp(123): error C2181: illegal else without matching if
e:\donotopen\fuckyou\catfish\game\selector.cpp(125): error C2065: 'm_StartDragPos' : undeclared identifier
e:\donotopen\fuckyou\catfish\game\selector.cpp(125): error C2228: left of '.m_x' must have class/struct/union
          type is ''unknown-type''
e:\donotopen\fuckyou\catfish\game\selector.cpp(126): error C2065: 'm_StartDragPos' : undeclared identifier
e:\donotopen\fuckyou\catfish\game\selector.cpp(126): error C2228: left of '.m_y' must have class/struct/union
          type is ''unknown-type''
e:\donotopen\fuckyou\catfish\game\selector.cpp(130): error C2065: 'm_StartDragPos' : undeclared identifier
e:\donotopen\fuckyou\catfish\game\selector.cpp(130): error C2228: left of '.m_x' must have class/struct/union
          type is ''unknown-type''
e:\donotopen\fuckyou\catfish\game\selector.cpp(131): error C2065: 'm_StartDragPos' : undeclared identifier
e:\donotopen\fuckyou\catfish\game\selector.cpp(131): error C2228: left of '.m_y' must have class/struct/union
          type is ''unknown-type''
e:\donotopen\fuckyou\catfish\game\selector.cpp(159): warning C4018: '<' : signed/unsigned mismatch
e:\donotopen\fuckyou\catfish\game\selector.cpp(171): error C2039: 'vector2' : is not a member of 'Math'
e:\donotopen\fuckyou\catfish\game\selector.cpp(171): error C2065: 'vector2' : undeclared identifier
e:\donotopen\fuckyou\catfish\game\selector.cpp(171): error C2062: type 'int' unexpected
e:\donotopen\fuckyou\catfish\game\selector.cpp(172): error C2065: '_pos' : undeclared identifier
e:\donotopen\fuckyou\catfish\game\selector.cpp(172): error C2228: left of '.m_y' must have class/struct/union
          type is ''unknown-type''
e:\donotopen\fuckyou\catfish\game\selector.cpp(173): error C2065: '_pos' : undeclared identifier
e:\donotopen\fuckyou\catfish\game\selector.cpp(186): error C2039: 'vector2' : is not a member of 'Math'
e:\donotopen\fuckyou\catfish\game\selector.cpp(186): error C2065: 'vector2' : undeclared identifier
e:\donotopen\fuckyou\catfish\game\selector.cpp(186): error C2062: type 'int' unexpected
e:\donotopen\fuckyou\catfish\game\selector.cpp(187): error C2065: '_lastpos' : undeclared identifier
e:\donotopen\fuckyou\catfish\game\selector.cpp(187): error C2228: left of '.m_y' must have class/struct/union
          type is ''unknown-type''
e:\donotopen\fuckyou\catfish\game\selector.cpp(194): warning C4018: '<' : signed/unsigned mismatch
e:\donotopen\fuckyou\catfish\game\selector.cpp(196): error C2039: 'vector2' : is not a member of 'Math'
e:\donotopen\fuckyou\catfish\game\selector.cpp(196): error C2065: 'vector2' : undeclared identifier
e:\donotopen\fuckyou\catfish\game\selector.cpp(196): error C2062: type 'int' unexpected
e:\donotopen\fuckyou\catfish\game\selector.cpp(197): error C2065: 'pos' : undeclared identifier
e:\donotopen\fuckyou\catfish\game\selector.cpp(197): error C2228: left of '.m_y' must have class/struct/union
          type is ''unknown-type''
e:\donotopen\fuckyou\catfish\game\selector.cpp(198): error C2065: 'pos' : undeclared identifier
e:\donotopen\fuckyou\catfish\game\selector.cpp(208): error C2039: 'vector2' : is not a member of 'Math'
e:\donotopen\fuckyou\catfish\game\selector.cpp(208): error C2065: 'vector2' : undeclared identifier
e:\donotopen\fuckyou\catfish\game\selector.cpp(208): error C2062: type 'int' unexpected
e:\donotopen\fuckyou\catfish\game\selector.cpp(209): error C2065: '_nextpos' : undeclared identifier
e:\donotopen\fuckyou\catfish\game\selector.cpp(209): error C2228: left of '.m_y' must have class/struct/union
          type is ''unknown-type''
e:\donotopen\fuckyou\catfish\game\selector.cpp(217): warning C4018: '<' : signed/unsigned mismatch
e:\donotopen\fuckyou\catfish\game\selector.cpp(219): error C2039: 'vector2' : is not a member of 'Math'
e:\donotopen\fuckyou\catfish\game\selector.cpp(219): error C2065: 'vector2' : undeclared identifier
e:\donotopen\fuckyou\catfish\game\selector.cpp(219): error C2062: type 'int' unexpected
e:\donotopen\fuckyou\catfish\game\selector.cpp(220): error C2065: 'pos' : undeclared identifier
e:\donotopen\fuckyou\catfish\game\selector.cpp(220): error C2228: left of '.m_y' must have class/struct/union
          type is ''unknown-type''
e:\donotopen\fuckyou\catfish\game\selector.cpp(221): error C2065: 'pos' : undeclared identifier
  SubTitle.cpp
e:\donotopen\fuckyou\catfish\game\rhythm\subtitle.cpp : warning C4819: The file contains a character that cannot be represented in the current code page (936). Save the file in Unicode format to prevent data loss
e:\donotopen\fuckyou\catfish\game\rhythm\subtitle.h : warning C4819: The file contains a character that cannot be represented in the current code page (936). Save the file in Unicode format to prevent data loss
e:\donotopen\fuckyou\catfish\game\rhythm\subtitle.h(48): error C2039: 'vector2' : is not a member of 'Math'
e:\donotopen\fuckyou\catfish\game\rhythm\subtitle.h(48): error C2143: syntax error : missing ';' before '<'
e:\donotopen\fuckyou\catfish\game\rhythm\subtitle.h(48): error C4430: missing type specifier - int assumed. Note: C++ does not support default-int
e:\donotopen\fuckyou\catfish\game\rhythm\subtitle.h(48): error C2238: unexpected token(s) preceding ';'
e:\donotopen\fuckyou\catfish\game\rhythm\subtitle.h(49): error C2039: 'vector2' : is not a member of 'Math'
e:\donotopen\fuckyou\catfish\game\rhythm\subtitle.h(49): error C2143: syntax error : missing ';' before '<'
e:\donotopen\fuckyou\catfish\game\rhythm\subtitle.h(49): error C4430: missing type specifier - int assumed. Note: C++ does not support default-int
e:\donotopen\fuckyou\catfish\game\rhythm\subtitle.h(49): error C2238: unexpected token(s) preceding ';'
e:\donotopen\fuckyou\catfish\game\rhythm\subtitle.h(50): error C2039: 'vector2' : is not a member of 'Math'
e:\donotopen\fuckyou\catfish\game\rhythm\subtitle.h(50): error C2143: syntax error : missing ';' before '<'
e:\donotopen\fuckyou\catfish\game\rhythm\subtitle.h(50): error C4430: missing type specifier - int assumed. Note: C++ does not support default-int
e:\donotopen\fuckyou\catfish\game\rhythm\subtitle.h(50): error C2238: unexpected token(s) preceding ';'
e:\donotopen\fuckyou\catfish\font\font.h : warning C4819: The file contains a character that cannot be represented in the current code page (936). Save the file in Unicode format to prevent data loss
e:\donotopen\fuckyou\catfish\font\font.h(59): warning C4251: 'FontSys::FontSystem::m_vecBitmap' : class 'std::vector<_Ty>' needs to have dll-interface to be used by clients of class 'FontSys::FontSystem'
          with
          [
              _Ty=FontSys::FChar
          ]
e:\donotopen\fuckyou\catfish\sprite2d\lable.h : warning C4819: The file contains a character that cannot be represented in the current code page (936). Save the file in Unicode format to prevent data loss
e:\donotopen\fuckyou\catfish\font\font.h : warning C4819: The file contains a character that cannot be represented in the current code page (936). Save the file in Unicode format to prevent data loss
e:\donotopen\fuckyou\catfish\game\rhythm\subtitle.cpp(20): error C2065: 'm_Position' : undeclared identifier
e:\donotopen\fuckyou\catfish\game\rhythm\subtitle.cpp(20): error C2228: left of '.m_x' must have class/struct/union
          type is ''unknown-type''
e:\donotopen\fuckyou\catfish\game\rhythm\subtitle.cpp(21): error C2065: 'm_Position' : undeclared identifier
e:\donotopen\fuckyou\catfish\game\rhythm\subtitle.cpp(21): error C2228: left of '.m_y' must have class/struct/union
          type is ''unknown-type''
e:\donotopen\fuckyou\catfish\game\rhythm\subtitle.cpp(22): error C2065: 'm_Scale' : undeclared identifier
e:\donotopen\fuckyou\catfish\game\rhythm\subtitle.cpp(22): error C2228: left of '.m_x' must have class/struct/union
          type is ''unknown-type''
e:\donotopen\fuckyou\catfish\game\rhythm\subtitle.cpp(23): error C2065: 'm_Scale' : undeclared identifier
e:\donotopen\fuckyou\catfish\game\rhythm\subtitle.cpp(23): error C2228: left of '.m_y' must have class/struct/union
          type is ''unknown-type''
e:\donotopen\fuckyou\catfish\game\rhythm\subtitle.cpp(24): error C2065: 'm_Size' : undeclared identifier
e:\donotopen\fuckyou\catfish\game\rhythm\subtitle.cpp(24): error C2228: left of '.m_x' must have class/struct/union
          type is ''unknown-type''
e:\donotopen\fuckyou\catfish\game\rhythm\subtitle.cpp(25): error C2065: 'm_Size' : undeclared identifier
e:\donotopen\fuckyou\catfish\game\rhythm\subtitle.cpp(25): error C2228: left of '.m_y' must have class/struct/union
          type is ''unknown-type''
e:\donotopen\fuckyou\catfish\game\rhythm\subtitle.cpp(40): error C2065: 'm_Size' : undeclared identifier
e:\donotopen\fuckyou\catfish\game\rhythm\subtitle.cpp(40): error C2228: left of '.m_x' must have class/struct/union
          type is ''unknown-type''
e:\donotopen\fuckyou\catfish\game\rhythm\subtitle.cpp(40): error C2065: 'm_Size' : undeclared identifier
e:\donotopen\fuckyou\catfish\game\rhythm\subtitle.cpp(40): error C2228: left of '.m_y' must have class/struct/union
          type is ''unknown-type''
e:\donotopen\fuckyou\catfish\game\rhythm\subtitle.cpp(40): error C2065: 'm_Position' : undeclared identifier
e:\donotopen\fuckyou\catfish\game\rhythm\subtitle.cpp(40): error C2065: 'm_Scale' : undeclared identifier
e:\donotopen\fuckyou\catfish\game\rhythm\subtitle.cpp(66): warning C4018: '>=' : signed/unsigned mismatch
  Rhythm.cpp
e:\donotopen\fuckyou\catfish\game\rhythm\rhythm.cpp : warning C4819: The file contains a character that cannot be represented in the current code page (936). Save the file in Unicode format to prevent data loss
e:\donotopen\fuckyou\catfish\game\rhythm\rhythm.h : warning C4819: The file contains a character that cannot be represented in the current code page (936). Save the file in Unicode format to prevent data loss
e:\donotopen\fuckyou\catfish\game\rhythm\rhythm.h(34): error C2039: 'vector2' : is not a member of 'Math'
e:\donotopen\fuckyou\catfish\game\rhythm\rhythm.h(34): error C4430: missing type specifier - int assumed. Note: C++ does not support default-int
e:\donotopen\fuckyou\catfish\game\rhythm\rhythm.h(34): error C2143: syntax error : missing ',' before '<'
e:\donotopen\fuckyou\catfish\game\rhythm\rhythm.h(86): error C2039: 'vector2' : is not a member of 'Math'
e:\donotopen\fuckyou\catfish\game\rhythm\rhythm.h(86): error C4430: missing type specifier - int assumed. Note: C++ does not support default-int
e:\donotopen\fuckyou\catfish\game\rhythm\rhythm.h(86): error C2143: syntax error : missing ',' before '<'
e:\donotopen\fuckyou\catfish\game\rhythm\rhythm.h(108): error C2039: 'vector2' : is not a member of 'Math'
e:\donotopen\fuckyou\catfish\game\rhythm\rhythm.h(108): error C2143: syntax error : missing ';' before '<'
e:\donotopen\fuckyou\catfish\game\rhythm\rhythm.h(108): error C4430: missing type specifier - int assumed. Note: C++ does not support default-int
e:\donotopen\fuckyou\catfish\game\rhythm\rhythm.h(108): error C2238: unexpected token(s) preceding ';'
e:\donotopen\fuckyou\catfish\game\rhythm\rhythm.h(109): error C2039: 'vector2' : is not a member of 'Math'
e:\donotopen\fuckyou\catfish\game\rhythm\rhythm.h(109): error C2143: syntax error : missing ';' before '<'
e:\donotopen\fuckyou\catfish\game\rhythm\rhythm.h(109): error C4430: missing type specifier - int assumed. Note: C++ does not support default-int
e:\donotopen\fuckyou\catfish\game\rhythm\rhythm.h(109): error C2238: unexpected token(s) preceding ';'
e:\donotopen\fuckyou\catfish\game\rhythm\rhythm.h(79): warning C4150: deletion of pointer to incomplete type 'Sprite::Sprite2D'; no destructor called
          e:\donotopen\fuckyou\catfish\game\rhythm\rhythm.h(15) : see declaration of 'Sprite::Sprite2D'
e:\donotopen\fuckyou\catfish\game\rhythm\rhythm.h(83): warning C4150: deletion of pointer to incomplete type 'Sprite::Sprite2D'; no destructor called
          e:\donotopen\fuckyou\catfish\game\rhythm\rhythm.h(15) : see declaration of 'Sprite::Sprite2D'
e:\donotopen\fuckyou\catfish\sprite2d\lable.h : warning C4819: The file contains a character that cannot be represented in the current code page (936). Save the file in Unicode format to prevent data loss
e:\donotopen\fuckyou\catfish\font\font.h : warning C4819: The file contains a character that cannot be represented in the current code page (936). Save the file in Unicode format to prevent data loss
e:\donotopen\fuckyou\catfish\font\font.h(59): warning C4251: 'FontSys::FontSystem::m_vecBitmap' : class 'std::vector<_Ty>' needs to have dll-interface to be used by clients of class 'FontSys::FontSystem'
          with
          [
              _Ty=FontSys::FChar
          ]
e:\donotopen\fuckyou\catfish\app\input.h : warning C4819: The file contains a character that cannot be represented in the current code page (936). Save the file in Unicode format to prevent data loss
e:\donotopen\fuckyou\catfish\app\timer.h : warning C4819: The file contains a character that cannot be represented in the current code page (936). Save the file in Unicode format to prevent data loss
e:\donotopen\fuckyou\catfish\app\gameapp.h : warning C4819: The file contains a character that cannot be represented in the current code page (936). Save the file in Unicode format to prevent data loss
e:\donotopen\fuckyou\catfish\game\rhythm\subtitle.h : warning C4819: The file contains a character that cannot be represented in the current code page (936). Save the file in Unicode format to prevent data loss
e:\donotopen\fuckyou\catfish\game\rhythm\subtitle.h(48): error C2039: 'vector2' : is not a member of 'Math'
e:\donotopen\fuckyou\catfish\game\rhythm\subtitle.h(48): error C2143: syntax error : missing ';' before '<'
e:\donotopen\fuckyou\catfish\game\rhythm\subtitle.h(48): error C4430: missing type specifier - int assumed. Note: C++ does not support default-int
e:\donotopen\fuckyou\catfish\game\rhythm\subtitle.h(48): error C2238: unexpected token(s) preceding ';'
e:\donotopen\fuckyou\catfish\game\rhythm\subtitle.h(49): error C2039: 'vector2' : is not a member of 'Math'
e:\donotopen\fuckyou\catfish\game\rhythm\subtitle.h(49): error C2143: syntax error : missing ';' before '<'
e:\donotopen\fuckyou\catfish\game\rhythm\subtitle.h(49): error C4430: missing type specifier - int assumed. Note: C++ does not support default-int
e:\donotopen\fuckyou\catfish\game\rhythm\subtitle.h(49): error C2238: unexpected token(s) preceding ';'
e:\donotopen\fuckyou\catfish\game\rhythm\subtitle.h(50): error C2039: 'vector2' : is not a member of 'Math'
e:\donotopen\fuckyou\catfish\game\rhythm\subtitle.h(50): error C2143: syntax error : missing ';' before '<'
e:\donotopen\fuckyou\catfish\game\rhythm\subtitle.h(50): error C4430: missing type specifier - int assumed. Note: C++ does not support default-int
e:\donotopen\fuckyou\catfish\game\rhythm\subtitle.h(50): error C2238: unexpected token(s) preceding ';'
e:\donotopen\fuckyou\catfish\game\mikurhythmstage.h : warning C4819: The file contains a character that cannot be represented in the current code page (936). Save the file in Unicode format to prevent data loss
e:\donotopen\fuckyou\catfish\game\rhythm\rhythm.h : warning C4819: The file contains a character that cannot be represented in the current code page (936). Save the file in Unicode format to prevent data loss
e:\donotopen\fuckyou\catfish\game\mikurhythmstage.h(42): warning C4150: deletion of pointer to incomplete type 'MikuGame::BackGround'; no destructor called
          e:\donotopen\fuckyou\catfish\game\mikurhythmstage.h(25) : see declaration of 'MikuGame::BackGround'
e:\donotopen\fuckyou\catfish\game\rhythm\rhythm.h : warning C4819: The file contains a character that cannot be represented in the current code page (936). Save the file in Unicode format to prevent data loss
e:\donotopen\fuckyou\catfish\game\subtitleloader.h : warning C4819: The file contains a character that cannot be represented in the current code page (936). Save the file in Unicode format to prevent data loss
e:\donotopen\fuckyou\catfish\game\rhythm\subtitle.h : warning C4819: The file contains a character that cannot be represented in the current code page (936). Save the file in Unicode format to prevent data loss
e:\donotopen\fuckyou\catfish\game\rhythm\subtitle.h : warning C4819: The file contains a character that cannot be represented in the current code page (936). Save the file in Unicode format to prevent data loss
e:\donotopen\fuckyou\catfish\game\clicktostart.h : warning C4819: The file contains a character that cannot be represented in the current code page (936). Save the file in Unicode format to prevent data loss
e:\donotopen\fuckyou\catfish\game\gamestate.h : warning C4819: The file contains a character that cannot be represented in the current code page (936). Save the file in Unicode format to prevent data loss
e:\donotopen\fuckyou\catfish\app\engineshell.h : warning C4819: The file contains a character that cannot be represented in the current code page (936). Save the file in Unicode format to prevent data loss
e:\donotopen\fuckyou\catfish\game\mikurhythmstage.h : warning C4819: The file contains a character that cannot be represented in the current code page (936). Save the file in Unicode format to prevent data loss
e:\donotopen\fuckyou\catfish\game\rhythm\rhythm.h : warning C4819: The file contains a character that cannot be represented in the current code page (936). Save the file in Unicode format to prevent data loss
e:\donotopen\fuckyou\catfish\game\subtitleloader.h : warning C4819: The file contains a character that cannot be represented in the current code page (936). Save the file in Unicode format to prevent data loss
e:\donotopen\fuckyou\catfish\game\rhythm\subtitle.h : warning C4819: The file contains a character that cannot be represented in the current code page (936). Save the file in Unicode format to prevent data loss
e:\donotopen\fuckyou\catfish\app\gameapp.h : warning C4819: The file contains a character that cannot be represented in the current code page (936). Save the file in Unicode format to prevent data loss
e:\donotopen\fuckyou\catfish\game\rhythm\rhythm.cpp(67): error C2039: 'vector2' : is not a member of 'Math'
e:\donotopen\fuckyou\catfish\game\rhythm\rhythm.cpp(67): error C4430: missing type specifier - int assumed. Note: C++ does not support default-int
e:\donotopen\fuckyou\catfish\game\rhythm\rhythm.cpp(67): error C2143: syntax error : missing ',' before '<'
e:\donotopen\fuckyou\catfish\game\rhythm\rhythm.cpp(84): error C2065: 'lastTime' : undeclared identifier
e:\donotopen\fuckyou\catfish\game\rhythm\rhythm.cpp(92): error C2065: 'pos' : undeclared identifier
e:\donotopen\fuckyou\catfish\game\rhythm\rhythm.cpp(92): error C2065: 'scale' : undeclared identifier
e:\donotopen\fuckyou\catfish\game\rhythm\rhythm.cpp(96): error C2065: 'pos' : undeclared identifier
e:\donotopen\fuckyou\catfish\game\rhythm\rhythm.cpp(96): error C2065: 'scale' : undeclared identifier
e:\donotopen\fuckyou\catfish\game\rhythm\rhythm.cpp(112): error C2039: 'vector2' : is not a member of 'Math'
e:\donotopen\fuckyou\catfish\game\rhythm\rhythm.cpp(112): error C4430: missing type specifier - int assumed. Note: C++ does not support default-int
e:\donotopen\fuckyou\catfish\game\rhythm\rhythm.cpp(112): error C2143: syntax error : missing ',' before '<'
e:\donotopen\fuckyou\catfish\game\rhythm\rhythm.cpp(115): error C2065: 'pos' : undeclared identifier
e:\donotopen\fuckyou\catfish\game\rhythm\rhythm.cpp(115): error C2065: 'scale' : undeclared identifier
e:\donotopen\fuckyou\catfish\game\rhythm\rhythm.cpp(116): error C2065: 'pos' : undeclared identifier
e:\donotopen\fuckyou\catfish\game\rhythm\rhythm.cpp(116): error C2065: 'scale' : undeclared identifier
e:\donotopen\fuckyou\catfish\game\rhythm\rhythm.cpp(117): error C2039: 'm_Position' : is not a member of 'MikuGame::Rhythm'
          e:\donotopen\fuckyou\catfish\game\rhythm\rhythm.h(63) : see declaration of 'MikuGame::Rhythm'
e:\donotopen\fuckyou\catfish\game\rhythm\rhythm.cpp(117): error C2065: 'pos' : undeclared identifier
e:\donotopen\fuckyou\catfish\game\rhythm\rhythm.cpp(118): error C2039: 'm_Scale' : is not a member of 'MikuGame::Rhythm'
          e:\donotopen\fuckyou\catfish\game\rhythm\rhythm.h(63) : see declaration of 'MikuGame::Rhythm'
e:\donotopen\fuckyou\catfish\game\rhythm\rhythm.cpp(118): error C2065: 'scale' : undeclared identifier
e:\donotopen\fuckyou\catfish\game\rhythm\rhythm.cpp(119): error C2065: 'explode' : undeclared identifier
e:\donotopen\fuckyou\catfish\game\rhythm\rhythm.cpp(120): error C2065: 'before' : undeclared identifier
e:\donotopen\fuckyou\catfish\game\rhythm\rhythm.cpp(121): error C2065: 'last' : undeclared identifier
e:\donotopen\fuckyou\catfish\game\rhythm\rhythm.cpp(140): error C2039: 'vector2' : is not a member of 'Math'
e:\donotopen\fuckyou\catfish\game\rhythm\rhythm.cpp(140): error C2065: 'vector2' : undeclared identifier
e:\donotopen\fuckyou\catfish\game\rhythm\rhythm.cpp(140): error C2062: type 'int' unexpected
e:\donotopen\fuckyou\catfish\game\rhythm\rhythm.cpp(142): error C2039: 'IsInRect' : is not a member of 'Math'
e:\donotopen\fuckyou\catfish\game\rhythm\rhythm.cpp(142): error C2065: 'IsInRect' : undeclared identifier
e:\donotopen\fuckyou\catfish\game\rhythm\rhythm.cpp(142): error C2062: type 'int' unexpected
e:\donotopen\fuckyou\catfish\game\rhythm\rhythm.cpp(143): error C2143: syntax error : missing ';' before '{'
e:\donotopen\fuckyou\catfish\game\rhythm\rhythm.cpp(234): warning C4244: 'initializing' : conversion from 'double' to 'float', possible loss of data
e:\donotopen\fuckyou\catfish\game\rhythm\rhythm.cpp(235): warning C4244: 'initializing' : conversion from 'double' to 'float', possible loss of data
  PressRhythm.cpp
e:\donotopen\fuckyou\catfish\game\rhythm\pressrhythm.cpp : warning C4819: The file contains a character that cannot be represented in the current code page (936). Save the file in Unicode format to prevent data loss
e:\donotopen\fuckyou\catfish\game\rhythm\pressrhythm.h : warning C4819: The file contains a character that cannot be represented in the current code page (936). Save the file in Unicode format to prevent data loss
e:\donotopen\fuckyou\catfish\game\rhythm\rhythm.h : warning C4819: The file contains a character that cannot be represented in the current code page (936). Save the file in Unicode format to prevent data loss
e:\donotopen\fuckyou\catfish\game\rhythm\rhythm.h(34): error C2039: 'vector2' : is not a member of 'Math'
e:\donotopen\fuckyou\catfish\game\rhythm\rhythm.h(34): error C4430: missing type specifier - int assumed. Note: C++ does not support default-int
e:\donotopen\fuckyou\catfish\game\rhythm\rhythm.h(34): error C2143: syntax error : missing ',' before '<'
e:\donotopen\fuckyou\catfish\game\rhythm\rhythm.h(86): error C2039: 'vector2' : is not a member of 'Math'
e:\donotopen\fuckyou\catfish\game\rhythm\rhythm.h(86): error C4430: missing type specifier - int assumed. Note: C++ does not support default-int
e:\donotopen\fuckyou\catfish\game\rhythm\rhythm.h(86): error C2143: syntax error : missing ',' before '<'
e:\donotopen\fuckyou\catfish\game\rhythm\rhythm.h(108): error C2039: 'vector2' : is not a member of 'Math'
e:\donotopen\fuckyou\catfish\game\rhythm\rhythm.h(108): error C2143: syntax error : missing ';' before '<'
e:\donotopen\fuckyou\catfish\game\rhythm\rhythm.h(108): error C4430: missing type specifier - int assumed. Note: C++ does not support default-int
e:\donotopen\fuckyou\catfish\game\rhythm\rhythm.h(108): error C2238: unexpected token(s) preceding ';'
e:\donotopen\fuckyou\catfish\game\rhythm\rhythm.h(109): error C2039: 'vector2' : is not a member of 'Math'
e:\donotopen\fuckyou\catfish\game\rhythm\rhythm.h(109): error C2143: syntax error : missing ';' before '<'
e:\donotopen\fuckyou\catfish\game\rhythm\rhythm.h(109): error C4430: missing type specifier - int assumed. Note: C++ does not support default-int
e:\donotopen\fuckyou\catfish\game\rhythm\rhythm.h(109): error C2238: unexpected token(s) preceding ';'
e:\donotopen\fuckyou\catfish\game\rhythm\rhythm.h(79): warning C4150: deletion of pointer to incomplete type 'Sprite::Sprite2D'; no destructor called
          e:\donotopen\fuckyou\catfish\game\rhythm\rhythm.h(15) : see declaration of 'Sprite::Sprite2D'
e:\donotopen\fuckyou\catfish\game\rhythm\rhythm.h(83): warning C4150: deletion of pointer to incomplete type 'Sprite::Sprite2D'; no destructor called
          e:\donotopen\fuckyou\catfish\game\rhythm\rhythm.h(15) : see declaration of 'Sprite::Sprite2D'
e:\donotopen\fuckyou\catfish\game\rhythm\pressrhythm.h(20): error C2039: 'vector2' : is not a member of 'Math'
e:\donotopen\fuckyou\catfish\game\rhythm\pressrhythm.h(20): error C4430: missing type specifier - int assumed. Note: C++ does not support default-int
e:\donotopen\fuckyou\catfish\game\rhythm\pressrhythm.h(20): error C2143: syntax error : missing ',' before '<'
  BackGround.cpp
e:\donotopen\fuckyou\catfish\game\rhythm\background.cpp : warning C4819: The file contains a character that cannot be represented in the current code page (936). Save the file in Unicode format to prevent data loss
e:\donotopen\fuckyou\catfish\game\rhythm\background.h : warning C4819: The file contains a character that cannot be represented in the current code page (936). Save the file in Unicode format to prevent data loss
e:\donotopen\fuckyou\catfish\game\rhythm\background.h(25): error C2039: 'vector2' : is not a member of 'Math'
e:\donotopen\fuckyou\catfish\game\rhythm\background.h(25): error C2143: syntax error : missing ';' before '<'
e:\donotopen\fuckyou\catfish\game\rhythm\background.h(25): error C4430: missing type specifier - int assumed. Note: C++ does not support default-int
e:\donotopen\fuckyou\catfish\game\rhythm\background.h(25): error C2238: unexpected token(s) preceding ';'
e:\donotopen\fuckyou\catfish\game\rhythm\background.h(26): error C2039: 'vector2' : is not a member of 'Math'
e:\donotopen\fuckyou\catfish\game\rhythm\background.h(26): error C2143: syntax error : missing ';' before '<'
e:\donotopen\fuckyou\catfish\game\rhythm\background.h(26): error C4430: missing type specifier - int assumed. Note: C++ does not support default-int
e:\donotopen\fuckyou\catfish\game\rhythm\background.h(26): error C2238: unexpected token(s) preceding ';'
e:\donotopen\fuckyou\catfish\game\rhythm\background.cpp(20): warning C4018: '<' : signed/unsigned mismatch
e:\donotopen\fuckyou\catfish\game\rhythm\background.cpp(31): error C2039: 'Position' : is not a member of 'MikuGame::BgPic'
          e:\donotopen\fuckyou\catfish\game\rhythm\background.h(22) : see declaration of 'MikuGame::BgPic'
e:\donotopen\fuckyou\catfish\game\rhythm\background.cpp(31): error C2039: 'Scale' : is not a member of 'MikuGame::BgPic'
          e:\donotopen\fuckyou\catfish\game\rhythm\background.h(22) : see declaration of 'MikuGame::BgPic'
e:\donotopen\fuckyou\catfish\game\rhythm\background.cpp(37): warning C4018: '<' : signed/unsigned mismatch
e:\donotopen\fuckyou\catfish\game\rhythm\background.cpp(45): warning C4018: '<' : signed/unsigned mismatch
  MikuRhythmStage.cpp
e:\donotopen\fuckyou\catfish\game\mikurhythmstage.cpp : warning C4819: The file contains a character that cannot be represented in the current code page (936). Save the file in Unicode format to prevent data loss
e:\donotopen\fuckyou\catfish\game\mikurhythmstage.h : warning C4819: The file contains a character that cannot be represented in the current code page (936). Save the file in Unicode format to prevent data loss
e:\donotopen\fuckyou\catfish\game\rhythm\rhythm.h : warning C4819: The file contains a character that cannot be represented in the current code page (936). Save the file in Unicode format to prevent data loss
e:\donotopen\fuckyou\catfish\game\rhythm\rhythm.h(34): error C2039: 'vector2' : is not a member of 'Math'
e:\donotopen\fuckyou\catfish\game\rhythm\rhythm.h(34): error C4430: missing type specifier - int assumed. Note: C++ does not support default-int
e:\donotopen\fuckyou\catfish\game\rhythm\rhythm.h(34): error C2143: syntax error : missing ',' before '<'
e:\donotopen\fuckyou\catfish\game\rhythm\rhythm.h(86): error C2039: 'vector2' : is not a member of 'Math'
e:\donotopen\fuckyou\catfish\game\rhythm\rhythm.h(86): error C4430: missing type specifier - int assumed. Note: C++ does not support default-int
e:\donotopen\fuckyou\catfish\game\rhythm\rhythm.h(86): error C2143: syntax error : missing ',' before '<'
e:\donotopen\fuckyou\catfish\game\rhythm\rhythm.h(108): error C2039: 'vector2' : is not a member of 'Math'
e:\donotopen\fuckyou\catfish\game\rhythm\rhythm.h(108): error C2143: syntax error : missing ';' before '<'
e:\donotopen\fuckyou\catfish\game\rhythm\rhythm.h(108): error C4430: missing type specifier - int assumed. Note: C++ does not support default-int
e:\donotopen\fuckyou\catfish\game\rhythm\rhythm.h(108): error C2238: unexpected token(s) preceding ';'
e:\donotopen\fuckyou\catfish\game\rhythm\rhythm.h(109): error C2039: 'vector2' : is not a member of 'Math'
e:\donotopen\fuckyou\catfish\game\rhythm\rhythm.h(109): error C2143: syntax error : missing ';' before '<'
e:\donotopen\fuckyou\catfish\game\rhythm\rhythm.h(109): error C4430: missing type specifier - int assumed. Note: C++ does not support default-int
e:\donotopen\fuckyou\catfish\game\rhythm\rhythm.h(109): error C2238: unexpected token(s) preceding ';'
e:\donotopen\fuckyou\catfish\game\rhythm\rhythm.h(79): warning C4150: deletion of pointer to incomplete type 'Sprite::Sprite2D'; no destructor called
          e:\donotopen\fuckyou\catfish\game\rhythm\rhythm.h(15) : see declaration of 'Sprite::Sprite2D'
e:\donotopen\fuckyou\catfish\game\rhythm\rhythm.h(83): warning C4150: deletion of pointer to incomplete type 'Sprite::Sprite2D'; no destructor called
          e:\donotopen\fuckyou\catfish\game\rhythm\rhythm.h(15) : see declaration of 'Sprite::Sprite2D'
e:\donotopen\fuckyou\catfish\game\mikurhythmstage.h(42): warning C4150: deletion of pointer to incomplete type 'MikuGame::BackGround'; no destructor called
          e:\donotopen\fuckyou\catfish\game\mikurhythmstage.h(25) : see declaration of 'MikuGame::BackGround'
e:\donotopen\fuckyou\catfish\app\engineshell.h : warning C4819: The file contains a character that cannot be represented in the current code page (936). Save the file in Unicode format to prevent data loss
e:\donotopen\fuckyou\catfish\game\mikurhythmstage.h : warning C4819: The file contains a character that cannot be represented in the current code page (936). Save the file in Unicode format to prevent data loss
e:\donotopen\fuckyou\catfish\game\rhythm\rhythm.h : warning C4819: The file contains a character that cannot be represented in the current code page (936). Save the file in Unicode format to prevent data loss
e:\donotopen\fuckyou\catfish\game\subtitleloader.h : warning C4819: The file contains a character that cannot be represented in the current code page (936). Save the file in Unicode format to prevent data loss
e:\donotopen\fuckyou\catfish\game\rhythm\subtitle.h : warning C4819: The file contains a character that cannot be represented in the current code page (936). Save the file in Unicode format to prevent data loss
e:\donotopen\fuckyou\catfish\game\rhythm\subtitle.h(48): error C2039: 'vector2' : is not a member of 'Math'
e:\donotopen\fuckyou\catfish\game\rhythm\subtitle.h(48): error C2143: syntax error : missing ';' before '<'
e:\donotopen\fuckyou\catfish\game\rhythm\subtitle.h(48): error C4430: missing type specifier - int assumed. Note: C++ does not support default-int
e:\donotopen\fuckyou\catfish\game\rhythm\subtitle.h(48): error C2238: unexpected token(s) preceding ';'
e:\donotopen\fuckyou\catfish\game\rhythm\subtitle.h(49): error C2039: 'vector2' : is not a member of 'Math'
e:\donotopen\fuckyou\catfish\game\rhythm\subtitle.h(49): error C2143: syntax error : missing ';' before '<'
e:\donotopen\fuckyou\catfish\game\rhythm\subtitle.h(49): error C4430: missing type specifier - int assumed. Note: C++ does not support default-int
e:\donotopen\fuckyou\catfish\game\rhythm\subtitle.h(49): error C2238: unexpected token(s) preceding ';'
e:\donotopen\fuckyou\catfish\game\rhythm\subtitle.h(50): error C2039: 'vector2' : is not a member of 'Math'
e:\donotopen\fuckyou\catfish\game\rhythm\subtitle.h(50): error C2143: syntax error : missing ';' before '<'
e:\donotopen\fuckyou\catfish\game\rhythm\subtitle.h(50): error C4430: missing type specifier - int assumed. Note: C++ does not support default-int
e:\donotopen\fuckyou\catfish\game\rhythm\subtitle.h(50): error C2238: unexpected token(s) preceding ';'
e:\donotopen\fuckyou\catfish\game\rhythm\subtitle.h : warning C4819: The file contains a character that cannot be represented in the current code page (936). Save the file in Unicode format to prevent data loss
e:\donotopen\fuckyou\catfish\app\gameapp.h : warning C4819: The file contains a character that cannot be represented in the current code page (936). Save the file in Unicode format to prevent data loss
e:\donotopen\fuckyou\catfish\game\rhythm\subtitle.h : warning C4819: The file contains a character that cannot be represented in the current code page (936). Save the file in Unicode format to prevent data loss
e:\donotopen\fuckyou\catfish\game\mikurhythmstage.h : warning C4819: The file contains a character that cannot be represented in the current code page (936). Save the file in Unicode format to prevent data loss
e:\donotopen\fuckyou\catfish\game\rhythm\rhythm.h : warning C4819: The file contains a character that cannot be represented in the current code page (936). Save the file in Unicode format to prevent data loss
e:\donotopen\fuckyou\catfish\game\subtitleloader.h : warning C4819: The file contains a character that cannot be represented in the current code page (936). Save the file in Unicode format to prevent data loss
e:\donotopen\fuckyou\catfish\game\rhythm\subtitle.h : warning C4819: The file contains a character that cannot be represented in the current code page (936). Save the file in Unicode format to prevent data loss
e:\donotopen\fuckyou\catfish\game\clicktostart.h : warning C4819: The file contains a character that cannot be represented in the current code page (936). Save the file in Unicode format to prevent data loss
e:\donotopen\fuckyou\catfish\game\gamestate.h : warning C4819: The file contains a character that cannot be represented in the current code page (936). Save the file in Unicode format to prevent data loss
e:\donotopen\fuckyou\catfish\app\timer.h : warning C4819: The file contains a character that cannot be represented in the current code page (936). Save the file in Unicode format to prevent data loss
e:\donotopen\fuckyou\catfish\soundsystem\soundal.h : warning C4819: The file contains a character that cannot be represented in the current code page (936). Save the file in Unicode format to prevent data loss
e:\donotopen\fuckyou\catfish\resourcephraser\soundres.h : warning C4819: The file contains a character that cannot be represented in the current code page (936). Save the file in Unicode format to prevent data loss
e:\donotopen\fuckyou\catfish\resourcephraser\res.h(15): warning C4251: 'Resource::Res::m_Path' : class 'std::basic_string<_Elem,_Traits,_Ax>' needs to have dll-interface to be used by clients of class 'Resource::Res'
          with
          [
              _Elem=char,
              _Traits=std::char_traits<char>,
              _Ax=std::allocator<char>
          ]
e:\donotopen\fuckyou\catfish\resourcephraser\resmgr.h(35): warning C4251: 'Resource::ResMgr::m_ResMap' : class 'std::map<_Kty,_Ty>' needs to have dll-interface to be used by clients of class 'Resource::ResMgr'
          with
          [
              _Kty=unsigned int,
              _Ty=Resource::Res *
          ]
e:\donotopen\fuckyou\catfish\resourcephraser\resmgr.h(36): warning C4251: 'Resource::ResMgr::m_strBasePath' : class 'std::basic_string<_Elem,_Traits,_Ax>' needs to have dll-interface to be used by clients of class 'Resource::ResMgr'
          with
          [
              _Elem=char,
              _Traits=std::char_traits<char>,
              _Ax=std::allocator<char>
          ]
e:\donotopen\fuckyou\catfish\game\rhythm\background.h : warning C4819: The file contains a character that cannot be represented in the current code page (936). Save the file in Unicode format to prevent data loss
e:\donotopen\fuckyou\catfish\game\rhythm\background.h(25): error C2039: 'vector2' : is not a member of 'Math'
e:\donotopen\fuckyou\catfish\game\rhythm\background.h(25): error C2143: syntax error : missing ';' before '<'
e:\donotopen\fuckyou\catfish\game\rhythm\background.h(25): error C4430: missing type specifier - int assumed. Note: C++ does not support default-int
e:\donotopen\fuckyou\catfish\game\rhythm\background.h(25): error C2238: unexpected token(s) preceding ';'
e:\donotopen\fuckyou\catfish\game\rhythm\background.h(26): error C2039: 'vector2' : is not a member of 'Math'
e:\donotopen\fuckyou\catfish\game\rhythm\background.h(26): error C2143: syntax error : missing ';' before '<'
e:\donotopen\fuckyou\catfish\game\rhythm\background.h(26): error C4430: missing type specifier - int assumed. Note: C++ does not support default-int
e:\donotopen\fuckyou\catfish\game\rhythm\background.h(26): error C2238: unexpected token(s) preceding ';'
e:\donotopen\fuckyou\catfish\game\rhythmgame.h : warning C4819: The file contains a character that cannot be represented in the current code page (936). Save the file in Unicode format to prevent data loss
e:\donotopen\fuckyou\catfish\game\rhythm\subtitle.h : warning C4819: The file contains a character that cannot be represented in the current code page (936). Save the file in Unicode format to prevent data loss
e:\donotopen\fuckyou\catfish\game\mikurhythmstage.h : warning C4819: The file contains a character that cannot be represented in the current code page (936). Save the file in Unicode format to prevent data loss
e:\donotopen\fuckyou\catfish\game\gamestate.h : warning C4819: The file contains a character that cannot be represented in the current code page (936). Save the file in Unicode format to prevent data loss
e:\donotopen\fuckyou\catfish\game\rhythm\scorepanel.h : warning C4819: The file contains a character that cannot be represented in the current code page (936). Save the file in Unicode format to prevent data loss
e:\donotopen\fuckyou\catfish\game\rhythm\rhythm.h : warning C4819: The file contains a character that cannot be represented in the current code page (936). Save the file in Unicode format to prevent data loss
e:\donotopen\fuckyou\catfish\game\mikurhythmstage.cpp(43): error C2664: 'MikuGame::ScorePanel::AddScore' : cannot convert parameter 2 from 'Math::vectori2' to 'Math::vector2<T>'
          with
          [
              T=int
          ]
          No user-defined-conversion operator available that can perform this conversion, or the operator cannot be called
e:\donotopen\fuckyou\catfish\game\mikurhythmstage.cpp(60): warning C4018: '<' : signed/unsigned mismatch
e:\donotopen\fuckyou\catfish\game\mikurhythmstage.cpp(70): warning C4018: '<' : signed/unsigned mismatch
  MikuGame.cpp
e:\donotopen\fuckyou\catfish\game\mikugame.cpp : warning C4819: The file contains a character that cannot be represented in the current code page (936). Save the file in Unicode format to prevent data loss
e:\donotopen\fuckyou\catfish\game\mikugame.h : warning C4819: The file contains a character that cannot be represented in the current code page (936). Save the file in Unicode format to prevent data loss
e:\donotopen\fuckyou\catfish\app\gameapp.h : warning C4819: The file contains a character that cannot be represented in the current code page (936). Save the file in Unicode format to prevent data loss
e:\donotopen\fuckyou\catfish\game\rhythm\subtitle.h : warning C4819: The file contains a character that cannot be represented in the current code page (936). Save the file in Unicode format to prevent data loss
e:\donotopen\fuckyou\catfish\game\rhythm\subtitle.h(48): error C2039: 'vector2' : is not a member of 'Math'
e:\donotopen\fuckyou\catfish\game\rhythm\subtitle.h(48): error C2143: syntax error : missing ';' before '<'
e:\donotopen\fuckyou\catfish\game\rhythm\subtitle.h(48): error C4430: missing type specifier - int assumed. Note: C++ does not support default-int
e:\donotopen\fuckyou\catfish\game\rhythm\subtitle.h(48): error C2238: unexpected token(s) preceding ';'
e:\donotopen\fuckyou\catfish\game\rhythm\subtitle.h(49): error C2039: 'vector2' : is not a member of 'Math'
e:\donotopen\fuckyou\catfish\game\rhythm\subtitle.h(49): error C2143: syntax error : missing ';' before '<'
e:\donotopen\fuckyou\catfish\game\rhythm\subtitle.h(49): error C4430: missing type specifier - int assumed. Note: C++ does not support default-int
e:\donotopen\fuckyou\catfish\game\rhythm\subtitle.h(49): error C2238: unexpected token(s) preceding ';'
e:\donotopen\fuckyou\catfish\game\rhythm\subtitle.h(50): error C2039: 'vector2' : is not a member of 'Math'
e:\donotopen\fuckyou\catfish\game\rhythm\subtitle.h(50): error C2143: syntax error : missing ';' before '<'
e:\donotopen\fuckyou\catfish\game\rhythm\subtitle.h(50): error C4430: missing type specifier - int assumed. Note: C++ does not support default-int
e:\donotopen\fuckyou\catfish\game\rhythm\subtitle.h(50): error C2238: unexpected token(s) preceding ';'
e:\donotopen\fuckyou\catfish\game\mikurhythmstage.h : warning C4819: The file contains a character that cannot be represented in the current code page (936). Save the file in Unicode format to prevent data loss
e:\donotopen\fuckyou\catfish\game\rhythm\rhythm.h : warning C4819: The file contains a character that cannot be represented in the current code page (936). Save the file in Unicode format to prevent data loss
e:\donotopen\fuckyou\catfish\game\rhythm\rhythm.h(34): error C2039: 'vector2' : is not a member of 'Math'
e:\donotopen\fuckyou\catfish\game\rhythm\rhythm.h(34): error C4430: missing type specifier - int assumed. Note: C++ does not support default-int
e:\donotopen\fuckyou\catfish\game\rhythm\rhythm.h(34): error C2143: syntax error : missing ',' before '<'
e:\donotopen\fuckyou\catfish\game\rhythm\rhythm.h(86): error C2039: 'vector2' : is not a member of 'Math'
e:\donotopen\fuckyou\catfish\game\rhythm\rhythm.h(86): error C4430: missing type specifier - int assumed. Note: C++ does not support default-int
e:\donotopen\fuckyou\catfish\game\rhythm\rhythm.h(86): error C2143: syntax error : missing ',' before '<'
e:\donotopen\fuckyou\catfish\game\rhythm\rhythm.h(108): error C2039: 'vector2' : is not a member of 'Math'
e:\donotopen\fuckyou\catfish\game\rhythm\rhythm.h(108): error C2143: syntax error : missing ';' before '<'
e:\donotopen\fuckyou\catfish\game\rhythm\rhythm.h(108): error C4430: missing type specifier - int assumed. Note: C++ does not support default-int
e:\donotopen\fuckyou\catfish\game\rhythm\rhythm.h(108): error C2238: unexpected token(s) preceding ';'
e:\donotopen\fuckyou\catfish\game\rhythm\rhythm.h(109): error C2039: 'vector2' : is not a member of 'Math'
e:\donotopen\fuckyou\catfish\game\rhythm\rhythm.h(109): error C2143: syntax error : missing ';' before '<'
e:\donotopen\fuckyou\catfish\game\rhythm\rhythm.h(109): error C4430: missing type specifier - int assumed. Note: C++ does not support default-int
e:\donotopen\fuckyou\catfish\game\rhythm\rhythm.h(109): error C2238: unexpected token(s) preceding ';'
e:\donotopen\fuckyou\catfish\game\rhythm\rhythm.h(79): warning C4150: deletion of pointer to incomplete type 'Sprite::Sprite2D'; no destructor called
          e:\donotopen\fuckyou\catfish\game\rhythm\rhythm.h(15) : see declaration of 'Sprite::Sprite2D'
e:\donotopen\fuckyou\catfish\game\rhythm\rhythm.h(83): warning C4150: deletion of pointer to incomplete type 'Sprite::Sprite2D'; no destructor called
          e:\donotopen\fuckyou\catfish\game\rhythm\rhythm.h(15) : see declaration of 'Sprite::Sprite2D'
e:\donotopen\fuckyou\catfish\game\mikurhythmstage.h(42): warning C4150: deletion of pointer to incomplete type 'MikuGame::BackGround'; no destructor called
          e:\donotopen\fuckyou\catfish\game\mikurhythmstage.h(25) : see declaration of 'MikuGame::BackGround'
e:\donotopen\fuckyou\catfish\game\rhythm\rhythm.h : warning C4819: The file contains a character that cannot be represented in the current code page (936). Save the file in Unicode format to prevent data loss
e:\donotopen\fuckyou\catfish\game\subtitleloader.h : warning C4819: The file contains a character that cannot be represented in the current code page (936). Save the file in Unicode format to prevent data loss
e:\donotopen\fuckyou\catfish\game\rhythm\subtitle.h : warning C4819: The file contains a character that cannot be represented in the current code page (936). Save the file in Unicode format to prevent data loss
e:\donotopen\fuckyou\catfish\game\rhythm\subtitle.h : warning C4819: The file contains a character that cannot be represented in the current code page (936). Save the file in Unicode format to prevent data loss
e:\donotopen\fuckyou\catfish\game\clicktostart.h : warning C4819: The file contains a character that cannot be represented in the current code page (936). Save the file in Unicode format to prevent data loss
e:\donotopen\fuckyou\catfish\game\gamestate.h : warning C4819: The file contains a character that cannot be represented in the current code page (936). Save the file in Unicode format to prevent data loss
e:\donotopen\fuckyou\catfish\game\gamestate.h : warning C4819: The file contains a character that cannot be represented in the current code page (936). Save the file in Unicode format to prevent data loss
e:\donotopen\fuckyou\catfish\game\clicktostart.h : warning C4819: The file contains a character that cannot be represented in the current code page (936). Save the file in Unicode format to prevent data loss
e:\donotopen\fuckyou\catfish\app\timer.h : warning C4819: The file contains a character that cannot be represented in the current code page (936). Save the file in Unicode format to prevent data loss
e:\donotopen\fuckyou\catfish\game\selector.h : warning C4819: The file contains a character that cannot be represented in the current code page (936). Save the file in Unicode format to prevent data loss
e:\donotopen\fuckyou\catfish\game\gamestate.h : warning C4819: The file contains a character that cannot be represented in the current code page (936). Save the file in Unicode format to prevent data loss
e:\donotopen\fuckyou\catfish\game\selector.h(84): error C2039: 'vector2' : is not a member of 'Math'
e:\donotopen\fuckyou\catfish\game\selector.h(84): error C2143: syntax error : missing ';' before '<'
e:\donotopen\fuckyou\catfish\game\selector.h(84): error C4430: missing type specifier - int assumed. Note: C++ does not support default-int
e:\donotopen\fuckyou\catfish\game\selector.h(84): error C2238: unexpected token(s) preceding ';'
e:\donotopen\fuckyou\catfish\sprite2d\lable.h : warning C4819: The file contains a character that cannot be represented in the current code page (936). Save the file in Unicode format to prevent data loss
e:\donotopen\fuckyou\catfish\font\font.h : warning C4819: The file contains a character that cannot be represented in the current code page (936). Save the file in Unicode format to prevent data loss
e:\donotopen\fuckyou\catfish\font\font.h(59): warning C4251: 'FontSys::FontSystem::m_vecBitmap' : class 'std::vector<_Ty>' needs to have dll-interface to be used by clients of class 'FontSys::FontSystem'
          with
          [
              _Ty=FontSys::FChar
          ]
e:\donotopen\fuckyou\catfish\game\rhythmgame.h : warning C4819: The file contains a character that cannot be represented in the current code page (936). Save the file in Unicode format to prevent data loss
e:\donotopen\fuckyou\catfish\game\rhythm\subtitle.h : warning C4819: The file contains a character that cannot be represented in the current code page (936). Save the file in Unicode format to prevent data loss
e:\donotopen\fuckyou\catfish\game\mikurhythmstage.h : warning C4819: The file contains a character that cannot be represented in the current code page (936). Save the file in Unicode format to prevent data loss
e:\donotopen\fuckyou\catfish\game\gamestate.h : warning C4819: The file contains a character that cannot be represented in the current code page (936). Save the file in Unicode format to prevent data loss
e:\donotopen\fuckyou\catfish\app\engineshell.h : warning C4819: The file contains a character that cannot be represented in the current code page (936). Save the file in Unicode format to prevent data loss
e:\donotopen\fuckyou\catfish\game\mikurhythmstage.h : warning C4819: The file contains a character that cannot be represented in the current code page (936). Save the file in Unicode format to prevent data loss
e:\donotopen\fuckyou\catfish\game\rhythm\rhythm.h : warning C4819: The file contains a character that cannot be represented in the current code page (936). Save the file in Unicode format to prevent data loss
e:\donotopen\fuckyou\catfish\game\subtitleloader.h : warning C4819: The file contains a character that cannot be represented in the current code page (936). Save the file in Unicode format to prevent data loss
e:\donotopen\fuckyou\catfish\game\rhythm\subtitle.h : warning C4819: The file contains a character that cannot be represented in the current code page (936). Save the file in Unicode format to prevent data loss
e:\donotopen\fuckyou\catfish\app\gameapp.h : warning C4819: The file contains a character that cannot be represented in the current code page (936). Save the file in Unicode format to prevent data loss
e:\donotopen\fuckyou\catfish\game\mikugame.cpp(74): error C2065: 'Media' : undeclared identifier
e:\donotopen\fuckyou\catfish\game\mikugame.cpp(74): error C2065: 'picglow' : undeclared identifier
e:\donotopen\fuckyou\catfish\game\mikugame.cpp(74): error C2001: newline in constant
e:\donotopen\fuckyou\catfish\game\mikugame.cpp(74): error C2228: left of '.jpg' must have class/struct/union
          type is ''unknown-type''
e:\donotopen\fuckyou\catfish\game\mikugame.cpp(74): error C2143: syntax error : missing ')' before 'string'
e:\donotopen\fuckyou\catfish\game\mikugame.cpp(80): error C2039: 'vector2' : is not a member of 'Math'
e:\donotopen\fuckyou\catfish\game\mikugame.cpp(80): error C2065: 'vector2' : undeclared identifier
e:\donotopen\fuckyou\catfish\game\mikugame.cpp(80): error C2062: type 'int' unexpected
e:\donotopen\fuckyou\catfish\game\mikugame.cpp(80): error C2039: 'vector2' : is not a member of 'Math'
e:\donotopen\fuckyou\catfish\game\mikugame.cpp(81): error C2039: 'vector2' : is not a member of 'Math'
e:\donotopen\fuckyou\catfish\game\mikugame.cpp(81): error C2065: 'vector2' : undeclared identifier
e:\donotopen\fuckyou\catfish\game\mikugame.cpp(81): error C2062: type 'int' unexpected
e:\donotopen\fuckyou\catfish\game\mikugame.cpp(81): error C2039: 'vector2' : is not a member of 'Math'
e:\donotopen\fuckyou\catfish\game\mikugame.cpp(82): error C2039: 'vector2' : is not a member of 'Math'
e:\donotopen\fuckyou\catfish\game\mikugame.cpp(82): error C2065: 'vector2' : undeclared identifier
e:\donotopen\fuckyou\catfish\game\mikugame.cpp(82): error C2062: type 'int' unexpected
e:\donotopen\fuckyou\catfish\game\mikugame.cpp(82): error C2039: 'vector2' : is not a member of 'Math'
e:\donotopen\fuckyou\catfish\game\mikugame.cpp(86): error C2039: 'vector2' : is not a member of 'Math'
e:\donotopen\fuckyou\catfish\game\mikugame.cpp(86): error C2065: 'vector2' : undeclared identifier
e:\donotopen\fuckyou\catfish\game\mikugame.cpp(86): error C2062: type 'int' unexpected
e:\donotopen\fuckyou\catfish\game\mikugame.cpp(86): error C2039: 'vector2' : is not a member of 'Math'
e:\donotopen\fuckyou\catfish\game\mikugame.cpp(87): error C2039: 'vector2' : is not a member of 'Math'
e:\donotopen\fuckyou\catfish\game\mikugame.cpp(87): error C2065: 'vector2' : undeclared identifier
e:\donotopen\fuckyou\catfish\game\mikugame.cpp(87): error C2062: type 'int' unexpected
e:\donotopen\fuckyou\catfish\game\mikugame.cpp(87): error C2039: 'vector2' : is not a member of 'Math'
e:\donotopen\fuckyou\catfish\game\mikugame.cpp(88): error C2039: 'vector2' : is not a member of 'Math'
e:\donotopen\fuckyou\catfish\game\mikugame.cpp(88): error C2065: 'vector2' : undeclared identifier
e:\donotopen\fuckyou\catfish\game\mikugame.cpp(88): error C2062: type 'int' unexpected
e:\donotopen\fuckyou\catfish\game\mikugame.cpp(88): error C2039: 'vector2' : is not a member of 'Math'
e:\donotopen\fuckyou\catfish\game\mikugame.cpp(97): error C2143: syntax error : missing ')' before '}'
e:\donotopen\fuckyou\catfish\game\mikugame.cpp(97): error C2143: syntax error : missing ';' before ')'
  ClickToStart.cpp
e:\donotopen\fuckyou\catfish\game\clicktostart.cpp : warning C4819: The file contains a character that cannot be represented in the current code page (936). Save the file in Unicode format to prevent data loss
e:\donotopen\fuckyou\catfish\game\clicktostart.h : warning C4819: The file contains a character that cannot be represented in the current code page (936). Save the file in Unicode format to prevent data loss
e:\donotopen\fuckyou\catfish\game\gamestate.h : warning C4819: The file contains a character that cannot be represented in the current code page (936). Save the file in Unicode format to prevent data loss
e:\donotopen\fuckyou\catfish\sprite2d\cavans.h : warning C4819: The file contains a character that cannot be represented in the current code page (936). Save the file in Unicode format to prevent data loss
e:\donotopen\fuckyou\catfish\sprite2d\lable.h : warning C4819: The file contains a character that cannot be represented in the current code page (936). Save the file in Unicode format to prevent data loss
e:\donotopen\fuckyou\catfish\font\font.h : warning C4819: The file contains a character that cannot be represented in the current code page (936). Save the file in Unicode format to prevent data loss
e:\donotopen\fuckyou\catfish\font\font.h(59): warning C4251: 'FontSys::FontSystem::m_vecBitmap' : class 'std::vector<_Ty>' needs to have dll-interface to be used by clients of class 'FontSys::FontSystem'
          with
          [
              _Ty=FontSys::FChar
          ]
e:\donotopen\fuckyou\catfish\resourcephraser\res.h(15): warning C4251: 'Resource::Res::m_Path' : class 'std::basic_string<_Elem,_Traits,_Ax>' needs to have dll-interface to be used by clients of class 'Resource::Res'
          with
          [
              _Elem=char,
              _Traits=std::char_traits<char>,
              _Ax=std::allocator<char>
          ]
e:\donotopen\fuckyou\catfish\app\input.h : warning C4819: The file contains a character that cannot be represented in the current code page (936). Save the file in Unicode format to prevent data loss
e:\donotopen\fuckyou\catfish\game\mikurhythmstage.h : warning C4819: The file contains a character that cannot be represented in the current code page (936). Save the file in Unicode format to prevent data loss
e:\donotopen\fuckyou\catfish\game\rhythm\rhythm.h : warning C4819: The file contains a character that cannot be represented in the current code page (936). Save the file in Unicode format to prevent data loss
e:\donotopen\fuckyou\catfish\game\rhythm\rhythm.h(34): error C2039: 'vector2' : is not a member of 'Math'
e:\donotopen\fuckyou\catfish\game\rhythm\rhythm.h(34): error C4430: missing type specifier - int assumed. Note: C++ does not support default-int
e:\donotopen\fuckyou\catfish\game\rhythm\rhythm.h(34): error C2143: syntax error : missing ',' before '<'
e:\donotopen\fuckyou\catfish\game\rhythm\rhythm.h(86): error C2039: 'vector2' : is not a member of 'Math'
e:\donotopen\fuckyou\catfish\game\rhythm\rhythm.h(86): error C4430: missing type specifier - int assumed. Note: C++ does not support default-int
e:\donotopen\fuckyou\catfish\game\rhythm\rhythm.h(86): error C2143: syntax error : missing ',' before '<'
e:\donotopen\fuckyou\catfish\game\rhythm\rhythm.h(108): error C2039: 'vector2' : is not a member of 'Math'
e:\donotopen\fuckyou\catfish\game\rhythm\rhythm.h(108): error C2143: syntax error : missing ';' before '<'
e:\donotopen\fuckyou\catfish\game\rhythm\rhythm.h(108): error C4430: missing type specifier - int assumed. Note: C++ does not support default-int
e:\donotopen\fuckyou\catfish\game\rhythm\rhythm.h(108): error C2238: unexpected token(s) preceding ';'
e:\donotopen\fuckyou\catfish\game\rhythm\rhythm.h(109): error C2039: 'vector2' : is not a member of 'Math'
e:\donotopen\fuckyou\catfish\game\rhythm\rhythm.h(109): error C2143: syntax error : missing ';' before '<'
e:\donotopen\fuckyou\catfish\game\rhythm\rhythm.h(109): error C4430: missing type specifier - int assumed. Note: C++ does not support default-int
e:\donotopen\fuckyou\catfish\game\rhythm\rhythm.h(109): error C2238: unexpected token(s) preceding ';'
e:\donotopen\fuckyou\catfish\game\mikurhythmstage.h(42): warning C4150: deletion of pointer to incomplete type 'MikuGame::BackGround'; no destructor called
          e:\donotopen\fuckyou\catfish\game\mikurhythmstage.h(25) : see declaration of 'MikuGame::BackGround'
e:\donotopen\fuckyou\catfish\game\clicktostart.cpp(35): error C2039: 'vector2' : is not a member of 'Math'
e:\donotopen\fuckyou\catfish\game\clicktostart.cpp(35): error C2065: 'vector2' : undeclared identifier
e:\donotopen\fuckyou\catfish\game\clicktostart.cpp(35): error C2062: type 'int' unexpected
e:\donotopen\fuckyou\catfish\game\clicktostart.cpp(35): error C2039: 'vector2' : is not a member of 'Math'
e:\donotopen\fuckyou\catfish\game\clicktostart.cpp(37): error C2039: 'vector2' : is not a member of 'Math'
e:\donotopen\fuckyou\catfish\game\clicktostart.cpp(37): error C2065: 'vector2' : undeclared identifier
e:\donotopen\fuckyou\catfish\game\clicktostart.cpp(37): error C2062: type 'int' unexpected
e:\donotopen\fuckyou\catfish\game\clicktostart.cpp(37): error C2039: 'vector2' : is not a member of 'Math'
e:\donotopen\fuckyou\catfish\game\clicktostart.cpp(46): error C2039: 'vector2' : is not a member of 'Math'
e:\donotopen\fuckyou\catfish\game\clicktostart.cpp(46): error C2065: 'vector2' : undeclared identifier
e:\donotopen\fuckyou\catfish\game\clicktostart.cpp(46): error C2062: type 'int' unexpected
e:\donotopen\fuckyou\catfish\game\clicktostart.cpp(48): error C2039: 'vector2' : is not a member of 'Math'
e:\donotopen\fuckyou\catfish\game\clicktostart.cpp(48): error C2065: 'vector2' : undeclared identifier
e:\donotopen\fuckyou\catfish\game\clicktostart.cpp(48): error C2062: type 'float' unexpected
e:\donotopen\fuckyou\catfish\game\clicktostart.cpp(49): error C2065: '_scale' : undeclared identifier
e:\donotopen\fuckyou\catfish\game\clicktostart.cpp(49): error C2228: left of '.m_x' must have class/struct/union
          type is ''unknown-type''
e:\donotopen\fuckyou\catfish\game\clicktostart.cpp(49): error C2065: '_cavansSize' : undeclared identifier
e:\donotopen\fuckyou\catfish\game\clicktostart.cpp(49): error C2228: left of '.m_x' must have class/struct/union
          type is ''unknown-type''
e:\donotopen\fuckyou\catfish\game\clicktostart.cpp(50): error C2065: '_scale' : undeclared identifier
e:\donotopen\fuckyou\catfish\game\clicktostart.cpp(50): error C2228: left of '.m_y' must have class/struct/union
          type is ''unknown-type''
e:\donotopen\fuckyou\catfish\game\clicktostart.cpp(50): error C2065: '_cavansSize' : undeclared identifier
e:\donotopen\fuckyou\catfish\game\clicktostart.cpp(50): error C2228: left of '.m_y' must have class/struct/union
          type is ''unknown-type''
e:\donotopen\fuckyou\catfish\game\clicktostart.cpp(51): error C2065: '_scale' : undeclared identifier
  Generating Code...
