E:\DONOTOPEN\FUCKYOU\CATFISH\DEBUG\IO.DLL
E:\DONOTOPEN\FUCKYOU\CATFISH\Debug\IO.exp
E:\DONOTOPEN\FUCKYOU\CATFISH\DEBUG\IO.ILK
E:\DONOTOPEN\FUCKYOU\CATFISH\Debug\IO.lib
E:\DONOTOPEN\FUCKYOU\CATFISH\DEBUG\IO.PDB
E:\DONOTOPEN\FUCKYOU\CATFISH\IO\DEBUG\FILEREADER.OBJ
E:\DONOTOPEN\FUCKYOU\CATFISH\IO\DEBUG\IO.DLL.EMBED.MANIFEST
E:\DONOTOPEN\FUCKYOU\CATFISH\IO\DEBUG\IO.DLL.EMBED.MANIFEST.RES
E:\DONOTOPEN\FUCKYOU\CATFISH\IO\DEBUG\IO.DLL.INTERMEDIATE.MANIFEST
E:\DONOTOPEN\FUCKYOU\CATFISH\IO\DEBUG\VC100.PDB
G:\DONOTOPEN\FUCKYOU\CATFISH\DEBUG\IO.DLL
G:\DONOTOPEN\FUCKYOU\CATFISH\Debug\IO.exp
G:\DONOTOPEN\FUCKYOU\CATFISH\DEBUG\IO.ILK
G:\DONOTOPEN\FUCKYOU\CATFISH\Debug\IO.lib
G:\DONOTOPEN\FUCKYOU\CATFISH\DEBUG\IO.PDB
G:\DONOTOPEN\FUCKYOU\CATFISH\IO\Debug\cl.command.1.tlog
G:\DONOTOPEN\FUCKYOU\CATFISH\IO\Debug\CL.read.1.tlog
G:\DONOTOPEN\FUCKYOU\CATFISH\IO\Debug\CL.write.1.tlog
G:\DONOTOPEN\FUCKYOU\CATFISH\IO\DEBUG\FILEREADER.OBJ
G:\DONOTOPEN\FUCKYOU\CATFISH\IO\Debug\IO.dll.embed.manifest
G:\DONOTOPEN\FUCKYOU\CATFISH\IO\DEBUG\IO.DLL.EMBED.MANIFEST.RES
G:\DONOTOPEN\FUCKYOU\CATFISH\IO\Debug\IO.dll.intermediate.manifest
G:\DONOTOPEN\FUCKYOU\CATFISH\IO\Debug\IO.vcxprojResolveAssemblyReference.cache
G:\DONOTOPEN\FUCKYOU\CATFISH\IO\Debug\IO.write.1.tlog
G:\DONOTOPEN\FUCKYOU\CATFISH\IO\Debug\IO_manifest.rc
G:\DONOTOPEN\FUCKYOU\CATFISH\IO\Debug\link.5464.read.1.tlog
G:\DONOTOPEN\FUCKYOU\CATFISH\IO\Debug\link.5464.write.1.tlog
G:\DONOTOPEN\FUCKYOU\CATFISH\IO\Debug\link.5464-cvtres.read.1.tlog
G:\DONOTOPEN\FUCKYOU\CATFISH\IO\Debug\link.5464-cvtres.write.1.tlog
G:\DONOTOPEN\FUCKYOU\CATFISH\IO\Debug\link.command.1.tlog
G:\DONOTOPEN\FUCKYOU\CATFISH\IO\Debug\link.read.1.tlog
G:\DONOTOPEN\FUCKYOU\CATFISH\IO\Debug\link.write.1.tlog
G:\DONOTOPEN\FUCKYOU\CATFISH\IO\Debug\link-cvtres.read.1.tlog
G:\DONOTOPEN\FUCKYOU\CATFISH\IO\Debug\link-cvtres.write.1.tlog
G:\DONOTOPEN\FUCKYOU\CATFISH\IO\Debug\mt.command.1.tlog
G:\DONOTOPEN\FUCKYOU\CATFISH\IO\Debug\mt.read.1.tlog
G:\DONOTOPEN\FUCKYOU\CATFISH\IO\Debug\mt.write.1.tlog
G:\DONOTOPEN\FUCKYOU\CATFISH\IO\Debug\rc.command.1.tlog
G:\DONOTOPEN\FUCKYOU\CATFISH\IO\Debug\rc.read.1.tlog
G:\DONOTOPEN\FUCKYOU\CATFISH\IO\Debug\rc.write.1.tlog
G:\DONOTOPEN\FUCKYOU\CATFISH\IO\Debug\vc100.idb
G:\DONOTOPEN\FUCKYOU\CATFISH\IO\DEBUG\VC100.PDB
