Build started 2014/8/8 10:22:16.
Environment at start of build:
ALLUSERSPROFILE = C:\ProgramData
APPDATA = C:\Users\zhaohang\AppData\Roaming
CG_BIN_PATH = D:\Program Files (x86)\NVIDIA Corporation\Cg\bin
CG_INC_PATH = D:\Program Files (x86)\NVIDIA Corporation\Cg\include
CG_LIB_PATH = D:\Program Files (x86)\NVIDIA Corporation\Cg\lib
CommonProgramFiles = C:\Program Files (x86)\Common Files
CommonProgramFiles(x86) = C:\Program Files (x86)\Common Files
CommonProgramW6432 = C:\Program Files\Common Files
COMPUTERNAME = CY4612
ComSpec = C:\windows\system32\cmd.exe
FP_NO_HOST_CHECK = NO
GTK_BASEPATH = C:\Program Files (x86)\GtkSharp\2.12\
HOMEDRIVE = C:
HOMEPATH = \Users\zhaohang
LOCALAPPDATA = C:\Users\zhaohang\AppData\Local
LOGONSERVER = \\CYBJDC02
NUMBER_OF_PROCESSORS = 4
OS = Windows_NT
Path = C:\windows\system32;C:\windows;C:\windows\System32\Wbem;C:\windows\System32\WindowsPowerShell\v1.0\;C:\Program Files (x86)\Microsoft SQL Server\100\Tools\Binn\;C:\Program Files\Microsoft SQL Server\100\Tools\Binn\;C:\Program Files\Microsoft SQL Server\100\DTS\Binn\;D:\Program Files\TortoiseSVN\bin;C:\Program Files (x86)\Git\cmd;C:\Program Files\TortoiseGit\bin;C:\Program Files (x86)\GtkSharp\2.12\bin;C:\Program Files (x86)\Xoreax\IncrediBuild;D:\Program Files (x86)\NVIDIA Corporation\Cg\bin;D:\Program Files (x86)\NVIDIA Corporation\Cg\bin.x64
PATHEXT = .COM;.EXE;.BAT;.CMD;.VBS;.VBE;.JS;.JSE;.WSF;.WSH;.MSC
PROCESSOR_ARCHITECTURE = x86
PROCESSOR_ARCHITEW6432 = AMD64
PROCESSOR_IDENTIFIER = Intel64 Family 6 Model 58 Stepping 9, GenuineIntel
PROCESSOR_LEVEL = 6
PROCESSOR_REVISION = 3a09
ProgramData = C:\ProgramData
ProgramFiles = C:\Program Files (x86)
ProgramFiles(x86) = C:\Program Files (x86)
ProgramW6432 = C:\Program Files
PSModulePath = C:\windows\system32\WindowsPowerShell\v1.0\Modules\;C:\Program Files\Microsoft Security Client\MpProvider\
PUBLIC = C:\Users\Public
SESSIONNAME = Console
SystemDrive = C:
SystemRoot = C:\windows
TEMP = C:\Users\zhaohang\AppData\Local\Temp
TMP = C:\Users\zhaohang\AppData\Local\Temp
UATDATA = C:\windows\CCM\UATData\D9F8C395-CAB8-491d-B8AC-179A1FE1BE77
USERDNSDOMAIN = CYOU-INC.COM
USERDOMAIN = CYOU-INC
USERNAME = zhaohang
USERPROFILE = C:\Users\zhaohang
VisualStudioDir = C:\Users\zhaohang\Documents\Visual Studio 2010
VS100COMNTOOLS = D:\Program Files (x86)\Microsoft Visual Studio 10.0\Common7\Tools\
windir = C:\windows
windows_tracing_flags = 3
windows_tracing_logfile = C:\BVTBin\Tests\installpackage\csilogfile.log

10:22:16.463     1>Project "E:\DONOTOPEN\FUCKYOU\VSSLN\ZERO_CHECK.vcxproj" on node 2 (build target(s)).
10:22:16.463     1>Building with tools version "4.0".
10:22:16.463     1>Target "_CheckForInvalidConfigurationAndPlatform: (TargetId:2)" in file "C:\windows\Microsoft.NET\Framework\v4.0.30319\Microsoft.Common.Targets" from project "E:\DONOTOPEN\FUCKYOU\VSSLN\ZERO_CHECK.vcxproj" (entry point):
                   Task "Error" skipped, due to false condition; ( '$(_InvalidConfigurationError)' == 'true' ) was evaluated as ( '' == 'true' ).
                   Task "Warning" skipped, due to false condition; ( '$(_InvalidConfigurationWarning)' == 'true' ) was evaluated as ( '' == 'true' ).
                   Using "Message" task from assembly "Microsoft.Build.Tasks.v4.0, Version=4.0.0.0, Culture=neutral, PublicKeyToken=b03f5f7f11d50a3a".
                   Task "Message" (TaskId:2)
                     Configuration=Debug (TaskId:2)
                   Done executing task "Message". (TaskId:2)
                   Task "Message" (TaskId:3)
                     Platform=Win32 (TaskId:3)
                   Done executing task "Message". (TaskId:3)
                   Task "Error" skipped, due to false condition; ('$(OutDir)' != '' and !HasTrailingSlash('$(OutDir)')) was evaluated as ('E:\DONOTOPEN\FUCKYOU\VSSLN\Debug\' != '' and !HasTrailingSlash('E:\DONOTOPEN\FUCKYOU\VSSLN\Debug\')).
                   Task "Error" skipped, due to false condition; ('$(BaseIntermediateOutputPath)' != '' and !HasTrailingSlash('$(BaseIntermediateOutputPath)')) was evaluated as ('obj\' != '' and !HasTrailingSlash('obj\')).
                   Task "Error" skipped, due to false condition; ('$(IntermediateOutputPath)' != '' and !HasTrailingSlash('$(IntermediateOutputPath)')) was evaluated as ('Win32\Debug\ZERO_CHECK\' != '' and !HasTrailingSlash('Win32\Debug\ZERO_CHECK\')).
10:22:16.463     1>Done building target "_CheckForInvalidConfigurationAndPlatform" in project "ZERO_CHECK.vcxproj".: (TargetId:2)
10:22:16.463     1>Target "_DetermineManagedStateFromCL: (TargetId:3)" in file "C:\Program Files (x86)\MSBuild\Microsoft.Cpp\v4.0\Microsoft.CppBuild.targets" from project "E:\DONOTOPEN\FUCKYOU\VSSLN\ZERO_CHECK.vcxproj" (target "Build" depends on it):
10:22:16.463     1>Done building target "_DetermineManagedStateFromCL" in project "ZERO_CHECK.vcxproj".: (TargetId:3)
10:22:16.463     1>Target "_PrepareForBuild: (TargetId:4)" in file "C:\Program Files (x86)\MSBuild\Microsoft.Cpp\v4.0\Microsoft.BuildSteps.Targets" from project "E:\DONOTOPEN\FUCKYOU\VSSLN\ZERO_CHECK.vcxproj" (target "Build" depends on it):
10:22:16.463     1>Done building target "_PrepareForBuild" in project "ZERO_CHECK.vcxproj".: (TargetId:4)
10:22:16.463     1>Target "SetBuildDefaultEnvironmentVariables: (TargetId:5)" in file "C:\Program Files (x86)\MSBuild\Microsoft.Cpp\v4.0\Microsoft.Cpp.targets" from project "E:\DONOTOPEN\FUCKYOU\VSSLN\ZERO_CHECK.vcxproj" (target "Build" depends on it):
                   Using "SetEnv" task from assembly "Microsoft.Build.CppTasks.Common, Version=4.0.0.0, Culture=neutral, PublicKeyToken=b03f5f7f11d50a3a".
                   Task "SetEnv" (TaskId:4)
                     PATH=D:\Program Files (x86)\Microsoft Visual Studio 10.0\VC\bin;C:\Program Files (x86)\Microsoft SDKs\Windows\v7.0A\bin\NETFX 4.0 Tools;C:\Program Files (x86)\Microsoft SDKs\Windows\v7.0A\bin;D:\Program Files (x86)\Microsoft Visual Studio 10.0\Common7\Tools\bin;D:\Program Files (x86)\Microsoft Visual Studio 10.0\Common7\tools;D:\Program Files (x86)\Microsoft Visual Studio 10.0\Common7\ide;C:\Program Files (x86)\HTML Help Workshop;C:\Program Files (x86)\Microsoft SDKs\Windows\v7.0A\\bin;C:\windows\Microsoft.NET\Framework\v4.0.30319\;D:\Program Files (x86)\Microsoft Visual Studio 10.0\;C:\windows\SysWow64;;C:\windows\system32;C:\windows;C:\windows\System32\Wbem;C:\windows\System32\WindowsPowerShell\v1.0\;C:\Program Files (x86)\Microsoft SQL Server\100\Tools\Binn\;C:\Program Files\Microsoft SQL Server\100\Tools\Binn\;C:\Program Files\Microsoft SQL Server\100\DTS\Binn\;D:\Program Files\TortoiseSVN\bin;C:\Program Files (x86)\Git\cmd;C:\Program Files\TortoiseGit\bin;C:\Program Files (x86)\GtkSharp\2.12\bin;C:\Program Files (x86)\Xoreax\IncrediBuild;D:\Program Files (x86)\NVIDIA Corporation\Cg\bin;D:\Program Files (x86)\NVIDIA Corporation\Cg\bin.x64; (TaskId:4)
                   Done executing task "SetEnv". (TaskId:4)
                   Task "SetEnv" skipped, due to false condition; ('$(_IsNativeEnvironment)' == 'true') was evaluated as ('' == 'true').
                   Task "SetEnv" (TaskId:5)
                     LIB=D:\Program Files (x86)\Microsoft Visual Studio 10.0\VC\lib;D:\Program Files (x86)\Microsoft Visual Studio 10.0\VC\atlmfc\lib;C:\Program Files (x86)\Microsoft SDKs\Windows\v7.0A\lib;C:\Program Files (x86)\Microsoft SDKs\Windows\v7.0A\\lib (TaskId:5)
                   Done executing task "SetEnv". (TaskId:5)
                   Task "SetEnv" (TaskId:6)
                     LIBPATH=D:\Program Files (x86)\Microsoft Visual Studio 10.0\VC\atlmfc\lib;D:\Program Files (x86)\Microsoft Visual Studio 10.0\VC\lib (TaskId:6)
                   Done executing task "SetEnv". (TaskId:6)
                   Task "SetEnv" (TaskId:7)
                     INCLUDE=D:\Program Files (x86)\Microsoft Visual Studio 10.0\VC\include;D:\Program Files (x86)\Microsoft Visual Studio 10.0\VC\atlmfc\include;C:\Program Files (x86)\Microsoft SDKs\Windows\v7.0A\include;C:\Program Files (x86)\Microsoft SDKs\Windows\v7.0A\\include; (TaskId:7)
                   Done executing task "SetEnv". (TaskId:7)
10:22:16.463     1>Done building target "SetBuildDefaultEnvironmentVariables" in project "ZERO_CHECK.vcxproj".: (TargetId:5)
                   Target "SetUserMacroEnvironmentVariables" skipped, due to false condition; ('@(BuildMacro)' != '') was evaluated as ('' != '').
10:22:16.463     1>Target "BeforeResolveReferences: (TargetId:6)" in file "C:\windows\Microsoft.NET\Framework\v4.0.30319\Microsoft.Common.Targets" from project "E:\DONOTOPEN\FUCKYOU\VSSLN\ZERO_CHECK.vcxproj" (target "ResolveReferences" depends on it):
10:22:16.463     1>Done building target "BeforeResolveReferences" in project "ZERO_CHECK.vcxproj".: (TargetId:6)
10:22:16.463     1>Target "AssignProjectConfiguration: (TargetId:7)" in file "C:\windows\Microsoft.NET\Framework\v4.0.30319\Microsoft.Common.Targets" from project "E:\DONOTOPEN\FUCKYOU\VSSLN\ZERO_CHECK.vcxproj" (target "ResolveReferences" depends on it):
                   Using "AssignProjectConfiguration" task from assembly "Microsoft.Build.Tasks.v4.0, Version=4.0.0.0, Culture=neutral, PublicKeyToken=b03f5f7f11d50a3a".
                   Task "AssignProjectConfiguration" (TaskId:8)
                   Done executing task "AssignProjectConfiguration". (TaskId:8)
10:22:16.463     1>Done building target "AssignProjectConfiguration" in project "ZERO_CHECK.vcxproj".: (TargetId:7)
                   Target "AssignProjectConfiguration" skipped. Previously built successfully.
10:22:16.463     1>Target "_SplitProjectReferencesByFileExistence: (TargetId:8)" in file "C:\windows\Microsoft.NET\Framework\v4.0.30319\Microsoft.Common.Targets" from project "E:\DONOTOPEN\FUCKYOU\VSSLN\ZERO_CHECK.vcxproj" (target "ResolveProjectReferences" depends on it):
                   Task "ResolveNonMSBuildProjectOutput" skipped, due to false condition; ('$(BuildingInsideVisualStudio)'=='true' and '@(ProjectReferenceWithConfiguration)'!='') was evaluated as ('true'=='true' and ''!='').
10:22:16.463     1>Done building target "_SplitProjectReferencesByFileExistence" in project "ZERO_CHECK.vcxproj".: (TargetId:8)
                   Target "_RemoveNameMetadataFromProjectReferenceItems" skipped, due to false condition; ('@(ProjectReference)'!='') was evaluated as (''!='').
10:22:16.463     1>Target "ResolveProjectReferences: (TargetId:9)" in file "C:\windows\Microsoft.NET\Framework\v4.0.30319\Microsoft.Common.Targets" from project "E:\DONOTOPEN\FUCKYOU\VSSLN\ZERO_CHECK.vcxproj" (target "ResolveReferences" depends on it):
                   Task "MSBuild" skipped, due to false condition; ('%(_MSBuildProjectReferenceExistent.BuildReference)' == 'true' and '@(ProjectReferenceWithConfiguration)' != '' and ('$(BuildingInsideVisualStudio)' == 'true' or '$(BuildProjectReferences)' != 'true') and '$(VisualStudioVersion)' != '10.0' and '@(_MSBuildProjectReferenceExistent)' != '') was evaluated as ('' == 'true' and '' != '' and ('true' == 'true' or 'true' != 'true') and '10.0' != '10.0' and '' != '').
                   Task "MSBuild" skipped, due to false condition; ('%(_MSBuildProjectReferenceExistent.BuildReference)' == 'true' and '@(ProjectReferenceWithConfiguration)' != '' and ('$(BuildingInsideVisualStudio)' == 'true' or '$(BuildProjectReferences)' != 'true') and '$(VisualStudioVersion)' == '10.0' and '@(_MSBuildProjectReferenceExistent)' != '') was evaluated as ('' == 'true' and '' != '' and ('true' == 'true' or 'true' != 'true') and '10.0' == '10.0' and '' != '').
                   Task "MSBuild" skipped, due to false condition; ('%(_MSBuildProjectReferenceExistent.BuildReference)' == 'true' and '@(ProjectReferenceWithConfiguration)' != '' and '$(BuildingInsideVisualStudio)' != 'true' and '$(BuildProjectReferences)' == 'true' and '@(_MSBuildProjectReferenceExistent)' != '') was evaluated as ('' == 'true' and '' != '' and 'true' != 'true' and 'true' == 'true' and '' != '').
                   Task "MSBuild" skipped, due to false condition; ('%(_MSBuildProjectReferenceExistent.BuildReference)' == 'true' and '@(ProjectReferenceWithConfiguration)' != '' and '$(BuildingProject)' == 'true' and '@(_MSBuildProjectReferenceExistent)' != '') was evaluated as ('' == 'true' and '' != '' and 'true' == 'true' and '' != '').
                   Task "Warning" skipped, due to false condition; ('@(ProjectReferenceWithConfiguration)' != '' and '@(_MSBuildProjectReferenceNonexistent)' != '') was evaluated as ('' != '' and '' != '').
10:22:16.463     1>Done building target "ResolveProjectReferences" in project "ZERO_CHECK.vcxproj".: (TargetId:9)
                   Target "ResolveNativeReferences" skipped, due to false condition; ('@(NativeReference)'!='') was evaluated as (''!='').
10:22:16.463     1>Target "GetFrameworkPaths: (TargetId:10)" in file "C:\windows\Microsoft.NET\Framework\v4.0.30319\Microsoft.NETFramework.targets" from project "E:\DONOTOPEN\FUCKYOU\VSSLN\ZERO_CHECK.vcxproj" (target "ResolveAssemblyReferences" depends on it):
10:22:16.463     1>Done building target "GetFrameworkPaths" in project "ZERO_CHECK.vcxproj".: (TargetId:10)
                   Target "GetWinFXPath" skipped, due to false condition; (('@(Page)' != '' or '@(ApplicationDefinition)' != '' or '@(Resource)' != '') and ('$(GetWinFXNativePath)' != '' or '$(GetWinFXWoWPath)' != '' )) was evaluated as (('' != '' or '' != '' or '' != '') and ('' != '' or '' != '' )).
10:22:16.463     1>Target "GetReferenceAssemblyPaths: (TargetId:11)" in file "C:\windows\Microsoft.NET\Framework\v4.0.30319\Microsoft.Common.Targets" from project "E:\DONOTOPEN\FUCKYOU\VSSLN\ZERO_CHECK.vcxproj" (target "ResolveAssemblyReferences" depends on it):
                   Task "GetReferenceAssemblyPaths" skipped, due to false condition; ('$(TargetFrameworkMoniker)' != '' and ('$(_TargetFrameworkDirectories)' == '' or '$(_FullFrameworkReferenceAssemblyPaths)' == '')) was evaluated as ('.NETFramework,Version=v4.0' != '' and ('C:\Program Files (x86)\Reference Assemblies\Microsoft\Framework\.NETFramework\v4.0' == '' or 'C:\Program Files (x86)\Reference Assemblies\Microsoft\Framework\.NETFramework\v4.0' == '')).
10:22:16.463     1>Done building target "GetReferenceAssemblyPaths" in project "ZERO_CHECK.vcxproj".: (TargetId:11)
10:22:16.463     1>Target "PlatformPrepareForBuild: (TargetId:12)" in file "C:\Program Files (x86)\MSBuild\Microsoft.Cpp\v4.0\Platforms\Win32\Microsoft.Cpp.Win32.Targets" from project "E:\DONOTOPEN\FUCKYOU\VSSLN\ZERO_CHECK.vcxproj" (target "PrepareForBuild" depends on it):
                   Task "VCMessage" skipped, due to false condition; (!(exists('$(VCTargetsPath)\Platforms\Win32\PlatformToolsets\$(PlatformToolset)\Microsoft.Cpp.Win32.$(PlatformToolset).targets'))) was evaluated as (!(exists('C:\Program Files (x86)\MSBuild\Microsoft.Cpp\v4.0\\Platforms\Win32\PlatformToolsets\v100\Microsoft.Cpp.Win32.v100.targets'))).
10:22:16.463     1>Done building target "PlatformPrepareForBuild" in project "ZERO_CHECK.vcxproj".: (TargetId:12)
                   Target "GetFrameworkPaths" skipped. Previously built successfully.
                   Target "GetReferenceAssemblyPaths" skipped. Previously built successfully.
10:22:16.463     1>Target "PrepareForBuild: (TargetId:13)" in file "C:\Program Files (x86)\MSBuild\Microsoft.Cpp\v4.0\Microsoft.CppBuild.targets" from project "E:\DONOTOPEN\FUCKYOU\VSSLN\ZERO_CHECK.vcxproj" (target "ResolveAssemblyReferences" depends on it):
                   Task "VCMessage" skipped, due to false condition; ('$(DesignTimeBuild)'!='true' and '$(ConfigurationPlatformExists)' != 'true') was evaluated as (''!='true' and 'true' != 'true').
                   Using "MakeDir" task from assembly "Microsoft.Build.Tasks.v4.0, Version=4.0.0.0, Culture=neutral, PublicKeyToken=b03f5f7f11d50a3a".
                   Task "MakeDir" (TaskId:9)
                   Done executing task "MakeDir". (TaskId:9)
                   Task "VCMessage" skipped, due to false condition; ('$(DesignTimeBuild)'!='true' and '$(VCInstallDir)'=='' and '$(UseEnv)' != 'true' and ($(TargetFrameworkVersion)=='v3.5' or $(TargetFrameworkVersion)=='v3.0' or $(TargetFrameworkVersion)=='v2.0' )) was evaluated as (''!='true' and 'D:\Program Files (x86)\Microsoft Visual Studio 10.0\VC\'=='' and '' != 'true' and (v4.0=='v3.5' or v4.0=='v3.0' or v4.0=='v2.0' )).
                   Task "VCMessage" skipped, due to false condition; ('$(DesignTimeBuild)'!='true' and '$(VCInstallDir)'=='' and '$(UseEnv)' != 'true' and '$(PlatformToolset)'=='v90') was evaluated as (''!='true' and 'D:\Program Files (x86)\Microsoft Visual Studio 10.0\VC\'=='' and '' != 'true' and 'v100'=='v90').
                   Task "VCMessage" skipped, due to false condition; ('$(VCInstallDir)'=='' and '$(UseEnv)' != 'true') was evaluated as ('D:\Program Files (x86)\Microsoft Visual Studio 10.0\VC\'=='' and '' != 'true').
                   Task "VCMessage" skipped, due to false condition; ('$(WindowsSDKDir)'=='' and '$(UseEnv)' != 'true') was evaluated as ('C:\Program Files (x86)\Microsoft SDKs\Windows\v7.0A\'=='' and '' != 'true').
                   Task "VCMessage" skipped, due to false condition; ('$(IntDirTrailingSlashWarning)'=='true') was evaluated as (''=='true').
                   Task "VCMessage" skipped, due to false condition; ('$(OutDirTrailingSlashWarning)'=='true') was evaluated as (''=='true').
                   Task "MakeDir" (TaskId:10)
                   Done executing task "MakeDir". (TaskId:10)
10:22:16.463     1>Done building target "PrepareForBuild" in project "ZERO_CHECK.vcxproj".: (TargetId:13)
10:22:16.463     1>Target "GetInstalledSDKLocations: (TargetId:14)" in file "C:\windows\Microsoft.NET\Framework\v4.0.30319\Microsoft.Common.Targets" from project "E:\DONOTOPEN\FUCKYOU\VSSLN\ZERO_CHECK.vcxproj" (target "ResolveSDKReferences" depends on it):
                   Task "GetInstalledSDKLocations" skipped, due to false condition; ('@(SDKReference)' != '') was evaluated as ('' != '').
10:22:16.463     1>Done building target "GetInstalledSDKLocations" in project "ZERO_CHECK.vcxproj".: (TargetId:14)
10:22:16.463     1>Target "ResolveSDKReferences: (TargetId:15)" in file "C:\windows\Microsoft.NET\Framework\v4.0.30319\Microsoft.Common.Targets" from project "E:\DONOTOPEN\FUCKYOU\VSSLN\ZERO_CHECK.vcxproj" (target "ResolveAssemblyReferences" depends on it):
                   Task "ResolveSDKReference" skipped, due to false condition; ('@(SDKReference)'!='') was evaluated as (''!='').
10:22:16.463     1>Done building target "ResolveSDKReferences" in project "ZERO_CHECK.vcxproj".: (TargetId:15)
                   Target "ResolveSDKReferences" skipped. Previously built successfully.
10:22:16.463     1>Target "ExpandSDKReferences: (TargetId:16)" in file "C:\windows\Microsoft.NET\Framework\v4.0.30319\Microsoft.Common.Targets" from project "E:\DONOTOPEN\FUCKYOU\VSSLN\ZERO_CHECK.vcxproj" (target "ResolveAssemblyReferences" depends on it):
                   Task "GetSDKReferenceFiles" skipped, due to false condition; ('@(ResolvedSDKReference)'!='') was evaluated as (''!='').
10:22:16.463     1>Done building target "ExpandSDKReferences" in project "ZERO_CHECK.vcxproj".: (TargetId:16)
10:22:16.463     1>Target "ResolveAssemblyReferences: (TargetId:17)" in file "C:\windows\Microsoft.NET\Framework\v4.0.30319\Microsoft.Common.Targets" from project "E:\DONOTOPEN\FUCKYOU\VSSLN\ZERO_CHECK.vcxproj" (target "ResolveReferences" depends on it):
                   Using "ResolveAssemblyReference" task from assembly "Microsoft.Build.Tasks.v4.0, Version=4.0.0.0, Culture=neutral, PublicKeyToken=b03f5f7f11d50a3a".
                   Task "ResolveAssemblyReference" (TaskId:11)
                     TargetFrameworkMoniker: (TaskId:11)
                         .NETFramework,Version=v4.0 (TaskId:11)
                     TargetFrameworkMonikerDisplayName: (TaskId:11)
                         .NET Framework 4 (TaskId:11)
                     TargetedRuntimeVersion: (TaskId:11)
                         v4.0.30319 (TaskId:11)
                     Assemblies: (TaskId:11)
                         System.Core (TaskId:11)
                     AssemblyFiles: (TaskId:11)
                     CandidateAssemblyFiles: (TaskId:11)
                     TargetFrameworkDirectories: (TaskId:11)
                         C:\Program Files (x86)\Reference Assemblies\Microsoft\Framework\.NETFramework\v4.0 (TaskId:11)
                     InstalledAssemblyTables: (TaskId:11)
                     IgnoreInstalledAssemblyTable: (TaskId:11)
                         False (TaskId:11)
                     SearchPaths: (TaskId:11)
                         {CandidateAssemblyFiles} (TaskId:11)
                         D:\Program Files (x86)\Microsoft Visual Studio 10.0\VC\atlmfc\lib (TaskId:11)
                         D:\Program Files (x86)\Microsoft Visual Studio 10.0\VC\lib (TaskId:11)
                         {HintPathFromItem} (TaskId:11)
                         {TargetFrameworkDirectory} (TaskId:11)
                         {Registry:Software\Microsoft\.NETFramework,v4.0,AssemblyFoldersEx} (TaskId:11)
                         {AssemblyFolders} (TaskId:11)
                         {GAC} (TaskId:11)
                         {RawFileName} (TaskId:11)
                         E:\DONOTOPEN\FUCKYOU\VSSLN\Debug\ (TaskId:11)
                     AllowedAssemblyExtensions: (TaskId:11)
                         .winmd (TaskId:11)
                         .dll (TaskId:11)
                         .exe (TaskId:11)
                     AllowedRelatedFileExtensions: (TaskId:11)
                         .pdb (TaskId:11)
                         .xml (TaskId:11)
                         .pri (TaskId:11)
                     AppConfigFile: (TaskId:11)
                          (TaskId:11)
                     AutoUnify: (TaskId:11)
                         False (TaskId:11)
                     CopyLocalDependenciesWhenParentReferenceInGac: (TaskId:11)
                         True (TaskId:11)
                     FindDependencies: (TaskId:11)
                         True (TaskId:11)
                     TargetProcessorArchitecture: (TaskId:11)
                         x86 (TaskId:11)
                     StateFile: (TaskId:11)
                         Win32\Debug\ZERO_CHECK\ZERO_CHECK.vcxprojResolveAssemblyReference.cache (TaskId:11)
                     InstalledAssemblySubsetTables: (TaskId:11)
                     IgnoreInstalledAssemblySubsetTable: (TaskId:11)
                         False (TaskId:11)
                     TargetFrameworkSubsets: (TaskId:11)
                     FullTargetFrameworkSubsetNames: (TaskId:11)
                         Full (TaskId:11)
                     ProfileName: (TaskId:11)
                          (TaskId:11)
                     FullFrameworkFolders: (TaskId:11)
                         C:\Program Files (x86)\Reference Assemblies\Microsoft\Framework\.NETFramework\v4.0 (TaskId:11)
                     LatestTargetFrameworkDirectories: (TaskId:11)
                     ProfileTablesLocation: (TaskId:11)
                     Primary reference "System.Core, Version=4.0.0.0, Culture=neutral, PublicKeyToken=b77a5c561934e089". (TaskId:11)
                         Resolved file path is "C:\Program Files (x86)\Reference Assemblies\Microsoft\Framework\.NETFramework\v4.0\System.Core.dll". (TaskId:11)
                         Reference found at search path location "{TargetFrameworkDirectory}". (TaskId:11)
                             For SearchPath "D:\Program Files (x86)\Microsoft Visual Studio 10.0\VC\atlmfc\lib". (TaskId:11)
                             Considered "D:\Program Files (x86)\Microsoft Visual Studio 10.0\VC\atlmfc\lib\System.Core.winmd", but it didn't exist. (TaskId:11)
                             Considered "D:\Program Files (x86)\Microsoft Visual Studio 10.0\VC\atlmfc\lib\System.Core.dll", but it didn't exist. (TaskId:11)
                             Considered "D:\Program Files (x86)\Microsoft Visual Studio 10.0\VC\atlmfc\lib\System.Core.exe", but it didn't exist. (TaskId:11)
                             For SearchPath "D:\Program Files (x86)\Microsoft Visual Studio 10.0\VC\lib". (TaskId:11)
                             Considered "D:\Program Files (x86)\Microsoft Visual Studio 10.0\VC\lib\System.Core.winmd", but it didn't exist. (TaskId:11)
                             Considered "D:\Program Files (x86)\Microsoft Visual Studio 10.0\VC\lib\System.Core.dll", but it didn't exist. (TaskId:11)
                             Considered "D:\Program Files (x86)\Microsoft Visual Studio 10.0\VC\lib\System.Core.exe", but it didn't exist. (TaskId:11)
                             For SearchPath "{TargetFrameworkDirectory}". (TaskId:11)
                             Considered "C:\Program Files (x86)\Reference Assemblies\Microsoft\Framework\.NETFramework\v4.0\System.Core.winmd", but it didn't exist. (TaskId:11)
                         This reference is not "CopyLocal" because it's a prerequisite file. (TaskId:11)
                         The ImageRuntimeVersion for this reference is "v4.0.30319". (TaskId:11)
                   Done executing task "ResolveAssemblyReference". (TaskId:11)
10:22:16.463     1>Done building target "ResolveAssemblyReferences" in project "ZERO_CHECK.vcxproj".: (TargetId:17)
                   Target "ResolveComReferences" skipped, due to false condition; ('@(COMReference)'!='' or '@(COMFileReference)'!='') was evaluated as (''!='' or ''!='').
10:22:16.463     1>Target "AfterResolveReferences: (TargetId:18)" in file "C:\windows\Microsoft.NET\Framework\v4.0.30319\Microsoft.Common.Targets" from project "E:\DONOTOPEN\FUCKYOU\VSSLN\ZERO_CHECK.vcxproj" (target "ResolveReferences" depends on it):
10:22:16.463     1>Done building target "AfterResolveReferences" in project "ZERO_CHECK.vcxproj".: (TargetId:18)
                   Target "ImplicitlyExpandDesignTimeFacades" skipped, due to false condition; ('$(ImplicitlyExpandDesignTimeFacades)' == 'true') was evaluated as ('' == 'true').
                   Target "ResolveTestReferences" skipped, due to false condition; ('@(Shadow)'!='') was evaluated as (''!='').
10:22:16.463     1>Target "ResolveReferences: (TargetId:19)" in file "C:\windows\Microsoft.NET\Framework\v4.0.30319\Microsoft.Common.Targets" from project "E:\DONOTOPEN\FUCKYOU\VSSLN\ZERO_CHECK.vcxproj" (target "Build" depends on it):
10:22:16.463     1>Done building target "ResolveReferences" in project "ZERO_CHECK.vcxproj".: (TargetId:19)
                   Target "PrepareForBuild" skipped. Previously built successfully.
                   Target "PrepareForBuild" skipped. Previously built successfully.
10:22:16.463     1>Target "InitializeBuildStatus: (TargetId:20)" in file "C:\Program Files (x86)\MSBuild\Microsoft.Cpp\v4.0\Microsoft.CppBuild.targets" from project "E:\DONOTOPEN\FUCKYOU\VSSLN\ZERO_CHECK.vcxproj" (target "Build" depends on it):
                   Using "ReadLinesFromFile" task from assembly "Microsoft.Build.Tasks.v4.0, Version=4.0.0.0, Culture=neutral, PublicKeyToken=b03f5f7f11d50a3a".
                   Task "ReadLinesFromFile" (TaskId:12)
                   Done executing task "ReadLinesFromFile". (TaskId:12)
                   Using "WriteLinesToFile" task from assembly "Microsoft.Build.Tasks.v4.0, Version=4.0.0.0, Culture=neutral, PublicKeyToken=b03f5f7f11d50a3a".
                   Task "WriteLinesToFile" (TaskId:13)
                   Done executing task "WriteLinesToFile". (TaskId:13)
                   Using "Touch" task from assembly "Microsoft.Build.Tasks.v4.0, Version=4.0.0.0, Culture=neutral, PublicKeyToken=b03f5f7f11d50a3a".
                   Task "Touch" (TaskId:14)
                     Touching "Win32\Debug\ZERO_CHECK\ZERO_CHECK.unsuccessfulbuild". (TaskId:14)
                   Done executing task "Touch". (TaskId:14)
10:22:16.463     1>Done building target "InitializeBuildStatus" in project "ZERO_CHECK.vcxproj".: (TargetId:20)
                   Target "AssignProjectConfiguration" skipped. Previously built successfully.
                   Target "_SplitProjectReferencesByFileExistence" skipped. Previously built successfully.
10:22:16.463     1>Target "BuildGenerateSourcesTraverse: (TargetId:21)" in file "C:\windows\Microsoft.NET\Framework\v4.0.30319\Microsoft.Common.Targets" from project "E:\DONOTOPEN\FUCKYOU\VSSLN\ZERO_CHECK.vcxproj" (target "BuildGenerateSources" depends on it):
                   Task "MSBuild" skipped, due to false condition; ('$(BuildPassReferences)' == 'true' and '@(ProjectReferenceWithConfiguration)' != '' and '@(_MSBuildProjectReferenceExistent)' != '' and '%(_MSBuildProjectReferenceExistent.BuildReference)' == 'true') was evaluated as ('' == 'true' and '' != '' and '' != '' and '' == 'true').
10:22:16.463     1>Done building target "BuildGenerateSourcesTraverse" in project "ZERO_CHECK.vcxproj".: (TargetId:21)
                   Target "SetBuildDefaultEnvironmentVariables" skipped. Previously built successfully.
                   Target "SetUserMacroEnvironmentVariables" skipped, due to false condition; ('@(BuildMacro)' != '') was evaluated as ('' != '').
                   Target "PrepareForBuild" skipped. Previously built successfully.
                   Target "ResolveReferences" skipped. Previously built successfully.
10:22:16.463     1>Target "BeforeBuildGenerateSources: (TargetId:22)" in file "C:\Program Files (x86)\MSBuild\Microsoft.Cpp\v4.0\Microsoft.BuildSteps.Targets" from project "E:\DONOTOPEN\FUCKYOU\VSSLN\ZERO_CHECK.vcxproj" (target "BuildGenerateSources" depends on it):
10:22:16.463     1>Done building target "BeforeBuildGenerateSources" in project "ZERO_CHECK.vcxproj".: (TargetId:22)
10:22:16.463     1>Target "PreBuildEvent: (TargetId:23)" in file "C:\Program Files (x86)\MSBuild\Microsoft.Cpp\v4.0\Microsoft.CppCommon.targets" from project "E:\DONOTOPEN\FUCKYOU\VSSLN\ZERO_CHECK.vcxproj" (target "BuildGenerateSources" depends on it):
                   Task "Message" skipped, due to false condition; ('%(PreBuildEvent.Message)' != '' and '%(PreBuildEvent.Command)' != '') was evaluated as ('' != '' and '' != '').
                   Task "Exec" skipped, due to false condition; ('%(PreBuildEvent.Command)' != '') was evaluated as ('' != '').
10:22:16.463     1>Done building target "PreBuildEvent" in project "ZERO_CHECK.vcxproj".: (TargetId:23)
                   Target "PrepareForBuild" skipped. Previously built successfully.
                   Target "SetBuildDefaultEnvironmentVariables" skipped. Previously built successfully.
                   Target "SetUserMacroEnvironmentVariables" skipped, due to false condition; ('@(BuildMacro)' != '') was evaluated as ('' != '').
10:22:16.463     1>Target "_SelectedFiles: (TargetId:24)" in file "C:\Program Files (x86)\MSBuild\Microsoft.Cpp\v4.0\Microsoft.CppBuild.targets" from project "E:\DONOTOPEN\FUCKYOU\VSSLN\ZERO_CHECK.vcxproj" (target "SelectCustomBuild" depends on it):
10:22:16.463     1>Done building target "_SelectedFiles" in project "ZERO_CHECK.vcxproj".: (TargetId:24)
10:22:16.463     1>Target "SelectCustomBuild: (TargetId:25)" in file "C:\Program Files (x86)\MSBuild\Microsoft.Cpp\v4.0\Microsoft.CppBuild.targets" from project "E:\DONOTOPEN\FUCKYOU\VSSLN\ZERO_CHECK.vcxproj" (target "CustomBuild" depends on it):
10:22:16.463     1>Done building target "SelectCustomBuild" in project "ZERO_CHECK.vcxproj".: (TargetId:25)
10:22:16.463     1>Target "ComputeCustomBuildOutput: (TargetId:26)" in file "C:\Program Files (x86)\MSBuild\Microsoft.Cpp\v4.0\Microsoft.CppBuild.targets" from project "E:\DONOTOPEN\FUCKYOU\VSSLN\ZERO_CHECK.vcxproj" (target "CustomBuild" depends on it):
                   Task "MakeDir" (TaskId:15)
                   Done executing task "MakeDir". (TaskId:15)
10:22:16.463     1>Done building target "ComputeCustomBuildOutput" in project "ZERO_CHECK.vcxproj".: (TargetId:26)
10:22:16.463     1>Target "CustomBuild: (TargetId:27)" in file "C:\Program Files (x86)\MSBuild\Microsoft.Cpp\v4.0\Microsoft.CppCommon.targets" from project "E:\DONOTOPEN\FUCKYOU\VSSLN\ZERO_CHECK.vcxproj" (target "BuildGenerateSources" depends on it):
                   Using "CustomBuild" task from assembly "Microsoft.Build.CppTasks.Common, Version=4.0.0.0, Culture=neutral, PublicKeyToken=b03f5f7f11d50a3a".
                   Task "CustomBuild" (TaskId:16)
                     Write Tracking Logs: (TaskId:16)
                     	Win32\Debug\ZERO_CHECK\custombuild.write.1.tlog (TaskId:16)
                     Read Tracking Logs: (TaskId:16)
                     	Win32\Debug\ZERO_CHECK\custombuild.read.1.tlog (TaskId:16)
                     No output for E:\DONOTOPEN\FUCKYOU\VSSLN\CMAKEFILES\GENERATE.STAMP.RULE|E:\DONOTOPEN\FUCKYOU\VSSLN\CMAKEFILES\ZERO_CHECK.RULE was found in the tracking log; source compilation required. (TaskId:16)
                     CMakeFiles\ZERO_CHECK.rule will be compiled as it was not found in the tracking log. (TaskId:16)
                     CMakeFiles\generate.stamp.rule will be compiled as it was not found in the tracking log. (TaskId:16)
                     setlocal
                     D:\cmake-2.8.8-win32-x86_webjet\cmake-2.8.8-win32-x86\bin\cmake.exe -HE:/DONOTOPEN/FUCKYOU -BE:/DONOTOPEN/FUCKYOU/VSSLN --check-stamp-list CMakeFiles/generate.stamp.list --vs-solution-file "E:\DONOTOPEN\FUCKYOU\VSSLN\CATFISH.sln"
                     if %errorlevel% neq 0 goto :cmEnd
                     :cmEnd
                     endlocal & call :cmErrorLevel %errorlevel% & goto :cmDone
                     :cmErrorLevel
                     exit /b %1
                     :cmDone
                     if %errorlevel% neq 0 goto :VCEnd (TaskId:16)
                     setlocal
                     :cmEnd
                     endlocal & call :cmErrorLevel %errorlevel% & goto :cmDone
                     :cmErrorLevel
                     exit /b %1
                     :cmDone
                     if %errorlevel% neq 0 goto :VCEnd (TaskId:16)
                     Checking Build System (TaskId:16)
                     系统找不到指定的路径。 (TaskId:16)
10:22:16.494     1>C:\Program Files (x86)\MSBuild\Microsoft.Cpp\v4.0\Microsoft.CppCommon.targets(151,5): error MSB6006: "cmd.exe" exited with code 3.
                   Done executing task "CustomBuild" -- FAILED. (TaskId:16)
10:22:16.510     1>Done building target "CustomBuild" in project "ZERO_CHECK.vcxproj" -- FAILED.: (TargetId:27)
10:22:16.510     1>Done Building Project "E:\DONOTOPEN\FUCKYOU\VSSLN\ZERO_CHECK.vcxproj" (build target(s)) -- FAILED.

Project Performance Summary:
       47 ms  E:\DONOTOPEN\FUCKYOU\VSSLN\ZERO_CHECK.vcxproj   1 calls
                 47 ms  build                                      1 calls

Target Performance Summary:
        0 ms  _CheckForInvalidConfigurationAndPlatform   1 calls
        0 ms  ResolveAssemblyReferences                  1 calls
        0 ms  _SplitProjectReferencesByFileExistence     1 calls
        0 ms  GetFrameworkPaths                          1 calls
        0 ms  GetReferenceAssemblyPaths                  1 calls
        0 ms  BuildGenerateSourcesTraverse               1 calls
        0 ms  _PrepareForBuild                           1 calls
        0 ms  PrepareForBuild                            1 calls
        0 ms  SelectCustomBuild                          1 calls
        0 ms  SetBuildDefaultEnvironmentVariables        1 calls
        0 ms  PlatformPrepareForBuild                    1 calls
        0 ms  ComputeCustomBuildOutput                   1 calls
        0 ms  GetInstalledSDKLocations                   1 calls
        0 ms  ResolveProjectReferences                   1 calls
        0 ms  BeforeBuildGenerateSources                 1 calls
        0 ms  ResolveReferences                          1 calls
        0 ms  InitializeBuildStatus                      1 calls
        0 ms  ExpandSDKReferences                        1 calls
        0 ms  ResolveSDKReferences                       1 calls
        0 ms  _DetermineManagedStateFromCL               1 calls
        0 ms  BeforeResolveReferences                    1 calls
        0 ms  PreBuildEvent                              1 calls
        0 ms  AssignProjectConfiguration                 1 calls
        0 ms  _SelectedFiles                             1 calls
        0 ms  AfterResolveReferences                     1 calls
       47 ms  CustomBuild                                1 calls

Task Performance Summary:
        0 ms  MakeDir                                    3 calls
        0 ms  ResolveAssemblyReference                   1 calls
        0 ms  WriteLinesToFile                           1 calls
        0 ms  Message                                    2 calls
        0 ms  SetEnv                                     4 calls
        0 ms  AssignProjectConfiguration                 1 calls
        0 ms  Touch                                      1 calls
        0 ms  ReadLinesFromFile                          1 calls
       47 ms  CustomBuild                                1 calls

Build FAILED.

Time Elapsed 00:00:00.04
