E:\DONOTOPEN\FUCKYOU\CATFISH\DEBUG\RESOURCEPHRASER.DLL
E:\DONOTOPEN\FUCKYOU\CATFISH\Debug\ResourcePhraser.exp
E:\DONOTOPEN\FUCKYOU\CATFISH\DEBUG\RESOURCEPHRASER.ILK
E:\DONOTOPEN\FUCKYOU\CATFISH\Debug\ResourcePhraser.lib
E:\DONOTOPEN\FUCKYOU\CATFISH\DEBUG\RESOURCEPHRASER.PDB
E:\DONOTOPEN\FUCKYOU\CATFISH\RESOURCEPHRASER\DEBUG\IMAGEPHASER.OBJ
E:\DONOTOPEN\FUCKYOU\CATFISH\RESOURCEPHRASER\DEBUG\IMAGERES.OBJ
E:\DONOTOPEN\FUCKYOU\CATFISH\RESOURCEPHRASER\DEBUG\MESHRES.OBJ
E:\DONOTOPEN\FUCKYOU\CATFISH\RESOURCEPHRASER\DEBUG\OBJMESHPHRASER.OBJ
E:\DONOTOPEN\FUCKYOU\CATFISH\RESOURCEPHRASER\DEBUG\RES.OBJ
E:\DONOTOPEN\FUCKYOU\CATFISH\RESOURCEPHRASER\DEBUG\RESMGR.OBJ
E:\DONOTOPEN\FUCKYOU\CATFISH\RESOURCEPHRASER\DEBUG\RESOURCEPHRASER.DLL.EMBED.MANIFEST
E:\DONOTOPEN\FUCKYOU\CATFISH\RESOURCEPHRASER\DEBUG\RESOURCEPHRASER.DLL.EMBED.MANIFEST.RES
E:\DONOTOPEN\FUCKYOU\CATFISH\RESOURCEPHRASER\DEBUG\RESOURCEPHRASER.DLL.INTERMEDIATE.MANIFEST
E:\DONOTOPEN\FUCKYOU\CATFISH\RESOURCEPHRASER\DEBUG\SHADERPHRASER.OBJ
E:\DONOTOPEN\FUCKYOU\CATFISH\RESOURCEPHRASER\DEBUG\SHADERRES.OBJ
E:\DONOTOPEN\FUCKYOU\CATFISH\RESOURCEPHRASER\DEBUG\SOUNDRES.OBJ
E:\DONOTOPEN\FUCKYOU\CATFISH\RESOURCEPHRASER\DEBUG\VC100.PDB
G:\DONOTOPEN\FUCKYOU\CATFISH\DEBUG\RESOURCEPHRASER.DLL
G:\DONOTOPEN\FUCKYOU\CATFISH\Debug\ResourcePhraser.exp
G:\DONOTOPEN\FUCKYOU\CATFISH\DEBUG\RESOURCEPHRASER.ILK
G:\DONOTOPEN\FUCKYOU\CATFISH\Debug\ResourcePhraser.lib
G:\DONOTOPEN\FUCKYOU\CATFISH\DEBUG\RESOURCEPHRASER.PDB
G:\DONOTOPEN\FUCKYOU\CATFISH\ResourcePhraser\Debug\cl.command.1.tlog
G:\DONOTOPEN\FUCKYOU\CATFISH\ResourcePhraser\Debug\CL.read.1.tlog
G:\DONOTOPEN\FUCKYOU\CATFISH\ResourcePhraser\Debug\CL.write.1.tlog
G:\DONOTOPEN\FUCKYOU\CATFISH\RESOURCEPHRASER\DEBUG\IMAGEPHASER.OBJ
G:\DONOTOPEN\FUCKYOU\CATFISH\RESOURCEPHRASER\DEBUG\IMAGERES.OBJ
G:\DONOTOPEN\FUCKYOU\CATFISH\ResourcePhraser\Debug\link.11144.read.1.tlog
G:\DONOTOPEN\FUCKYOU\CATFISH\ResourcePhraser\Debug\link.11144.write.1.tlog
G:\DONOTOPEN\FUCKYOU\CATFISH\ResourcePhraser\Debug\link.11144-cvtres.read.1.tlog
G:\DONOTOPEN\FUCKYOU\CATFISH\ResourcePhraser\Debug\link.11144-cvtres.write.1.tlog
G:\DONOTOPEN\FUCKYOU\CATFISH\ResourcePhraser\Debug\link.1596.read.1.tlog
G:\DONOTOPEN\FUCKYOU\CATFISH\ResourcePhraser\Debug\link.1596.write.1.tlog
G:\DONOTOPEN\FUCKYOU\CATFISH\ResourcePhraser\Debug\link.1596-cvtres.read.1.tlog
G:\DONOTOPEN\FUCKYOU\CATFISH\ResourcePhraser\Debug\link.1596-cvtres.write.1.tlog
G:\DONOTOPEN\FUCKYOU\CATFISH\ResourcePhraser\Debug\link.2616.read.1.tlog
G:\DONOTOPEN\FUCKYOU\CATFISH\ResourcePhraser\Debug\link.2616.write.1.tlog
G:\DONOTOPEN\FUCKYOU\CATFISH\ResourcePhraser\Debug\link.2616-cvtres.read.1.tlog
G:\DONOTOPEN\FUCKYOU\CATFISH\ResourcePhraser\Debug\link.2616-cvtres.write.1.tlog
G:\DONOTOPEN\FUCKYOU\CATFISH\ResourcePhraser\Debug\link.2636.read.1.tlog
G:\DONOTOPEN\FUCKYOU\CATFISH\ResourcePhraser\Debug\link.2636.write.1.tlog
G:\DONOTOPEN\FUCKYOU\CATFISH\ResourcePhraser\Debug\link.4444.read.1.tlog
G:\DONOTOPEN\FUCKYOU\CATFISH\ResourcePhraser\Debug\link.4444.write.1.tlog
G:\DONOTOPEN\FUCKYOU\CATFISH\ResourcePhraser\Debug\link.4444-cvtres.read.1.tlog
G:\DONOTOPEN\FUCKYOU\CATFISH\ResourcePhraser\Debug\link.4444-cvtres.write.1.tlog
G:\DONOTOPEN\FUCKYOU\CATFISH\ResourcePhraser\Debug\link.4908.read.1.tlog
G:\DONOTOPEN\FUCKYOU\CATFISH\ResourcePhraser\Debug\link.4908.write.1.tlog
G:\DONOTOPEN\FUCKYOU\CATFISH\ResourcePhraser\Debug\link.5632.read.1.tlog
G:\DONOTOPEN\FUCKYOU\CATFISH\ResourcePhraser\Debug\link.5632.write.1.tlog
G:\DONOTOPEN\FUCKYOU\CATFISH\ResourcePhraser\Debug\link.5632-cvtres.read.1.tlog
G:\DONOTOPEN\FUCKYOU\CATFISH\ResourcePhraser\Debug\link.5632-cvtres.write.1.tlog
G:\DONOTOPEN\FUCKYOU\CATFISH\ResourcePhraser\Debug\link.5840.read.1.tlog
G:\DONOTOPEN\FUCKYOU\CATFISH\ResourcePhraser\Debug\link.5840.write.1.tlog
G:\DONOTOPEN\FUCKYOU\CATFISH\ResourcePhraser\Debug\link.7584.read.1.tlog
G:\DONOTOPEN\FUCKYOU\CATFISH\ResourcePhraser\Debug\link.7584.write.1.tlog
G:\DONOTOPEN\FUCKYOU\CATFISH\ResourcePhraser\Debug\link.7584-cvtres.read.1.tlog
G:\DONOTOPEN\FUCKYOU\CATFISH\ResourcePhraser\Debug\link.7584-cvtres.write.1.tlog
G:\DONOTOPEN\FUCKYOU\CATFISH\ResourcePhraser\Debug\link.command.1.tlog
G:\DONOTOPEN\FUCKYOU\CATFISH\ResourcePhraser\Debug\link.read.1.tlog
G:\DONOTOPEN\FUCKYOU\CATFISH\ResourcePhraser\Debug\link.write.1.tlog
G:\DONOTOPEN\FUCKYOU\CATFISH\ResourcePhraser\Debug\link-cvtres.read.1.tlog
G:\DONOTOPEN\FUCKYOU\CATFISH\ResourcePhraser\Debug\link-cvtres.write.1.tlog
G:\DONOTOPEN\FUCKYOU\CATFISH\RESOURCEPHRASER\DEBUG\MESHRES.OBJ
G:\DONOTOPEN\FUCKYOU\CATFISH\ResourcePhraser\Debug\mt.command.1.tlog
G:\DONOTOPEN\FUCKYOU\CATFISH\ResourcePhraser\Debug\mt.read.1.tlog
G:\DONOTOPEN\FUCKYOU\CATFISH\ResourcePhraser\Debug\mt.write.1.tlog
G:\DONOTOPEN\FUCKYOU\CATFISH\RESOURCEPHRASER\DEBUG\OBJMESHPHRASER.OBJ
G:\DONOTOPEN\FUCKYOU\CATFISH\ResourcePhraser\Debug\rc.command.1.tlog
G:\DONOTOPEN\FUCKYOU\CATFISH\ResourcePhraser\Debug\rc.read.1.tlog
G:\DONOTOPEN\FUCKYOU\CATFISH\ResourcePhraser\Debug\rc.write.1.tlog
G:\DONOTOPEN\FUCKYOU\CATFISH\RESOURCEPHRASER\DEBUG\RES.OBJ
G:\DONOTOPEN\FUCKYOU\CATFISH\RESOURCEPHRASER\DEBUG\RESMGR.OBJ
G:\DONOTOPEN\FUCKYOU\CATFISH\ResourcePhraser\Debug\ResourcePhraser.dll.embed.manifest
G:\DONOTOPEN\FUCKYOU\CATFISH\RESOURCEPHRASER\DEBUG\RESOURCEPHRASER.DLL.EMBED.MANIFEST.RES
G:\DONOTOPEN\FUCKYOU\CATFISH\ResourcePhraser\Debug\ResourcePhraser.dll.intermediate.manifest
G:\DONOTOPEN\FUCKYOU\CATFISH\ResourcePhraser\Debug\ResourcePhraser.vcxprojResolveAssemblyReference.cache
G:\DONOTOPEN\FUCKYOU\CATFISH\ResourcePhraser\Debug\ResourcePhraser.write.1.tlog
G:\DONOTOPEN\FUCKYOU\CATFISH\ResourcePhraser\Debug\ResourcePhraser_manifest.rc
G:\DONOTOPEN\FUCKYOU\CATFISH\RESOURCEPHRASER\DEBUG\SHADERPHRASER.OBJ
G:\DONOTOPEN\FUCKYOU\CATFISH\RESOURCEPHRASER\DEBUG\SHADERRES.OBJ
G:\DONOTOPEN\FUCKYOU\CATFISH\RESOURCEPHRASER\DEBUG\SOUNDRES.OBJ
G:\DONOTOPEN\FUCKYOU\CATFISH\ResourcePhraser\Debug\vc100.idb
G:\DONOTOPEN\FUCKYOU\CATFISH\RESOURCEPHRASER\DEBUG\VC100.PDB
