E:\DONOTOPEN\FUCKYOU\BIN\WIN\DEBUG\SCRIPTSYSTEM.DLL
E:\DONOTOPEN\FUCKYOU\Bin\Win\Debug\ScriptSystem.exp
E:\DONOTOPEN\FUCKYOU\BIN\WIN\DEBUG\SCRIPTSYSTEM.ILK
E:\DONOTOPEN\FUCKYOU\Bin\Win\Debug\ScriptSystem.lib
E:\DONOTOPEN\FUCKYOU\BIN\WIN\DEBUG\SCRIPTSYSTEM.PDB
E:\DONOTOPEN\FUCKYOU\VSSLN\CATFISH\SCRIPTSYSTEM\CMAKEFILES\GENERATE.STAMP
E:\DONOTOPEN\FUCKYOU\VSSLN\CATFISH\ScriptSystem\ScriptSystem.dir\Debug\cl.command.1.tlog
E:\DONOTOPEN\FUCKYOU\VSSLN\CATFISH\ScriptSystem\ScriptSystem.dir\Debug\CL.read.1.tlog
E:\DONOTOPEN\FUCKYOU\VSSLN\CATFISH\ScriptSystem\ScriptSystem.dir\Debug\CL.write.1.tlog
E:\DONOTOPEN\FUCKYOU\VSSLN\CATFISH\ScriptSystem\ScriptSystem.dir\Debug\custombuild.command.1.tlog
E:\DONOTOPEN\FUCKYOU\VSSLN\CATFISH\ScriptSystem\ScriptSystem.dir\Debug\custombuild.read.1.tlog
E:\DONOTOPEN\FUCKYOU\VSSLN\CATFISH\ScriptSystem\ScriptSystem.dir\Debug\custombuild.write.1.tlog
E:\DONOTOPEN\FUCKYOU\VSSLN\CATFISH\ScriptSystem\ScriptSystem.dir\Debug\link.4484.read.1.tlog
E:\DONOTOPEN\FUCKYOU\VSSLN\CATFISH\ScriptSystem\ScriptSystem.dir\Debug\link.4484.write.1.tlog
E:\DONOTOPEN\FUCKYOU\VSSLN\CATFISH\ScriptSystem\ScriptSystem.dir\Debug\link.4484-cvtres.read.1.tlog
E:\DONOTOPEN\FUCKYOU\VSSLN\CATFISH\ScriptSystem\ScriptSystem.dir\Debug\link.4484-cvtres.write.1.tlog
E:\DONOTOPEN\FUCKYOU\VSSLN\CATFISH\ScriptSystem\ScriptSystem.dir\Debug\link.6812.read.1.tlog
E:\DONOTOPEN\FUCKYOU\VSSLN\CATFISH\ScriptSystem\ScriptSystem.dir\Debug\link.6812.write.1.tlog
E:\DONOTOPEN\FUCKYOU\VSSLN\CATFISH\ScriptSystem\ScriptSystem.dir\Debug\link.6812-cvtres.read.1.tlog
E:\DONOTOPEN\FUCKYOU\VSSLN\CATFISH\ScriptSystem\ScriptSystem.dir\Debug\link.6812-cvtres.write.1.tlog
E:\DONOTOPEN\FUCKYOU\VSSLN\CATFISH\ScriptSystem\ScriptSystem.dir\Debug\link.command.1.tlog
E:\DONOTOPEN\FUCKYOU\VSSLN\CATFISH\ScriptSystem\ScriptSystem.dir\Debug\link.read.1.tlog
E:\DONOTOPEN\FUCKYOU\VSSLN\CATFISH\ScriptSystem\ScriptSystem.dir\Debug\link.write.1.tlog
E:\DONOTOPEN\FUCKYOU\VSSLN\CATFISH\ScriptSystem\ScriptSystem.dir\Debug\link-cvtres.read.1.tlog
E:\DONOTOPEN\FUCKYOU\VSSLN\CATFISH\ScriptSystem\ScriptSystem.dir\Debug\link-cvtres.write.1.tlog
E:\DONOTOPEN\FUCKYOU\VSSLN\CATFISH\SCRIPTSYSTEM\SCRIPTSYSTEM.DIR\DEBUG\LUADOMAIN.OBJ
E:\DONOTOPEN\FUCKYOU\VSSLN\CATFISH\SCRIPTSYSTEM\SCRIPTSYSTEM.DIR\DEBUG\LUAROOTSCRIPT.OBJ
E:\DONOTOPEN\FUCKYOU\VSSLN\CATFISH\SCRIPTSYSTEM\SCRIPTSYSTEM.DIR\DEBUG\LUASCRIPT.OBJ
E:\DONOTOPEN\FUCKYOU\VSSLN\CATFISH\SCRIPTSYSTEM\SCRIPTSYSTEM.DIR\DEBUG\LUAUTITLY.OBJ
E:\DONOTOPEN\FUCKYOU\VSSLN\CATFISH\ScriptSystem\ScriptSystem.dir\Debug\mt.command.1.tlog
E:\DONOTOPEN\FUCKYOU\VSSLN\CATFISH\ScriptSystem\ScriptSystem.dir\Debug\mt.read.1.tlog
E:\DONOTOPEN\FUCKYOU\VSSLN\CATFISH\ScriptSystem\ScriptSystem.dir\Debug\mt.write.1.tlog
E:\DONOTOPEN\FUCKYOU\VSSLN\CATFISH\ScriptSystem\ScriptSystem.dir\Debug\rc.command.1.tlog
E:\DONOTOPEN\FUCKYOU\VSSLN\CATFISH\ScriptSystem\ScriptSystem.dir\Debug\rc.read.1.tlog
E:\DONOTOPEN\FUCKYOU\VSSLN\CATFISH\ScriptSystem\ScriptSystem.dir\Debug\rc.write.1.tlog
E:\DONOTOPEN\FUCKYOU\VSSLN\CATFISH\SCRIPTSYSTEM\SCRIPTSYSTEM.DIR\DEBUG\SCRIPTFOOWARPPER.OBJ
E:\DONOTOPEN\FUCKYOU\VSSLN\CATFISH\SCRIPTSYSTEM\SCRIPTSYSTEM.DIR\DEBUG\SCRIPTOBJWARPPER.OBJ
E:\DONOTOPEN\FUCKYOU\VSSLN\CATFISH\SCRIPTSYSTEM\SCRIPTSYSTEM.DIR\DEBUG\SCRIPTSYS.OBJ
E:\DONOTOPEN\FUCKYOU\VSSLN\CATFISH\SCRIPTSYSTEM\SCRIPTSYSTEM.DIR\DEBUG\SCRIPTSYSTEM.DLL.EMBED.MANIFEST
E:\DONOTOPEN\FUCKYOU\VSSLN\CATFISH\SCRIPTSYSTEM\SCRIPTSYSTEM.DIR\DEBUG\SCRIPTSYSTEM.DLL.EMBED.MANIFEST.RES
E:\DONOTOPEN\FUCKYOU\VSSLN\CATFISH\SCRIPTSYSTEM\SCRIPTSYSTEM.DIR\DEBUG\SCRIPTSYSTEM.DLL.INTERMEDIATE.MANIFEST
E:\DONOTOPEN\FUCKYOU\VSSLN\CATFISH\ScriptSystem\ScriptSystem.dir\Debug\ScriptSystem.write.1.tlog
E:\DONOTOPEN\FUCKYOU\VSSLN\CATFISH\ScriptSystem\ScriptSystem.dir\Debug\ScriptSystem_manifest.rc
