E:\DONOTOPEN\FUCKYOU\FREEIMAGE\SOURCE\LIBTIFF\DEBUG\LIBTIFF.LIB
E:\DONOTOPEN\FUCKYOU\FREEIMAGE\SOURCE\LIBTIFF\DEBUG\TIF_AUX.OBJ
E:\DONOTOPEN\FUCKYOU\FREEIMAGE\SOURCE\LIBTIFF\DEBUG\TIF_CLOSE.OBJ
E:\DONOTOPEN\FUCKYOU\FREEIMAGE\SOURCE\LIBTIFF\DEBUG\TIF_CODEC.OBJ
E:\DONOTOPEN\FUCKYOU\FREEIMAGE\SOURCE\LIBTIFF\DEBUG\TIF_COLOR.OBJ
E:\DONOTOPEN\FUCKYOU\FREEIMAGE\SOURCE\LIBTIFF\DEBUG\TIF_COMPRESS.OBJ
E:\DONOTOPEN\FUCKYOU\FREEIMAGE\SOURCE\LIBTIFF\DEBUG\TIF_DIR.OBJ
E:\DONOTOPEN\FUCKYOU\FREEIMAGE\SOURCE\LIBTIFF\DEBUG\TIF_DIRINFO.OBJ
E:\DONOTOPEN\FUCKYOU\FREEIMAGE\SOURCE\LIBTIFF\DEBUG\TIF_DIRREAD.OBJ
E:\DONOTOPEN\FUCKYOU\FREEIMAGE\SOURCE\LIBTIFF\DEBUG\TIF_DIRWRITE.OBJ
E:\DONOTOPEN\FUCKYOU\FREEIMAGE\SOURCE\LIBTIFF\DEBUG\TIF_DUMPMODE.OBJ
E:\DONOTOPEN\FUCKYOU\FREEIMAGE\SOURCE\LIBTIFF\DEBUG\TIF_ERROR.OBJ
E:\DONOTOPEN\FUCKYOU\FREEIMAGE\SOURCE\LIBTIFF\DEBUG\TIF_EXTENSION.OBJ
E:\DONOTOPEN\FUCKYOU\FREEIMAGE\SOURCE\LIBTIFF\DEBUG\TIF_FAX3.OBJ
E:\DONOTOPEN\FUCKYOU\FREEIMAGE\SOURCE\LIBTIFF\DEBUG\TIF_FAX3SM.OBJ
E:\DONOTOPEN\FUCKYOU\FREEIMAGE\SOURCE\LIBTIFF\DEBUG\TIF_FLUSH.OBJ
E:\DONOTOPEN\FUCKYOU\FREEIMAGE\SOURCE\LIBTIFF\DEBUG\TIF_GETIMAGE.OBJ
E:\DONOTOPEN\FUCKYOU\FREEIMAGE\SOURCE\LIBTIFF\DEBUG\TIF_JPEG.OBJ
E:\DONOTOPEN\FUCKYOU\FREEIMAGE\SOURCE\LIBTIFF\DEBUG\TIF_LUV.OBJ
E:\DONOTOPEN\FUCKYOU\FREEIMAGE\SOURCE\LIBTIFF\DEBUG\TIF_LZW.OBJ
E:\DONOTOPEN\FUCKYOU\FREEIMAGE\SOURCE\LIBTIFF\DEBUG\TIF_NEXT.OBJ
E:\DONOTOPEN\FUCKYOU\FREEIMAGE\SOURCE\LIBTIFF\DEBUG\TIF_OPEN.OBJ
E:\DONOTOPEN\FUCKYOU\FREEIMAGE\SOURCE\LIBTIFF\DEBUG\TIF_PACKBITS.OBJ
E:\DONOTOPEN\FUCKYOU\FREEIMAGE\SOURCE\LIBTIFF\DEBUG\TIF_PIXARLOG.OBJ
E:\DONOTOPEN\FUCKYOU\FREEIMAGE\SOURCE\LIBTIFF\DEBUG\TIF_PREDICT.OBJ
E:\DONOTOPEN\FUCKYOU\FREEIMAGE\SOURCE\LIBTIFF\DEBUG\TIF_PRINT.OBJ
E:\DONOTOPEN\FUCKYOU\FREEIMAGE\SOURCE\LIBTIFF\DEBUG\TIF_READ.OBJ
E:\DONOTOPEN\FUCKYOU\FREEIMAGE\SOURCE\LIBTIFF\DEBUG\TIF_STRIP.OBJ
E:\DONOTOPEN\FUCKYOU\FREEIMAGE\SOURCE\LIBTIFF\DEBUG\TIF_SWAB.OBJ
E:\DONOTOPEN\FUCKYOU\FREEIMAGE\SOURCE\LIBTIFF\DEBUG\TIF_THUNDER.OBJ
E:\DONOTOPEN\FUCKYOU\FREEIMAGE\SOURCE\LIBTIFF\DEBUG\TIF_TILE.OBJ
E:\DONOTOPEN\FUCKYOU\FREEIMAGE\SOURCE\LIBTIFF\DEBUG\TIF_VERSION.OBJ
E:\DONOTOPEN\FUCKYOU\FREEIMAGE\SOURCE\LIBTIFF\DEBUG\TIF_WARNING.OBJ
E:\DONOTOPEN\FUCKYOU\FREEIMAGE\SOURCE\LIBTIFF\DEBUG\TIF_WRITE.OBJ
E:\DONOTOPEN\FUCKYOU\FREEIMAGE\SOURCE\LIBTIFF\DEBUG\TIF_ZIP.OBJ
E:\DONOTOPEN\FUCKYOU\FREEIMAGE\SOURCE\LIBTIFF\DEBUG\VC100.PDB
G:\DONOTOPEN\FUCKYOU\FreeImage\Source\LibTIFF\.\Debug\LibTIFF.lib
G:\DONOTOPEN\FUCKYOU\FreeImage\Source\LibTIFF\Debug\cl.command.1.tlog
G:\DONOTOPEN\FUCKYOU\FreeImage\Source\LibTIFF\Debug\CL.read.1.tlog
G:\DONOTOPEN\FUCKYOU\FreeImage\Source\LibTIFF\Debug\CL.write.1.tlog
G:\DONOTOPEN\FUCKYOU\FreeImage\Source\LibTIFF\Debug\lib.command.1.tlog
G:\DONOTOPEN\FUCKYOU\FreeImage\Source\LibTIFF\Debug\Lib-link.read.1.tlog
G:\DONOTOPEN\FUCKYOU\FreeImage\Source\LibTIFF\Debug\Lib-link.write.1.tlog
G:\DONOTOPEN\FUCKYOU\FreeImage\Source\LibTIFF\Debug\LibTIFF.2005.vcxprojResolveAssemblyReference.cache
G:\DONOTOPEN\FUCKYOU\FREEIMAGE\SOURCE\LIBTIFF\DEBUG\LIBTIFF.LIB
G:\DONOTOPEN\FUCKYOU\FreeImage\Source\LibTIFF\Debug\LibTIFF.write.1.tlog
G:\DONOTOPEN\FUCKYOU\FREEIMAGE\SOURCE\LIBTIFF\DEBUG\TIF_AUX.OBJ
G:\DONOTOPEN\FUCKYOU\FREEIMAGE\SOURCE\LIBTIFF\DEBUG\TIF_CLOSE.OBJ
G:\DONOTOPEN\FUCKYOU\FREEIMAGE\SOURCE\LIBTIFF\DEBUG\TIF_CODEC.OBJ
G:\DONOTOPEN\FUCKYOU\FREEIMAGE\SOURCE\LIBTIFF\DEBUG\TIF_COLOR.OBJ
G:\DONOTOPEN\FUCKYOU\FREEIMAGE\SOURCE\LIBTIFF\DEBUG\TIF_COMPRESS.OBJ
G:\DONOTOPEN\FUCKYOU\FREEIMAGE\SOURCE\LIBTIFF\DEBUG\TIF_DIR.OBJ
G:\DONOTOPEN\FUCKYOU\FREEIMAGE\SOURCE\LIBTIFF\DEBUG\TIF_DIRINFO.OBJ
G:\DONOTOPEN\FUCKYOU\FREEIMAGE\SOURCE\LIBTIFF\DEBUG\TIF_DIRREAD.OBJ
G:\DONOTOPEN\FUCKYOU\FREEIMAGE\SOURCE\LIBTIFF\DEBUG\TIF_DIRWRITE.OBJ
G:\DONOTOPEN\FUCKYOU\FREEIMAGE\SOURCE\LIBTIFF\DEBUG\TIF_DUMPMODE.OBJ
G:\DONOTOPEN\FUCKYOU\FREEIMAGE\SOURCE\LIBTIFF\DEBUG\TIF_ERROR.OBJ
G:\DONOTOPEN\FUCKYOU\FREEIMAGE\SOURCE\LIBTIFF\DEBUG\TIF_EXTENSION.OBJ
G:\DONOTOPEN\FUCKYOU\FREEIMAGE\SOURCE\LIBTIFF\DEBUG\TIF_FAX3.OBJ
G:\DONOTOPEN\FUCKYOU\FREEIMAGE\SOURCE\LIBTIFF\DEBUG\TIF_FAX3SM.OBJ
G:\DONOTOPEN\FUCKYOU\FREEIMAGE\SOURCE\LIBTIFF\DEBUG\TIF_FLUSH.OBJ
G:\DONOTOPEN\FUCKYOU\FREEIMAGE\SOURCE\LIBTIFF\DEBUG\TIF_GETIMAGE.OBJ
G:\DONOTOPEN\FUCKYOU\FREEIMAGE\SOURCE\LIBTIFF\DEBUG\TIF_JPEG.OBJ
G:\DONOTOPEN\FUCKYOU\FREEIMAGE\SOURCE\LIBTIFF\DEBUG\TIF_LUV.OBJ
G:\DONOTOPEN\FUCKYOU\FREEIMAGE\SOURCE\LIBTIFF\DEBUG\TIF_LZW.OBJ
G:\DONOTOPEN\FUCKYOU\FREEIMAGE\SOURCE\LIBTIFF\DEBUG\TIF_NEXT.OBJ
G:\DONOTOPEN\FUCKYOU\FREEIMAGE\SOURCE\LIBTIFF\DEBUG\TIF_OPEN.OBJ
G:\DONOTOPEN\FUCKYOU\FREEIMAGE\SOURCE\LIBTIFF\DEBUG\TIF_PACKBITS.OBJ
G:\DONOTOPEN\FUCKYOU\FREEIMAGE\SOURCE\LIBTIFF\DEBUG\TIF_PIXARLOG.OBJ
G:\DONOTOPEN\FUCKYOU\FREEIMAGE\SOURCE\LIBTIFF\DEBUG\TIF_PREDICT.OBJ
G:\DONOTOPEN\FUCKYOU\FREEIMAGE\SOURCE\LIBTIFF\DEBUG\TIF_PRINT.OBJ
G:\DONOTOPEN\FUCKYOU\FREEIMAGE\SOURCE\LIBTIFF\DEBUG\TIF_READ.OBJ
G:\DONOTOPEN\FUCKYOU\FREEIMAGE\SOURCE\LIBTIFF\DEBUG\TIF_STRIP.OBJ
G:\DONOTOPEN\FUCKYOU\FREEIMAGE\SOURCE\LIBTIFF\DEBUG\TIF_SWAB.OBJ
G:\DONOTOPEN\FUCKYOU\FREEIMAGE\SOURCE\LIBTIFF\DEBUG\TIF_THUNDER.OBJ
G:\DONOTOPEN\FUCKYOU\FREEIMAGE\SOURCE\LIBTIFF\DEBUG\TIF_TILE.OBJ
G:\DONOTOPEN\FUCKYOU\FREEIMAGE\SOURCE\LIBTIFF\DEBUG\TIF_VERSION.OBJ
G:\DONOTOPEN\FUCKYOU\FREEIMAGE\SOURCE\LIBTIFF\DEBUG\TIF_WARNING.OBJ
G:\DONOTOPEN\FUCKYOU\FREEIMAGE\SOURCE\LIBTIFF\DEBUG\TIF_WRITE.OBJ
G:\DONOTOPEN\FUCKYOU\FREEIMAGE\SOURCE\LIBTIFF\DEBUG\TIF_ZIP.OBJ
G:\DONOTOPEN\FUCKYOU\FreeImage\Source\LibTIFF\Debug\vc100.idb
G:\DONOTOPEN\FUCKYOU\FREEIMAGE\SOURCE\LIBTIFF\DEBUG\VC100.PDB
