E:\DONOTOPEN\FUCKYOU\BIN\WIN\DEBUG\IO.DLL
E:\DONOTOPEN\FUCKYOU\Bin\Win\Debug\IO.exp
E:\DONOTOPEN\FUCKYOU\BIN\WIN\DEBUG\IO.ILK
E:\DONOTOPEN\FUCKYOU\Bin\Win\Debug\IO.lib
E:\DONOTOPEN\FUCKYOU\BIN\WIN\DEBUG\IO.PDB
E:\DONOTOPEN\FUCKYOU\VSSLN\CATFISH\IO\CMAKEFILES\GENERATE.STAMP
E:\DONOTOPEN\FUCKYOU\VSSLN\CATFISH\IO\IO.dir\Debug\cl.command.1.tlog
E:\DONOTOPEN\FUCKYOU\VSSLN\CATFISH\IO\IO.dir\Debug\CL.read.1.tlog
E:\DONOTOPEN\FUCKYOU\VSSLN\CATFISH\IO\IO.dir\Debug\CL.write.1.tlog
E:\DONOTOPEN\FUCKYOU\VSSLN\CATFISH\IO\IO.dir\Debug\custombuild.command.1.tlog
E:\DONOTOPEN\FUCKYOU\VSSLN\CATFISH\IO\IO.dir\Debug\custombuild.read.1.tlog
E:\DONOTOPEN\FUCKYOU\VSSLN\CATFISH\IO\IO.dir\Debug\custombuild.write.1.tlog
E:\DONOTOPEN\FUCKYOU\VSSLN\CATFISH\IO\IO.DIR\DEBUG\FILEREADER.OBJ
E:\DONOTOPEN\FUCKYOU\VSSLN\CATFISH\IO\IO.DIR\DEBUG\IO.DLL.EMBED.MANIFEST
E:\DONOTOPEN\FUCKYOU\VSSLN\CATFISH\IO\IO.DIR\DEBUG\IO.DLL.EMBED.MANIFEST.RES
E:\DONOTOPEN\FUCKYOU\VSSLN\CATFISH\IO\IO.DIR\DEBUG\IO.DLL.INTERMEDIATE.MANIFEST
E:\DONOTOPEN\FUCKYOU\VSSLN\CATFISH\IO\IO.dir\Debug\IO.write.1.tlog
E:\DONOTOPEN\FUCKYOU\VSSLN\CATFISH\IO\IO.dir\Debug\IO_manifest.rc
E:\DONOTOPEN\FUCKYOU\VSSLN\CATFISH\IO\IO.dir\Debug\link.6068.read.1.tlog
E:\DONOTOPEN\FUCKYOU\VSSLN\CATFISH\IO\IO.dir\Debug\link.6068.write.1.tlog
E:\DONOTOPEN\FUCKYOU\VSSLN\CATFISH\IO\IO.dir\Debug\link.6068-cvtres.read.1.tlog
E:\DONOTOPEN\FUCKYOU\VSSLN\CATFISH\IO\IO.dir\Debug\link.6068-cvtres.write.1.tlog
E:\DONOTOPEN\FUCKYOU\VSSLN\CATFISH\IO\IO.dir\Debug\link.command.1.tlog
E:\DONOTOPEN\FUCKYOU\VSSLN\CATFISH\IO\IO.dir\Debug\link.read.1.tlog
E:\DONOTOPEN\FUCKYOU\VSSLN\CATFISH\IO\IO.dir\Debug\link.write.1.tlog
E:\DONOTOPEN\FUCKYOU\VSSLN\CATFISH\IO\IO.dir\Debug\link-cvtres.read.1.tlog
E:\DONOTOPEN\FUCKYOU\VSSLN\CATFISH\IO\IO.dir\Debug\link-cvtres.write.1.tlog
E:\DONOTOPEN\FUCKYOU\VSSLN\CATFISH\IO\IO.dir\Debug\mt.command.1.tlog
E:\DONOTOPEN\FUCKYOU\VSSLN\CATFISH\IO\IO.dir\Debug\mt.read.1.tlog
E:\DONOTOPEN\FUCKYOU\VSSLN\CATFISH\IO\IO.dir\Debug\mt.write.1.tlog
E:\DONOTOPEN\FUCKYOU\VSSLN\CATFISH\IO\IO.dir\Debug\rc.command.1.tlog
E:\DONOTOPEN\FUCKYOU\VSSLN\CATFISH\IO\IO.dir\Debug\rc.read.1.tlog
E:\DONOTOPEN\FUCKYOU\VSSLN\CATFISH\IO\IO.dir\Debug\rc.write.1.tlog
