E:\DONOTOPEN\FUCKYOU\FREEIMAGE\SOURCE\LIBPNG\DEBUG\LIBPNG.LIB
E:\DONOTOPEN\FUCKYOU\FREEIMAGE\SOURCE\LIBPNG\DEBUG\PNG.OBJ
E:\DONOTOPEN\FUCKYOU\FREEIMAGE\SOURCE\LIBPNG\DEBUG\PNGERROR.OBJ
E:\DONOTOPEN\FUCKYOU\FREEIMAGE\SOURCE\LIBPNG\DEBUG\PNGGCCRD.OBJ
E:\DONOTOPEN\FUCKYOU\FREEIMAGE\SOURCE\LIBPNG\DEBUG\PNGGET.OBJ
E:\DONOTOPEN\FUCKYOU\FREEIMAGE\SOURCE\LIBPNG\DEBUG\PNGMEM.OBJ
E:\DONOTOPEN\FUCKYOU\FREEIMAGE\SOURCE\LIBPNG\DEBUG\PNGPREAD.OBJ
E:\DONOTOPEN\FUCKYOU\FREEIMAGE\SOURCE\LIBPNG\DEBUG\PNGREAD.OBJ
E:\DONOTOPEN\FUCKYOU\FREEIMAGE\SOURCE\LIBPNG\DEBUG\PNGRIO.OBJ
E:\DONOTOPEN\FUCKYOU\FREEIMAGE\SOURCE\LIBPNG\DEBUG\PNGRTRAN.OBJ
E:\DONOTOPEN\FUCKYOU\FREEIMAGE\SOURCE\LIBPNG\DEBUG\PNGRUTIL.OBJ
E:\DONOTOPEN\FUCKYOU\FREEIMAGE\SOURCE\LIBPNG\DEBUG\PNGSET.OBJ
E:\DONOTOPEN\FUCKYOU\FREEIMAGE\SOURCE\LIBPNG\DEBUG\PNGTRANS.OBJ
E:\DONOTOPEN\FUCKYOU\FREEIMAGE\SOURCE\LIBPNG\DEBUG\PNGVCRD.OBJ
E:\DONOTOPEN\FUCKYOU\FREEIMAGE\SOURCE\LIBPNG\DEBUG\PNGWIO.OBJ
E:\DONOTOPEN\FUCKYOU\FREEIMAGE\SOURCE\LIBPNG\DEBUG\PNGWRITE.OBJ
E:\DONOTOPEN\FUCKYOU\FREEIMAGE\SOURCE\LIBPNG\DEBUG\PNGWTRAN.OBJ
E:\DONOTOPEN\FUCKYOU\FREEIMAGE\SOURCE\LIBPNG\DEBUG\PNGWUTIL.OBJ
E:\DONOTOPEN\FUCKYOU\FREEIMAGE\SOURCE\LIBPNG\DEBUG\VC100.PDB
G:\DONOTOPEN\FUCKYOU\FreeImage\Source\LibPNG\.\Debug\LibPNG.lib
G:\DONOTOPEN\FUCKYOU\FreeImage\Source\LibPNG\Debug\cl.command.1.tlog
G:\DONOTOPEN\FUCKYOU\FreeImage\Source\LibPNG\Debug\CL.read.1.tlog
G:\DONOTOPEN\FUCKYOU\FreeImage\Source\LibPNG\Debug\CL.write.1.tlog
G:\DONOTOPEN\FUCKYOU\FreeImage\Source\LibPNG\Debug\lib.command.1.tlog
G:\DONOTOPEN\FUCKYOU\FreeImage\Source\LibPNG\Debug\Lib-link.read.1.tlog
G:\DONOTOPEN\FUCKYOU\FreeImage\Source\LibPNG\Debug\Lib-link.write.1.tlog
G:\DONOTOPEN\FUCKYOU\FreeImage\Source\LibPNG\Debug\LibPNG.2005.vcxprojResolveAssemblyReference.cache
G:\DONOTOPEN\FUCKYOU\FREEIMAGE\SOURCE\LIBPNG\DEBUG\LIBPNG.LIB
G:\DONOTOPEN\FUCKYOU\FreeImage\Source\LibPNG\Debug\LibPNG.write.1.tlog
G:\DONOTOPEN\FUCKYOU\FREEIMAGE\SOURCE\LIBPNG\DEBUG\PNG.OBJ
G:\DONOTOPEN\FUCKYOU\FREEIMAGE\SOURCE\LIBPNG\DEBUG\PNGERROR.OBJ
G:\DONOTOPEN\FUCKYOU\FREEIMAGE\SOURCE\LIBPNG\DEBUG\PNGGCCRD.OBJ
G:\DONOTOPEN\FUCKYOU\FREEIMAGE\SOURCE\LIBPNG\DEBUG\PNGGET.OBJ
G:\DONOTOPEN\FUCKYOU\FREEIMAGE\SOURCE\LIBPNG\DEBUG\PNGMEM.OBJ
G:\DONOTOPEN\FUCKYOU\FREEIMAGE\SOURCE\LIBPNG\DEBUG\PNGPREAD.OBJ
G:\DONOTOPEN\FUCKYOU\FREEIMAGE\SOURCE\LIBPNG\DEBUG\PNGREAD.OBJ
G:\DONOTOPEN\FUCKYOU\FREEIMAGE\SOURCE\LIBPNG\DEBUG\PNGRIO.OBJ
G:\DONOTOPEN\FUCKYOU\FREEIMAGE\SOURCE\LIBPNG\DEBUG\PNGRTRAN.OBJ
G:\DONOTOPEN\FUCKYOU\FREEIMAGE\SOURCE\LIBPNG\DEBUG\PNGRUTIL.OBJ
G:\DONOTOPEN\FUCKYOU\FREEIMAGE\SOURCE\LIBPNG\DEBUG\PNGSET.OBJ
G:\DONOTOPEN\FUCKYOU\FREEIMAGE\SOURCE\LIBPNG\DEBUG\PNGTRANS.OBJ
G:\DONOTOPEN\FUCKYOU\FREEIMAGE\SOURCE\LIBPNG\DEBUG\PNGVCRD.OBJ
G:\DONOTOPEN\FUCKYOU\FREEIMAGE\SOURCE\LIBPNG\DEBUG\PNGWIO.OBJ
G:\DONOTOPEN\FUCKYOU\FREEIMAGE\SOURCE\LIBPNG\DEBUG\PNGWRITE.OBJ
G:\DONOTOPEN\FUCKYOU\FREEIMAGE\SOURCE\LIBPNG\DEBUG\PNGWTRAN.OBJ
G:\DONOTOPEN\FUCKYOU\FREEIMAGE\SOURCE\LIBPNG\DEBUG\PNGWUTIL.OBJ
G:\DONOTOPEN\FUCKYOU\FreeImage\Source\LibPNG\Debug\vc100.idb
G:\DONOTOPEN\FUCKYOU\FREEIMAGE\SOURCE\LIBPNG\DEBUG\VC100.PDB
