E:\DONOTOPEN\FUCKYOU\FREEIMAGE\SOURCE\ZLIB\DEBUG\ADLER32.OBJ
E:\DONOTOPEN\FUCKYOU\FREEIMAGE\SOURCE\ZLIB\DEBUG\COMPRESS.OBJ
E:\DONOTOPEN\FUCKYOU\FREEIMAGE\SOURCE\ZLIB\DEBUG\CRC32.OBJ
E:\DONOTOPEN\FUCKYOU\FREEIMAGE\SOURCE\ZLIB\DEBUG\DEFLATE.OBJ
E:\DONOTOPEN\FUCKYOU\FREEIMAGE\SOURCE\ZLIB\DEBUG\GZIO.OBJ
E:\DONOTOPEN\FUCKYOU\FREEIMAGE\SOURCE\ZLIB\DEBUG\INFBACK.OBJ
E:\DONOTOPEN\FUCKYOU\FREEIMAGE\SOURCE\ZLIB\DEBUG\INFFAST.OBJ
E:\DONOTOPEN\FUCKYOU\FREEIMAGE\SOURCE\ZLIB\DEBUG\INFLATE.OBJ
E:\DONOTOPEN\FUCKYOU\FREEIMAGE\SOURCE\ZLIB\DEBUG\INFTREES.OBJ
E:\DONOTOPEN\FUCKYOU\FREEIMAGE\SOURCE\ZLIB\DEBUG\TREES.OBJ
E:\DONOTOPEN\FUCKYOU\FREEIMAGE\SOURCE\ZLIB\DEBUG\UNCOMPR.OBJ
E:\DONOTOPEN\FUCKYOU\FREEIMAGE\SOURCE\ZLIB\DEBUG\VC100.PDB
E:\DONOTOPEN\FUCKYOU\FREEIMAGE\SOURCE\ZLIB\DEBUG\ZLIB.LIB
E:\DONOTOPEN\FUCKYOU\FREEIMAGE\SOURCE\ZLIB\DEBUG\ZUTIL.OBJ
G:\DONOTOPEN\FUCKYOU\FreeImage\Source\ZLib\.\Debug\ZLib.lib
G:\DONOTOPEN\FUCKYOU\FREEIMAGE\SOURCE\ZLIB\DEBUG\ADLER32.OBJ
G:\DONOTOPEN\FUCKYOU\FreeImage\Source\ZLib\Debug\cl.command.1.tlog
G:\DONOTOPEN\FUCKYOU\FreeImage\Source\ZLib\Debug\CL.read.1.tlog
G:\DONOTOPEN\FUCKYOU\FreeImage\Source\ZLib\Debug\CL.write.1.tlog
G:\DONOTOPEN\FUCKYOU\FREEIMAGE\SOURCE\ZLIB\DEBUG\COMPRESS.OBJ
G:\DONOTOPEN\FUCKYOU\FREEIMAGE\SOURCE\ZLIB\DEBUG\CRC32.OBJ
G:\DONOTOPEN\FUCKYOU\FREEIMAGE\SOURCE\ZLIB\DEBUG\DEFLATE.OBJ
G:\DONOTOPEN\FUCKYOU\FREEIMAGE\SOURCE\ZLIB\DEBUG\GZIO.OBJ
G:\DONOTOPEN\FUCKYOU\FREEIMAGE\SOURCE\ZLIB\DEBUG\INFBACK.OBJ
G:\DONOTOPEN\FUCKYOU\FREEIMAGE\SOURCE\ZLIB\DEBUG\INFFAST.OBJ
G:\DONOTOPEN\FUCKYOU\FREEIMAGE\SOURCE\ZLIB\DEBUG\INFLATE.OBJ
G:\DONOTOPEN\FUCKYOU\FREEIMAGE\SOURCE\ZLIB\DEBUG\INFTREES.OBJ
G:\DONOTOPEN\FUCKYOU\FreeImage\Source\ZLib\Debug\lib.command.1.tlog
G:\DONOTOPEN\FUCKYOU\FreeImage\Source\ZLib\Debug\Lib-link.read.1.tlog
G:\DONOTOPEN\FUCKYOU\FreeImage\Source\ZLib\Debug\Lib-link.write.1.tlog
G:\DONOTOPEN\FUCKYOU\FREEIMAGE\SOURCE\ZLIB\DEBUG\TREES.OBJ
G:\DONOTOPEN\FUCKYOU\FREEIMAGE\SOURCE\ZLIB\DEBUG\UNCOMPR.OBJ
G:\DONOTOPEN\FUCKYOU\FreeImage\Source\ZLib\Debug\vc100.idb
G:\DONOTOPEN\FUCKYOU\FREEIMAGE\SOURCE\ZLIB\DEBUG\VC100.PDB
G:\DONOTOPEN\FUCKYOU\FREEIMAGE\SOURCE\ZLIB\DEBUG\ZLIB.LIB
G:\DONOTOPEN\FUCKYOU\FreeImage\Source\ZLib\Debug\ZLib.write.1.tlog
G:\DONOTOPEN\FUCKYOU\FREEIMAGE\SOURCE\ZLIB\DEBUG\ZUTIL.OBJ
