E:\DONOTOPEN\FUCKYOU\CATFISH\DEBUG\GLESSYSTEM.DLL
E:\DONOTOPEN\FUCKYOU\CATFISH\Debug\GlesSystem.exp
E:\DONOTOPEN\FUCKYOU\CATFISH\DEBUG\GLESSYSTEM.ILK
E:\DONOTOPEN\FUCKYOU\CATFISH\Debug\GlesSystem.lib
E:\DONOTOPEN\FUCKYOU\CATFISH\DEBUG\GLESSYSTEM.PDB
E:\DONOTOPEN\FUCKYOU\CATFISH\GLESSYETEM\DEBUG\DRAWENUMS.OBJ
E:\DONOTOPEN\FUCKYOU\CATFISH\GLESSYETEM\DEBUG\FRAMEBUFFEROBJ.OBJ
E:\DONOTOPEN\FUCKYOU\CATFISH\GLESSYETEM\DEBUG\GDEBUG.OBJ
E:\DONOTOPEN\FUCKYOU\CATFISH\GLESSYETEM\DEBUG\GLESDEVICE.OBJ
E:\DONOTOPEN\FUCKYOU\CATFISH\GLESSYETEM\DEBUG\GLESSYSTEM.DLL.INTERMEDIATE.MANIFEST
E:\DONOTOPEN\FUCKYOU\CATFISH\GLESSYETEM\DEBUG\GPUPROGRAM.OBJ
E:\DONOTOPEN\FUCKYOU\CATFISH\GLESSYETEM\DEBUG\INDEXBUFFEROBJ.OBJ
E:\DONOTOPEN\FUCKYOU\CATFISH\GLESSYETEM\DEBUG\PRIMITIVEGROUP.OBJ
E:\DONOTOPEN\FUCKYOU\CATFISH\GLESSYETEM\DEBUG\SHADER.OBJ
E:\DONOTOPEN\FUCKYOU\CATFISH\GLESSYETEM\DEBUG\TEXTURE.OBJ
E:\DONOTOPEN\FUCKYOU\CATFISH\GLESSYETEM\DEBUG\VC100.PDB
E:\DONOTOPEN\FUCKYOU\CATFISH\GLESSYETEM\DEBUG\VERTEXBUFFEROBJ.OBJ
E:\DONOTOPEN\FUCKYOU\CATFISH\GLESSYETEM\DEBUG\VERTEXCOMPONENT.OBJ
E:\DONOTOPEN\FUCKYOU\CATFISH\GLESSYETEM\DEBUG\VERTEXLAYOUT.OBJ
G:\DONOTOPEN\FUCKYOU\CATFISH\DEBUG\GLESSYSTEM.DLL
G:\DONOTOPEN\FUCKYOU\CATFISH\Debug\GlesSystem.exp
G:\DONOTOPEN\FUCKYOU\CATFISH\DEBUG\GLESSYSTEM.ILK
G:\DONOTOPEN\FUCKYOU\CATFISH\Debug\GlesSystem.lib
G:\DONOTOPEN\FUCKYOU\CATFISH\DEBUG\GLESSYSTEM.PDB
G:\DONOTOPEN\FUCKYOU\CATFISH\GlesSyetem\Debug\cl.command.1.tlog
G:\DONOTOPEN\FUCKYOU\CATFISH\GlesSyetem\Debug\CL.read.1.tlog
G:\DONOTOPEN\FUCKYOU\CATFISH\GlesSyetem\Debug\CL.write.1.tlog
G:\DONOTOPEN\FUCKYOU\CATFISH\GLESSYETEM\DEBUG\DRAWENUMS.OBJ
G:\DONOTOPEN\FUCKYOU\CATFISH\GLESSYETEM\DEBUG\FRAMEBUFFEROBJ.OBJ
G:\DONOTOPEN\FUCKYOU\CATFISH\GLESSYETEM\DEBUG\GDEBUG.OBJ
G:\DONOTOPEN\FUCKYOU\CATFISH\GLESSYETEM\DEBUG\GLESDEVICE.OBJ
G:\DONOTOPEN\FUCKYOU\CATFISH\GlesSyetem\Debug\GlesSyetem.vcxprojResolveAssemblyReference.cache
G:\DONOTOPEN\FUCKYOU\CATFISH\GlesSyetem\Debug\GlesSystem.dll.intermediate.manifest
G:\DONOTOPEN\FUCKYOU\CATFISH\GlesSyetem\Debug\GlesSystem.write.1.tlog
G:\DONOTOPEN\FUCKYOU\CATFISH\GLESSYETEM\DEBUG\GPUPROGRAM.OBJ
G:\DONOTOPEN\FUCKYOU\CATFISH\GLESSYETEM\DEBUG\INDEXBUFFEROBJ.OBJ
G:\DONOTOPEN\FUCKYOU\CATFISH\GlesSyetem\Debug\link.command.1.tlog
G:\DONOTOPEN\FUCKYOU\CATFISH\GlesSyetem\Debug\link.read.1.tlog
G:\DONOTOPEN\FUCKYOU\CATFISH\GlesSyetem\Debug\link.write.1.tlog
G:\DONOTOPEN\FUCKYOU\CATFISH\GlesSyetem\Debug\mt.command.1.tlog
G:\DONOTOPEN\FUCKYOU\CATFISH\GlesSyetem\Debug\mt.read.1.tlog
G:\DONOTOPEN\FUCKYOU\CATFISH\GlesSyetem\Debug\mt.write.1.tlog
G:\DONOTOPEN\FUCKYOU\CATFISH\GLESSYETEM\DEBUG\PRIMITIVEGROUP.OBJ
G:\DONOTOPEN\FUCKYOU\CATFISH\GLESSYETEM\DEBUG\SHADER.OBJ
G:\DONOTOPEN\FUCKYOU\CATFISH\GLESSYETEM\DEBUG\TEXTURE.OBJ
G:\DONOTOPEN\FUCKYOU\CATFISH\GlesSyetem\Debug\vc100.idb
G:\DONOTOPEN\FUCKYOU\CATFISH\GLESSYETEM\DEBUG\VC100.PDB
G:\DONOTOPEN\FUCKYOU\CATFISH\GLESSYETEM\DEBUG\VERTEXBUFFEROBJ.OBJ
G:\DONOTOPEN\FUCKYOU\CATFISH\GLESSYETEM\DEBUG\VERTEXCOMPONENT.OBJ
G:\DONOTOPEN\FUCKYOU\CATFISH\GLESSYETEM\DEBUG\VERTEXLAYOUT.OBJ
