E:\DONOTOPEN\FUCKYOU\FREEIMAGE\SOURCE\LIBJPEG\DEBUG\JCAPIMIN.OBJ
E:\DONOTOPEN\FUCKYOU\FREEIMAGE\SOURCE\LIBJPEG\DEBUG\JCAPISTD.OBJ
E:\DONOTOPEN\FUCKYOU\FREEIMAGE\SOURCE\LIBJPEG\DEBUG\JCCOEFCT.OBJ
E:\DONOTOPEN\FUCKYOU\FREEIMAGE\SOURCE\LIBJPEG\DEBUG\JCCOLOR.OBJ
E:\DONOTOPEN\FUCKYOU\FREEIMAGE\SOURCE\LIBJPEG\DEBUG\JCDCTMGR.OBJ
E:\DONOTOPEN\FUCKYOU\FREEIMAGE\SOURCE\LIBJPEG\DEBUG\JCHUFF.OBJ
E:\DONOTOPEN\FUCKYOU\FREEIMAGE\SOURCE\LIBJPEG\DEBUG\JCINIT.OBJ
E:\DONOTOPEN\FUCKYOU\FREEIMAGE\SOURCE\LIBJPEG\DEBUG\JCMAINCT.OBJ
E:\DONOTOPEN\FUCKYOU\FREEIMAGE\SOURCE\LIBJPEG\DEBUG\JCMARKER.OBJ
E:\DONOTOPEN\FUCKYOU\FREEIMAGE\SOURCE\LIBJPEG\DEBUG\JCMASTER.OBJ
E:\DONOTOPEN\FUCKYOU\FREEIMAGE\SOURCE\LIBJPEG\DEBUG\JCOMAPI.OBJ
E:\DONOTOPEN\FUCKYOU\FREEIMAGE\SOURCE\LIBJPEG\DEBUG\JCPARAM.OBJ
E:\DONOTOPEN\FUCKYOU\FREEIMAGE\SOURCE\LIBJPEG\DEBUG\JCPHUFF.OBJ
E:\DONOTOPEN\FUCKYOU\FREEIMAGE\SOURCE\LIBJPEG\DEBUG\JCPREPCT.OBJ
E:\DONOTOPEN\FUCKYOU\FREEIMAGE\SOURCE\LIBJPEG\DEBUG\JCSAMPLE.OBJ
E:\DONOTOPEN\FUCKYOU\FREEIMAGE\SOURCE\LIBJPEG\DEBUG\JCTRANS.OBJ
E:\DONOTOPEN\FUCKYOU\FREEIMAGE\SOURCE\LIBJPEG\DEBUG\JDAPIMIN.OBJ
E:\DONOTOPEN\FUCKYOU\FREEIMAGE\SOURCE\LIBJPEG\DEBUG\JDAPISTD.OBJ
E:\DONOTOPEN\FUCKYOU\FREEIMAGE\SOURCE\LIBJPEG\DEBUG\JDATADST.OBJ
E:\DONOTOPEN\FUCKYOU\FREEIMAGE\SOURCE\LIBJPEG\DEBUG\JDATASRC.OBJ
E:\DONOTOPEN\FUCKYOU\FREEIMAGE\SOURCE\LIBJPEG\DEBUG\JDCOEFCT.OBJ
E:\DONOTOPEN\FUCKYOU\FREEIMAGE\SOURCE\LIBJPEG\DEBUG\JDCOLOR.OBJ
E:\DONOTOPEN\FUCKYOU\FREEIMAGE\SOURCE\LIBJPEG\DEBUG\JDDCTMGR.OBJ
E:\DONOTOPEN\FUCKYOU\FREEIMAGE\SOURCE\LIBJPEG\DEBUG\JDHUFF.OBJ
E:\DONOTOPEN\FUCKYOU\FREEIMAGE\SOURCE\LIBJPEG\DEBUG\JDINPUT.OBJ
E:\DONOTOPEN\FUCKYOU\FREEIMAGE\SOURCE\LIBJPEG\DEBUG\JDMAINCT.OBJ
E:\DONOTOPEN\FUCKYOU\FREEIMAGE\SOURCE\LIBJPEG\DEBUG\JDMARKER.OBJ
E:\DONOTOPEN\FUCKYOU\FREEIMAGE\SOURCE\LIBJPEG\DEBUG\JDMASTER.OBJ
E:\DONOTOPEN\FUCKYOU\FREEIMAGE\SOURCE\LIBJPEG\DEBUG\JDMERGE.OBJ
E:\DONOTOPEN\FUCKYOU\FREEIMAGE\SOURCE\LIBJPEG\DEBUG\JDPHUFF.OBJ
E:\DONOTOPEN\FUCKYOU\FREEIMAGE\SOURCE\LIBJPEG\DEBUG\JDPOSTCT.OBJ
E:\DONOTOPEN\FUCKYOU\FREEIMAGE\SOURCE\LIBJPEG\DEBUG\JDSAMPLE.OBJ
E:\DONOTOPEN\FUCKYOU\FREEIMAGE\SOURCE\LIBJPEG\DEBUG\JDTRANS.OBJ
E:\DONOTOPEN\FUCKYOU\FREEIMAGE\SOURCE\LIBJPEG\DEBUG\JERROR.OBJ
E:\DONOTOPEN\FUCKYOU\FREEIMAGE\SOURCE\LIBJPEG\DEBUG\JFDCTFLT.OBJ
E:\DONOTOPEN\FUCKYOU\FREEIMAGE\SOURCE\LIBJPEG\DEBUG\JFDCTFST.OBJ
E:\DONOTOPEN\FUCKYOU\FREEIMAGE\SOURCE\LIBJPEG\DEBUG\JFDCTINT.OBJ
E:\DONOTOPEN\FUCKYOU\FREEIMAGE\SOURCE\LIBJPEG\DEBUG\JIDCTFLT.OBJ
E:\DONOTOPEN\FUCKYOU\FREEIMAGE\SOURCE\LIBJPEG\DEBUG\JIDCTFST.OBJ
E:\DONOTOPEN\FUCKYOU\FREEIMAGE\SOURCE\LIBJPEG\DEBUG\JIDCTINT.OBJ
E:\DONOTOPEN\FUCKYOU\FREEIMAGE\SOURCE\LIBJPEG\DEBUG\JIDCTRED.OBJ
E:\DONOTOPEN\FUCKYOU\FREEIMAGE\SOURCE\LIBJPEG\DEBUG\JMEMMGR.OBJ
E:\DONOTOPEN\FUCKYOU\FREEIMAGE\SOURCE\LIBJPEG\DEBUG\JMEMNOBS.OBJ
E:\DONOTOPEN\FUCKYOU\FREEIMAGE\SOURCE\LIBJPEG\DEBUG\JQUANT1.OBJ
E:\DONOTOPEN\FUCKYOU\FREEIMAGE\SOURCE\LIBJPEG\DEBUG\JQUANT2.OBJ
E:\DONOTOPEN\FUCKYOU\FREEIMAGE\SOURCE\LIBJPEG\DEBUG\JUTILS.OBJ
E:\DONOTOPEN\FUCKYOU\FREEIMAGE\SOURCE\LIBJPEG\DEBUG\LIBJPEG.LIB
E:\DONOTOPEN\FUCKYOU\FREEIMAGE\SOURCE\LIBJPEG\DEBUG\TRANSUPP.OBJ
E:\DONOTOPEN\FUCKYOU\FREEIMAGE\SOURCE\LIBJPEG\DEBUG\VC100.PDB
G:\DONOTOPEN\FUCKYOU\FreeImage\Source\LibJPEG\.\Debug\LibJPEG.lib
G:\DONOTOPEN\FUCKYOU\FreeImage\Source\LibJPEG\Debug\cl.command.1.tlog
G:\DONOTOPEN\FUCKYOU\FreeImage\Source\LibJPEG\Debug\CL.read.1.tlog
G:\DONOTOPEN\FUCKYOU\FreeImage\Source\LibJPEG\Debug\CL.write.1.tlog
G:\DONOTOPEN\FUCKYOU\FREEIMAGE\SOURCE\LIBJPEG\DEBUG\JCAPIMIN.OBJ
G:\DONOTOPEN\FUCKYOU\FREEIMAGE\SOURCE\LIBJPEG\DEBUG\JCAPISTD.OBJ
G:\DONOTOPEN\FUCKYOU\FREEIMAGE\SOURCE\LIBJPEG\DEBUG\JCCOEFCT.OBJ
G:\DONOTOPEN\FUCKYOU\FREEIMAGE\SOURCE\LIBJPEG\DEBUG\JCCOLOR.OBJ
G:\DONOTOPEN\FUCKYOU\FREEIMAGE\SOURCE\LIBJPEG\DEBUG\JCDCTMGR.OBJ
G:\DONOTOPEN\FUCKYOU\FREEIMAGE\SOURCE\LIBJPEG\DEBUG\JCHUFF.OBJ
G:\DONOTOPEN\FUCKYOU\FREEIMAGE\SOURCE\LIBJPEG\DEBUG\JCINIT.OBJ
G:\DONOTOPEN\FUCKYOU\FREEIMAGE\SOURCE\LIBJPEG\DEBUG\JCMAINCT.OBJ
G:\DONOTOPEN\FUCKYOU\FREEIMAGE\SOURCE\LIBJPEG\DEBUG\JCMARKER.OBJ
G:\DONOTOPEN\FUCKYOU\FREEIMAGE\SOURCE\LIBJPEG\DEBUG\JCMASTER.OBJ
G:\DONOTOPEN\FUCKYOU\FREEIMAGE\SOURCE\LIBJPEG\DEBUG\JCOMAPI.OBJ
G:\DONOTOPEN\FUCKYOU\FREEIMAGE\SOURCE\LIBJPEG\DEBUG\JCPARAM.OBJ
G:\DONOTOPEN\FUCKYOU\FREEIMAGE\SOURCE\LIBJPEG\DEBUG\JCPHUFF.OBJ
G:\DONOTOPEN\FUCKYOU\FREEIMAGE\SOURCE\LIBJPEG\DEBUG\JCPREPCT.OBJ
G:\DONOTOPEN\FUCKYOU\FREEIMAGE\SOURCE\LIBJPEG\DEBUG\JCSAMPLE.OBJ
G:\DONOTOPEN\FUCKYOU\FREEIMAGE\SOURCE\LIBJPEG\DEBUG\JCTRANS.OBJ
G:\DONOTOPEN\FUCKYOU\FREEIMAGE\SOURCE\LIBJPEG\DEBUG\JDAPIMIN.OBJ
G:\DONOTOPEN\FUCKYOU\FREEIMAGE\SOURCE\LIBJPEG\DEBUG\JDAPISTD.OBJ
G:\DONOTOPEN\FUCKYOU\FREEIMAGE\SOURCE\LIBJPEG\DEBUG\JDATADST.OBJ
G:\DONOTOPEN\FUCKYOU\FREEIMAGE\SOURCE\LIBJPEG\DEBUG\JDATASRC.OBJ
G:\DONOTOPEN\FUCKYOU\FREEIMAGE\SOURCE\LIBJPEG\DEBUG\JDCOEFCT.OBJ
G:\DONOTOPEN\FUCKYOU\FREEIMAGE\SOURCE\LIBJPEG\DEBUG\JDCOLOR.OBJ
G:\DONOTOPEN\FUCKYOU\FREEIMAGE\SOURCE\LIBJPEG\DEBUG\JDDCTMGR.OBJ
G:\DONOTOPEN\FUCKYOU\FREEIMAGE\SOURCE\LIBJPEG\DEBUG\JDHUFF.OBJ
G:\DONOTOPEN\FUCKYOU\FREEIMAGE\SOURCE\LIBJPEG\DEBUG\JDINPUT.OBJ
G:\DONOTOPEN\FUCKYOU\FREEIMAGE\SOURCE\LIBJPEG\DEBUG\JDMAINCT.OBJ
G:\DONOTOPEN\FUCKYOU\FREEIMAGE\SOURCE\LIBJPEG\DEBUG\JDMARKER.OBJ
G:\DONOTOPEN\FUCKYOU\FREEIMAGE\SOURCE\LIBJPEG\DEBUG\JDMASTER.OBJ
G:\DONOTOPEN\FUCKYOU\FREEIMAGE\SOURCE\LIBJPEG\DEBUG\JDMERGE.OBJ
G:\DONOTOPEN\FUCKYOU\FREEIMAGE\SOURCE\LIBJPEG\DEBUG\JDPHUFF.OBJ
G:\DONOTOPEN\FUCKYOU\FREEIMAGE\SOURCE\LIBJPEG\DEBUG\JDPOSTCT.OBJ
G:\DONOTOPEN\FUCKYOU\FREEIMAGE\SOURCE\LIBJPEG\DEBUG\JDSAMPLE.OBJ
G:\DONOTOPEN\FUCKYOU\FREEIMAGE\SOURCE\LIBJPEG\DEBUG\JDTRANS.OBJ
G:\DONOTOPEN\FUCKYOU\FREEIMAGE\SOURCE\LIBJPEG\DEBUG\JERROR.OBJ
G:\DONOTOPEN\FUCKYOU\FREEIMAGE\SOURCE\LIBJPEG\DEBUG\JFDCTFLT.OBJ
G:\DONOTOPEN\FUCKYOU\FREEIMAGE\SOURCE\LIBJPEG\DEBUG\JFDCTFST.OBJ
G:\DONOTOPEN\FUCKYOU\FREEIMAGE\SOURCE\LIBJPEG\DEBUG\JFDCTINT.OBJ
G:\DONOTOPEN\FUCKYOU\FREEIMAGE\SOURCE\LIBJPEG\DEBUG\JIDCTFLT.OBJ
G:\DONOTOPEN\FUCKYOU\FREEIMAGE\SOURCE\LIBJPEG\DEBUG\JIDCTFST.OBJ
G:\DONOTOPEN\FUCKYOU\FREEIMAGE\SOURCE\LIBJPEG\DEBUG\JIDCTINT.OBJ
G:\DONOTOPEN\FUCKYOU\FREEIMAGE\SOURCE\LIBJPEG\DEBUG\JIDCTRED.OBJ
G:\DONOTOPEN\FUCKYOU\FREEIMAGE\SOURCE\LIBJPEG\DEBUG\JMEMMGR.OBJ
G:\DONOTOPEN\FUCKYOU\FREEIMAGE\SOURCE\LIBJPEG\DEBUG\JMEMNOBS.OBJ
G:\DONOTOPEN\FUCKYOU\FREEIMAGE\SOURCE\LIBJPEG\DEBUG\JQUANT1.OBJ
G:\DONOTOPEN\FUCKYOU\FREEIMAGE\SOURCE\LIBJPEG\DEBUG\JQUANT2.OBJ
G:\DONOTOPEN\FUCKYOU\FREEIMAGE\SOURCE\LIBJPEG\DEBUG\JUTILS.OBJ
G:\DONOTOPEN\FUCKYOU\FreeImage\Source\LibJPEG\Debug\lib.command.1.tlog
G:\DONOTOPEN\FUCKYOU\FREEIMAGE\SOURCE\LIBJPEG\DEBUG\LIBJPEG.LIB
G:\DONOTOPEN\FUCKYOU\FreeImage\Source\LibJPEG\Debug\LibJPEG.write.1.tlog
G:\DONOTOPEN\FUCKYOU\FreeImage\Source\LibJPEG\Debug\Lib-link.read.1.tlog
G:\DONOTOPEN\FUCKYOU\FreeImage\Source\LibJPEG\Debug\Lib-link.write.1.tlog
G:\DONOTOPEN\FUCKYOU\FREEIMAGE\SOURCE\LIBJPEG\DEBUG\TRANSUPP.OBJ
G:\DONOTOPEN\FUCKYOU\FreeImage\Source\LibJPEG\Debug\vc100.idb
G:\DONOTOPEN\FUCKYOU\FREEIMAGE\SOURCE\LIBJPEG\DEBUG\VC100.PDB
