生成启动时间为 2014/8/28 23:17:35。
     1>项目“G:\DONOTOPEN\FUCKYOU\FreeImage\FreeImage.2005.vcxproj”在节点 2 上(build 个目标)。
     1>C:\Program Files (x86)\MSBuild\Microsoft.Cpp\v4.0\Microsoft.CppBuild.targets(298,5): warning MSB8004: Intermediate 目录未以斜杠结尾。此生成实例将添加斜杠，因为必须有这个斜杠才能正确计算 Intermediate 目录。
     1>C:\Program Files (x86)\MSBuild\Microsoft.Cpp\v4.0\Microsoft.CppBuild.targets(299,5): warning MSB8004: Output 目录未以斜杠结尾。此生成实例将添加斜杠，因为必须有这个斜杠才能正确计算 Output 目录。
     1>InitializeBuildStatus:
         正在对“../CATFISH/Debug\FreeImage.unsuccessfulbuild”执行 Touch 任务。
       ClCompile:
         所有输出均为最新。
         所有输出均为最新。
         所有输出均为最新。
       ResourceCompile:
         所有输出均为最新。
     1>C:\Program Files (x86)\MSBuild\Microsoft.Cpp\v4.0\Microsoft.CppBuild.targets(990,5): warning MSB8012: TargetPath(G:\DONOTOPEN\FUCKYOU\FreeImage\../CATFISH/Debug\FreeImage.dll) 与 Linker 的 OutputFile 属性值(G:\DONOTOPEN\FUCKYOU\CATFISH\Debug\FreeImaged.dll)不匹配。这可能导致项目生成不正确。若要更正此问题，请确保 $(OutDir)、$(TargetName) 和 $(TargetExt) 属性值与 %(Link.OutputFile) 中指定的值匹配。
     1>C:\Program Files (x86)\MSBuild\Microsoft.Cpp\v4.0\Microsoft.CppBuild.targets(992,5): warning MSB8012: TargetName(FreeImage) 与 Linker 的 OutputFile 属性值(FreeImaged)不匹配。这可能导致项目生成不正确。若要更正此问题，请确保 $(OutDir)、$(TargetName) 和 $(TargetExt) 属性值与 %(Link.OutputFile) 中指定的值匹配。
       Link:
         D:\Program Files (x86)\Microsoft Visual Studio 10.0\VC\bin\link.exe /ERRORREPORT:PROMPT /OUT:"../CATFISH/Debug/FreeImaged.dll" /INCREMENTAL /NOLOGO kernel32.lib user32.lib gdi32.lib winspool.lib comdlg32.lib advapi32.lib shell32.lib ole32.lib oleaut32.lib uuid.lib odbc32.lib odbccp32.lib /MANIFEST:NO /DEBUG /PDB:".\Debug/FreeImaged.pdb" /TLBID:1 /DYNAMICBASE /NXCOMPAT /IMPLIB:".\Debug/FreeImaged.lib" /MACHINE:X86 /DLL ../CATFISH/Debug\FreeImage.res
         .\Debug/BitmapAccess.obj
         .\Debug/ColorLookup.obj
         .\Debug/FreeImage.obj
         .\Debug/FreeImageC.obj
         .\Debug/FreeImageIO.obj
         .\Debug/GetType.obj
         .\Debug/MemoryIO.obj
         .\Debug/PixelAccess.obj
         .\Debug/J2KHelper.obj
         .\Debug/Plugin.obj
         .\Debug/PluginBMP.obj
         .\Debug/PluginCUT.obj
         .\Debug/PluginDDS.obj
         .\Debug/PluginEXR.obj
         .\Debug/PluginG3.obj
         .\Debug/PluginGIF.obj
         .\Debug/PluginHDR.obj
         .\Debug/PluginICO.obj
         .\Debug/PluginIFF.obj
         .\Debug/PluginJ2K.obj
         .\Debug/PluginJP2.obj
         .\Debug/PluginJPEG.obj
         .\Debug/PluginKOALA.obj
         .\Debug/PluginMNG.obj
         .\Debug/PluginPCD.obj
         .\Debug/PluginPCX.obj
         .\Debug/PluginPNG.obj
         .\Debug/PluginPNM.obj
         .\Debug/PluginPSD.obj
         .\Debug/PluginRAS.obj
         .\Debug/PluginSGI.obj
         .\Debug/PluginTARGA.obj
         .\Debug/PluginTIFF.obj
         .\Debug/PluginWBMP.obj
         .\Debug/PluginXBM.obj
         .\Debug/PluginXPM.obj
         .\Debug/Conversion.obj
         .\Debug/Conversion16_555.obj
         .\Debug/Conversion16_565.obj
         .\Debug/Conversion24.obj
         .\Debug/Conversion32.obj
         .\Debug/Conversion4.obj
         .\Debug/Conversion8.obj
         .\Debug/ConversionRGBF.obj
         .\Debug/ConversionType.obj
         .\Debug/Halftoning.obj
         .\Debug/tmoColorConvert.obj
         .\Debug/tmoDrago03.obj
         .\Debug/tmoFattal02.obj
         .\Debug/tmoReinhard05.obj
         .\Debug/ToneMapping.obj
         .\Debug/NNQuantizer.obj
         .\Debug/WuQuantizer.obj
         .\Debug/DeprecationMgr.obj
         .\Debug/CacheFile.obj
         .\Debug/MultiPage.obj
         .\Debug/ZLibInterface.obj
         .\Debug/Exif.obj
         .\Debug/FIRational.obj
         .\Debug/FreeImageTag.obj
         .\Debug/IPTC.obj
         .\Debug/TagConversion.obj
         .\Debug/TagLib.obj
         .\Debug/XTIFF.obj
         .\Debug/BSplineRotate.obj
         .\Debug/Channels.obj
         .\Debug/ClassicRotate.obj
         .\Debug/Colors.obj
         .\Debug/CopyPaste.obj
         .\Debug/Display.obj
         .\Debug/Flip.obj
         .\Debug/JPEGTransform.obj
         .\Debug/MultigridPoissonSolver.obj
         .\Debug/Rescale.obj
         .\Debug/Resize.obj
         G:\DONOTOPEN\FUCKYOU\FreeImage\Source\LibJPEG\Debug\LibJPEG.lib
         G:\DONOTOPEN\FUCKYOU\FreeImage\Source\LibMNG\Debug\LibMNG.lib
         G:\DONOTOPEN\FUCKYOU\FreeImage\Source\LibOpenJPEG\Debug\LibOpenJPEG.lib
         G:\DONOTOPEN\FUCKYOU\FreeImage\Source\LibPNG\Debug\LibPNG.lib
         G:\DONOTOPEN\FUCKYOU\FreeImage\Source\LibTIFF\Debug\LibTIFF.lib
         G:\DONOTOPEN\FUCKYOU\FreeImage\Source\OpenEXR\Debug\OpenEXR.lib
         G:\DONOTOPEN\FUCKYOU\FreeImage\Source\ZLib\Debug\ZLib.lib
            正在创建库 .\Debug/FreeImaged.lib 和对象 .\Debug/FreeImaged.exp
     1>LINK : fatal error LNK1123: 转换到 COFF 期间失败: 文件无效或损坏
     1>已完成生成项目“G:\DONOTOPEN\FUCKYOU\FreeImage\FreeImage.2005.vcxproj”(build 个目标)的操作 - 失败。

生成失败。

已用时间 00:00:00.48
