D:\DONOTOPEN\FUCKYOU\CATFISH\Debug\cl.command.1.tlog
D:\DONOTOPEN\FUCKYOU\CATFISH\Debug\CL.read.1.tlog
D:\DONOTOPEN\FUCKYOU\CATFISH\Debug\CL.write.1.tlog
D:\DONOTOPEN\FUCKYOU\CATFISH\Debug\Demo.exp
D:\DONOTOPEN\FUCKYOU\CATFISH\Debug\Demo.ilk
D:\DONOTOPEN\FUCKYOU\CATFISH\Debug\Demo.pdb
D:\DONOTOPEN\FUCKYOU\CATFISH\Debug\Font.exp
D:\DONOTOPEN\FUCKYOU\CATFISH\Debug\Font.ilk
D:\DONOTOPEN\FUCKYOU\CATFISH\Debug\Font.pdb
D:\DONOTOPEN\FUCKYOU\CATFISH\Debug\FreeImage.2005.vcxprojResolveAssemblyReference.cache
D:\DONOTOPEN\FUCKYOU\CATFISH\DEBUG\FREEIMAGE.RES
D:\DONOTOPEN\FUCKYOU\CATFISH\Debug\FreeImage.write.1.tlog
D:\DONOTOPEN\FUCKYOU\CATFISH\DEBUG\FREEIMAGED.DLL
D:\DONOTOPEN\FUCKYOU\CATFISH\DEBUG\FREEIMAGED.ILK
D:\DONOTOPEN\FUCKYOU\CATFISH\Debug\Game.exp
D:\DONOTOPEN\FUCKYOU\CATFISH\Debug\Game.pdb
D:\DONOTOPEN\FUCKYOU\CATFISH\Debug\GlesSystem.exp
D:\DONOTOPEN\FUCKYOU\CATFISH\Debug\GlesSystem.ilk
D:\DONOTOPEN\FUCKYOU\CATFISH\Debug\GlesSystem.pdb
D:\DONOTOPEN\FUCKYOU\CATFISH\Debug\GraphicSystem.exp
D:\DONOTOPEN\FUCKYOU\CATFISH\Debug\GraphicSystem.ilk
D:\DONOTOPEN\FUCKYOU\CATFISH\Debug\GraphicSystem.pdb
D:\DONOTOPEN\FUCKYOU\CATFISH\Debug\IO.exp
D:\DONOTOPEN\FUCKYOU\CATFISH\Debug\IO.ilk
D:\DONOTOPEN\FUCKYOU\CATFISH\Debug\IO.pdb
D:\DONOTOPEN\FUCKYOU\CATFISH\Debug\link.8660.read.1.tlog
D:\DONOTOPEN\FUCKYOU\CATFISH\Debug\link.8660.write.1.tlog
D:\DONOTOPEN\FUCKYOU\CATFISH\Debug\link.8660-cvtres.read.1.tlog
D:\DONOTOPEN\FUCKYOU\CATFISH\Debug\link.8660-cvtres.write.1.tlog
D:\DONOTOPEN\FUCKYOU\CATFISH\Debug\link.command.1.tlog
D:\DONOTOPEN\FUCKYOU\CATFISH\Debug\link.read.1.tlog
D:\DONOTOPEN\FUCKYOU\CATFISH\Debug\link.write.1.tlog
D:\DONOTOPEN\FUCKYOU\CATFISH\Debug\LUAMSVC.exp
D:\DONOTOPEN\FUCKYOU\CATFISH\Debug\LUAMSVC.ilk
D:\DONOTOPEN\FUCKYOU\CATFISH\Debug\LUAMSVC.pdb
D:\DONOTOPEN\FUCKYOU\CATFISH\Debug\Math.exp
D:\DONOTOPEN\FUCKYOU\CATFISH\Debug\Math.ilk
D:\DONOTOPEN\FUCKYOU\CATFISH\Debug\Math.pdb
D:\DONOTOPEN\FUCKYOU\CATFISH\Debug\rc.command.1.tlog
D:\DONOTOPEN\FUCKYOU\CATFISH\Debug\rc.read.1.tlog
D:\DONOTOPEN\FUCKYOU\CATFISH\Debug\rc.write.1.tlog
D:\DONOTOPEN\FUCKYOU\CATFISH\Debug\ResourcePhraser.exp
D:\DONOTOPEN\FUCKYOU\CATFISH\Debug\ResourcePhraser.ilk
D:\DONOTOPEN\FUCKYOU\CATFISH\Debug\ResourcePhraser.pdb
D:\DONOTOPEN\FUCKYOU\CATFISH\Debug\SoundSystem.exp
D:\DONOTOPEN\FUCKYOU\CATFISH\Debug\SoundSystem.ilk
D:\DONOTOPEN\FUCKYOU\CATFISH\Debug\SoundSystem.pdb
D:\DONOTOPEN\FUCKYOU\CATFISH\Debug\Sprite2D.exp
D:\DONOTOPEN\FUCKYOU\CATFISH\Debug\Sprite2D.ilk
D:\DONOTOPEN\FUCKYOU\CATFISH\Debug\Sprite2D.pdb
D:\DONOTOPEN\FUCKYOU\FREEIMAGE\DEBUG\BITMAPACCESS.OBJ
D:\DONOTOPEN\FUCKYOU\FREEIMAGE\DEBUG\BSPLINEROTATE.OBJ
D:\DONOTOPEN\FUCKYOU\FREEIMAGE\DEBUG\CACHEFILE.OBJ
D:\DONOTOPEN\FUCKYOU\FREEIMAGE\DEBUG\CHANNELS.OBJ
D:\DONOTOPEN\FUCKYOU\FREEIMAGE\DEBUG\CLASSICROTATE.OBJ
D:\DONOTOPEN\FUCKYOU\FREEIMAGE\DEBUG\COLORLOOKUP.OBJ
D:\DONOTOPEN\FUCKYOU\FREEIMAGE\DEBUG\COLORS.OBJ
D:\DONOTOPEN\FUCKYOU\FREEIMAGE\DEBUG\CONVERSION.OBJ
D:\DONOTOPEN\FUCKYOU\FREEIMAGE\DEBUG\CONVERSION16_555.OBJ
D:\DONOTOPEN\FUCKYOU\FREEIMAGE\DEBUG\CONVERSION16_565.OBJ
D:\DONOTOPEN\FUCKYOU\FREEIMAGE\DEBUG\CONVERSION24.OBJ
D:\DONOTOPEN\FUCKYOU\FREEIMAGE\DEBUG\CONVERSION32.OBJ
D:\DONOTOPEN\FUCKYOU\FREEIMAGE\DEBUG\CONVERSION4.OBJ
D:\DONOTOPEN\FUCKYOU\FREEIMAGE\DEBUG\CONVERSION8.OBJ
D:\DONOTOPEN\FUCKYOU\FREEIMAGE\DEBUG\CONVERSIONRGBF.OBJ
D:\DONOTOPEN\FUCKYOU\FREEIMAGE\DEBUG\CONVERSIONTYPE.OBJ
D:\DONOTOPEN\FUCKYOU\FREEIMAGE\DEBUG\COPYPASTE.OBJ
D:\DONOTOPEN\FUCKYOU\FREEIMAGE\DEBUG\DEPRECATIONMGR.OBJ
D:\DONOTOPEN\FUCKYOU\FREEIMAGE\DEBUG\DISPLAY.OBJ
D:\DONOTOPEN\FUCKYOU\FREEIMAGE\DEBUG\EXIF.OBJ
D:\DONOTOPEN\FUCKYOU\FREEIMAGE\DEBUG\FIRATIONAL.OBJ
D:\DONOTOPEN\FUCKYOU\FREEIMAGE\DEBUG\FLIP.OBJ
D:\DONOTOPEN\FUCKYOU\FREEIMAGE\DEBUG\FREEIMAGE.OBJ
D:\DONOTOPEN\FUCKYOU\FREEIMAGE\DEBUG\FREEIMAGEC.OBJ
D:\DONOTOPEN\FUCKYOU\FreeImage\Debug\FreeImaged.exp
D:\DONOTOPEN\FUCKYOU\FreeImage\Debug\FreeImaged.lib
D:\DONOTOPEN\FUCKYOU\FREEIMAGE\DEBUG\FREEIMAGED.PDB
D:\DONOTOPEN\FUCKYOU\FREEIMAGE\DEBUG\FREEIMAGEIO.OBJ
D:\DONOTOPEN\FUCKYOU\FREEIMAGE\DEBUG\FREEIMAGETAG.OBJ
D:\DONOTOPEN\FUCKYOU\FREEIMAGE\DEBUG\GETTYPE.OBJ
D:\DONOTOPEN\FUCKYOU\FREEIMAGE\DEBUG\HALFTONING.OBJ
D:\DONOTOPEN\FUCKYOU\FREEIMAGE\DEBUG\IPTC.OBJ
D:\DONOTOPEN\FUCKYOU\FREEIMAGE\DEBUG\J2KHELPER.OBJ
D:\DONOTOPEN\FUCKYOU\FREEIMAGE\DEBUG\JPEGTRANSFORM.OBJ
D:\DONOTOPEN\FUCKYOU\FREEIMAGE\DEBUG\MEMORYIO.OBJ
D:\DONOTOPEN\FUCKYOU\FREEIMAGE\DEBUG\MULTIGRIDPOISSONSOLVER.OBJ
D:\DONOTOPEN\FUCKYOU\FREEIMAGE\DEBUG\MULTIPAGE.OBJ
D:\DONOTOPEN\FUCKYOU\FREEIMAGE\DEBUG\NNQUANTIZER.OBJ
D:\DONOTOPEN\FUCKYOU\FREEIMAGE\DEBUG\PIXELACCESS.OBJ
D:\DONOTOPEN\FUCKYOU\FREEIMAGE\DEBUG\PLUGIN.OBJ
D:\DONOTOPEN\FUCKYOU\FREEIMAGE\DEBUG\PLUGINBMP.OBJ
D:\DONOTOPEN\FUCKYOU\FREEIMAGE\DEBUG\PLUGINCUT.OBJ
D:\DONOTOPEN\FUCKYOU\FREEIMAGE\DEBUG\PLUGINDDS.OBJ
D:\DONOTOPEN\FUCKYOU\FREEIMAGE\DEBUG\PLUGINEXR.OBJ
D:\DONOTOPEN\FUCKYOU\FREEIMAGE\DEBUG\PLUGING3.OBJ
D:\DONOTOPEN\FUCKYOU\FREEIMAGE\DEBUG\PLUGINGIF.OBJ
D:\DONOTOPEN\FUCKYOU\FREEIMAGE\DEBUG\PLUGINHDR.OBJ
D:\DONOTOPEN\FUCKYOU\FREEIMAGE\DEBUG\PLUGINICO.OBJ
D:\DONOTOPEN\FUCKYOU\FREEIMAGE\DEBUG\PLUGINIFF.OBJ
D:\DONOTOPEN\FUCKYOU\FREEIMAGE\DEBUG\PLUGINJ2K.OBJ
D:\DONOTOPEN\FUCKYOU\FREEIMAGE\DEBUG\PLUGINJP2.OBJ
D:\DONOTOPEN\FUCKYOU\FREEIMAGE\DEBUG\PLUGINJPEG.OBJ
D:\DONOTOPEN\FUCKYOU\FREEIMAGE\DEBUG\PLUGINKOALA.OBJ
D:\DONOTOPEN\FUCKYOU\FREEIMAGE\DEBUG\PLUGINMNG.OBJ
D:\DONOTOPEN\FUCKYOU\FREEIMAGE\DEBUG\PLUGINPCD.OBJ
D:\DONOTOPEN\FUCKYOU\FREEIMAGE\DEBUG\PLUGINPCX.OBJ
D:\DONOTOPEN\FUCKYOU\FREEIMAGE\DEBUG\PLUGINPNG.OBJ
D:\DONOTOPEN\FUCKYOU\FREEIMAGE\DEBUG\PLUGINPNM.OBJ
D:\DONOTOPEN\FUCKYOU\FREEIMAGE\DEBUG\PLUGINPSD.OBJ
D:\DONOTOPEN\FUCKYOU\FREEIMAGE\DEBUG\PLUGINRAS.OBJ
D:\DONOTOPEN\FUCKYOU\FREEIMAGE\DEBUG\PLUGINSGI.OBJ
D:\DONOTOPEN\FUCKYOU\FREEIMAGE\DEBUG\PLUGINTARGA.OBJ
D:\DONOTOPEN\FUCKYOU\FREEIMAGE\DEBUG\PLUGINTIFF.OBJ
D:\DONOTOPEN\FUCKYOU\FREEIMAGE\DEBUG\PLUGINWBMP.OBJ
D:\DONOTOPEN\FUCKYOU\FREEIMAGE\DEBUG\PLUGINXBM.OBJ
D:\DONOTOPEN\FUCKYOU\FREEIMAGE\DEBUG\PLUGINXPM.OBJ
D:\DONOTOPEN\FUCKYOU\FREEIMAGE\DEBUG\RESCALE.OBJ
D:\DONOTOPEN\FUCKYOU\FREEIMAGE\DEBUG\RESIZE.OBJ
D:\DONOTOPEN\FUCKYOU\FREEIMAGE\DEBUG\TAGCONVERSION.OBJ
D:\DONOTOPEN\FUCKYOU\FREEIMAGE\DEBUG\TAGLIB.OBJ
D:\DONOTOPEN\FUCKYOU\FREEIMAGE\DEBUG\TMOCOLORCONVERT.OBJ
D:\DONOTOPEN\FUCKYOU\FREEIMAGE\DEBUG\TMODRAGO03.OBJ
D:\DONOTOPEN\FUCKYOU\FREEIMAGE\DEBUG\TMOFATTAL02.OBJ
D:\DONOTOPEN\FUCKYOU\FREEIMAGE\DEBUG\TMOREINHARD05.OBJ
D:\DONOTOPEN\FUCKYOU\FREEIMAGE\DEBUG\TONEMAPPING.OBJ
D:\DONOTOPEN\FUCKYOU\FREEIMAGE\DEBUG\VC100.PDB
D:\DONOTOPEN\FUCKYOU\FREEIMAGE\DEBUG\WUQUANTIZER.OBJ
D:\DONOTOPEN\FUCKYOU\FREEIMAGE\DEBUG\XTIFF.OBJ
D:\DONOTOPEN\FUCKYOU\FREEIMAGE\DEBUG\ZLIBINTERFACE.OBJ
