E:\DONOTOPEN\FUCKYOU\FREEIMAGE\SOURCE\LIBMNG\DEBUG\LIBMNG.LIB
E:\DONOTOPEN\FUCKYOU\FREEIMAGE\SOURCE\LIBMNG\DEBUG\LIBMNG_CALLBACK_XS.OBJ
E:\DONOTOPEN\FUCKYOU\FREEIMAGE\SOURCE\LIBMNG\DEBUG\LIBMNG_CHUNK_DESCR.OBJ
E:\DONOTOPEN\FUCKYOU\FREEIMAGE\SOURCE\LIBMNG\DEBUG\LIBMNG_CHUNK_IO.OBJ
E:\DONOTOPEN\FUCKYOU\FREEIMAGE\SOURCE\LIBMNG\DEBUG\LIBMNG_CHUNK_PRC.OBJ
E:\DONOTOPEN\FUCKYOU\FREEIMAGE\SOURCE\LIBMNG\DEBUG\LIBMNG_CHUNK_XS.OBJ
E:\DONOTOPEN\FUCKYOU\FREEIMAGE\SOURCE\LIBMNG\DEBUG\LIBMNG_CMS.OBJ
E:\DONOTOPEN\FUCKYOU\FREEIMAGE\SOURCE\LIBMNG\DEBUG\LIBMNG_DISPLAY.OBJ
E:\DONOTOPEN\FUCKYOU\FREEIMAGE\SOURCE\LIBMNG\DEBUG\LIBMNG_DITHER.OBJ
E:\DONOTOPEN\FUCKYOU\FREEIMAGE\SOURCE\LIBMNG\DEBUG\LIBMNG_ERROR.OBJ
E:\DONOTOPEN\FUCKYOU\FREEIMAGE\SOURCE\LIBMNG\DEBUG\LIBMNG_FILTER.OBJ
E:\DONOTOPEN\FUCKYOU\FREEIMAGE\SOURCE\LIBMNG\DEBUG\LIBMNG_HLAPI.OBJ
E:\DONOTOPEN\FUCKYOU\FREEIMAGE\SOURCE\LIBMNG\DEBUG\LIBMNG_JPEG.OBJ
E:\DONOTOPEN\FUCKYOU\FREEIMAGE\SOURCE\LIBMNG\DEBUG\LIBMNG_OBJECT_PRC.OBJ
E:\DONOTOPEN\FUCKYOU\FREEIMAGE\SOURCE\LIBMNG\DEBUG\LIBMNG_PIXELS.OBJ
E:\DONOTOPEN\FUCKYOU\FREEIMAGE\SOURCE\LIBMNG\DEBUG\LIBMNG_PROP_XS.OBJ
E:\DONOTOPEN\FUCKYOU\FREEIMAGE\SOURCE\LIBMNG\DEBUG\LIBMNG_READ.OBJ
E:\DONOTOPEN\FUCKYOU\FREEIMAGE\SOURCE\LIBMNG\DEBUG\LIBMNG_TRACE.OBJ
E:\DONOTOPEN\FUCKYOU\FREEIMAGE\SOURCE\LIBMNG\DEBUG\LIBMNG_WRITE.OBJ
E:\DONOTOPEN\FUCKYOU\FREEIMAGE\SOURCE\LIBMNG\DEBUG\LIBMNG_ZLIB.OBJ
E:\DONOTOPEN\FUCKYOU\FREEIMAGE\SOURCE\LIBMNG\DEBUG\VC100.PDB
G:\DONOTOPEN\FUCKYOU\FreeImage\Source\LibMNG\.\Debug\LibMNG.lib
G:\DONOTOPEN\FUCKYOU\FreeImage\Source\LibMNG\Debug\cl.command.1.tlog
G:\DONOTOPEN\FUCKYOU\FreeImage\Source\LibMNG\Debug\CL.read.1.tlog
G:\DONOTOPEN\FUCKYOU\FreeImage\Source\LibMNG\Debug\CL.write.1.tlog
G:\DONOTOPEN\FUCKYOU\FreeImage\Source\LibMNG\Debug\lib.command.1.tlog
G:\DONOTOPEN\FUCKYOU\FreeImage\Source\LibMNG\Debug\Lib-link.read.1.tlog
G:\DONOTOPEN\FUCKYOU\FreeImage\Source\LibMNG\Debug\Lib-link.write.1.tlog
G:\DONOTOPEN\FUCKYOU\FreeImage\Source\LibMNG\Debug\LibMNG.2005.vcxprojResolveAssemblyReference.cache
G:\DONOTOPEN\FUCKYOU\FREEIMAGE\SOURCE\LIBMNG\DEBUG\LIBMNG.LIB
G:\DONOTOPEN\FUCKYOU\FreeImage\Source\LibMNG\Debug\LibMNG.write.1.tlog
G:\DONOTOPEN\FUCKYOU\FREEIMAGE\SOURCE\LIBMNG\DEBUG\LIBMNG_CALLBACK_XS.OBJ
G:\DONOTOPEN\FUCKYOU\FREEIMAGE\SOURCE\LIBMNG\DEBUG\LIBMNG_CHUNK_DESCR.OBJ
G:\DONOTOPEN\FUCKYOU\FREEIMAGE\SOURCE\LIBMNG\DEBUG\LIBMNG_CHUNK_IO.OBJ
G:\DONOTOPEN\FUCKYOU\FREEIMAGE\SOURCE\LIBMNG\DEBUG\LIBMNG_CHUNK_PRC.OBJ
G:\DONOTOPEN\FUCKYOU\FREEIMAGE\SOURCE\LIBMNG\DEBUG\LIBMNG_CHUNK_XS.OBJ
G:\DONOTOPEN\FUCKYOU\FREEIMAGE\SOURCE\LIBMNG\DEBUG\LIBMNG_CMS.OBJ
G:\DONOTOPEN\FUCKYOU\FREEIMAGE\SOURCE\LIBMNG\DEBUG\LIBMNG_DISPLAY.OBJ
G:\DONOTOPEN\FUCKYOU\FREEIMAGE\SOURCE\LIBMNG\DEBUG\LIBMNG_DITHER.OBJ
G:\DONOTOPEN\FUCKYOU\FREEIMAGE\SOURCE\LIBMNG\DEBUG\LIBMNG_ERROR.OBJ
G:\DONOTOPEN\FUCKYOU\FREEIMAGE\SOURCE\LIBMNG\DEBUG\LIBMNG_FILTER.OBJ
G:\DONOTOPEN\FUCKYOU\FREEIMAGE\SOURCE\LIBMNG\DEBUG\LIBMNG_HLAPI.OBJ
G:\DONOTOPEN\FUCKYOU\FREEIMAGE\SOURCE\LIBMNG\DEBUG\LIBMNG_JPEG.OBJ
G:\DONOTOPEN\FUCKYOU\FREEIMAGE\SOURCE\LIBMNG\DEBUG\LIBMNG_OBJECT_PRC.OBJ
G:\DONOTOPEN\FUCKYOU\FREEIMAGE\SOURCE\LIBMNG\DEBUG\LIBMNG_PIXELS.OBJ
G:\DONOTOPEN\FUCKYOU\FREEIMAGE\SOURCE\LIBMNG\DEBUG\LIBMNG_PROP_XS.OBJ
G:\DONOTOPEN\FUCKYOU\FREEIMAGE\SOURCE\LIBMNG\DEBUG\LIBMNG_READ.OBJ
G:\DONOTOPEN\FUCKYOU\FREEIMAGE\SOURCE\LIBMNG\DEBUG\LIBMNG_TRACE.OBJ
G:\DONOTOPEN\FUCKYOU\FREEIMAGE\SOURCE\LIBMNG\DEBUG\LIBMNG_WRITE.OBJ
G:\DONOTOPEN\FUCKYOU\FREEIMAGE\SOURCE\LIBMNG\DEBUG\LIBMNG_ZLIB.OBJ
G:\DONOTOPEN\FUCKYOU\FreeImage\Source\LibMNG\Debug\vc100.idb
G:\DONOTOPEN\FUCKYOU\FREEIMAGE\SOURCE\LIBMNG\DEBUG\VC100.PDB
