E:\DONOTOPEN\FUCKYOU\BIN\WIN\DEBUG\GLESSYSTEM.DLL
E:\DONOTOPEN\FUCKYOU\Bin\Win\Debug\GlesSystem.exp
E:\DONOTOPEN\FUCKYOU\BIN\WIN\DEBUG\GLESSYSTEM.ILK
E:\DONOTOPEN\FUCKYOU\Bin\Win\Debug\GlesSystem.lib
E:\DONOTOPEN\FUCKYOU\BIN\WIN\DEBUG\GLESSYSTEM.PDB
E:\DONOTOPEN\FUCKYOU\VSSLN\CATFISH\GlesSyetem\GlesSystem.dir\Debug\cl.command.1.tlog
E:\DONOTOPEN\FUCKYOU\VSSLN\CATFISH\GlesSyetem\GlesSystem.dir\Debug\CL.read.1.tlog
E:\DONOTOPEN\FUCKYOU\VSSLN\CATFISH\GlesSyetem\GlesSystem.dir\Debug\CL.write.1.tlog
E:\DONOTOPEN\FUCKYOU\VSSLN\CATFISH\GlesSyetem\GlesSystem.dir\Debug\custombuild.command.1.tlog
E:\DONOTOPEN\FUCKYOU\VSSLN\CATFISH\GlesSyetem\GlesSystem.dir\Debug\custombuild.read.1.tlog
E:\DONOTOPEN\FUCKYOU\VSSLN\CATFISH\GlesSyetem\GlesSystem.dir\Debug\custombuild.write.1.tlog
E:\DONOTOPEN\FUCKYOU\VSSLN\CATFISH\GLESSYETEM\GLESSYSTEM.DIR\DEBUG\DRAWENUMS.OBJ
E:\DONOTOPEN\FUCKYOU\VSSLN\CATFISH\GLESSYETEM\GLESSYSTEM.DIR\DEBUG\FRAMEBUFFEROBJ.OBJ
E:\DONOTOPEN\FUCKYOU\VSSLN\CATFISH\GLESSYETEM\GLESSYSTEM.DIR\DEBUG\GDEBUG.OBJ
E:\DONOTOPEN\FUCKYOU\VSSLN\CATFISH\GLESSYETEM\GLESSYSTEM.DIR\DEBUG\GLESDEVICE.OBJ
E:\DONOTOPEN\FUCKYOU\VSSLN\CATFISH\GLESSYETEM\GLESSYSTEM.DIR\DEBUG\GLESSYSTEM.DLL.EMBED.MANIFEST
E:\DONOTOPEN\FUCKYOU\VSSLN\CATFISH\GLESSYETEM\GLESSYSTEM.DIR\DEBUG\GLESSYSTEM.DLL.EMBED.MANIFEST.RES
E:\DONOTOPEN\FUCKYOU\VSSLN\CATFISH\GLESSYETEM\GLESSYSTEM.DIR\DEBUG\GLESSYSTEM.DLL.INTERMEDIATE.MANIFEST
E:\DONOTOPEN\FUCKYOU\VSSLN\CATFISH\GlesSyetem\GlesSystem.dir\Debug\GlesSystem.vcxprojResolveAssemblyReference.cache
E:\DONOTOPEN\FUCKYOU\VSSLN\CATFISH\GlesSyetem\GlesSystem.dir\Debug\GlesSystem.write.1.tlog
E:\DONOTOPEN\FUCKYOU\VSSLN\CATFISH\GlesSyetem\GlesSystem.dir\Debug\GlesSystem_manifest.rc
E:\DONOTOPEN\FUCKYOU\VSSLN\CATFISH\GLESSYETEM\GLESSYSTEM.DIR\DEBUG\GPUPROGRAM.OBJ
E:\DONOTOPEN\FUCKYOU\VSSLN\CATFISH\GLESSYETEM\GLESSYSTEM.DIR\DEBUG\INDEXBUFFEROBJ.OBJ
E:\DONOTOPEN\FUCKYOU\VSSLN\CATFISH\GlesSyetem\GlesSystem.dir\Debug\link.5408.read.1.tlog
E:\DONOTOPEN\FUCKYOU\VSSLN\CATFISH\GlesSyetem\GlesSystem.dir\Debug\link.5408.write.1.tlog
E:\DONOTOPEN\FUCKYOU\VSSLN\CATFISH\GlesSyetem\GlesSystem.dir\Debug\link.5408-cvtres.read.1.tlog
E:\DONOTOPEN\FUCKYOU\VSSLN\CATFISH\GlesSyetem\GlesSystem.dir\Debug\link.5408-cvtres.write.1.tlog
E:\DONOTOPEN\FUCKYOU\VSSLN\CATFISH\GlesSyetem\GlesSystem.dir\Debug\link.6440.read.1.tlog
E:\DONOTOPEN\FUCKYOU\VSSLN\CATFISH\GlesSyetem\GlesSystem.dir\Debug\link.6440.write.1.tlog
E:\DONOTOPEN\FUCKYOU\VSSLN\CATFISH\GlesSyetem\GlesSystem.dir\Debug\link.6440-cvtres.read.1.tlog
E:\DONOTOPEN\FUCKYOU\VSSLN\CATFISH\GlesSyetem\GlesSystem.dir\Debug\link.6440-cvtres.write.1.tlog
E:\DONOTOPEN\FUCKYOU\VSSLN\CATFISH\GlesSyetem\GlesSystem.dir\Debug\link.command.1.tlog
E:\DONOTOPEN\FUCKYOU\VSSLN\CATFISH\GlesSyetem\GlesSystem.dir\Debug\link.read.1.tlog
E:\DONOTOPEN\FUCKYOU\VSSLN\CATFISH\GlesSyetem\GlesSystem.dir\Debug\link.write.1.tlog
E:\DONOTOPEN\FUCKYOU\VSSLN\CATFISH\GlesSyetem\GlesSystem.dir\Debug\link-cvtres.read.1.tlog
E:\DONOTOPEN\FUCKYOU\VSSLN\CATFISH\GlesSyetem\GlesSystem.dir\Debug\link-cvtres.write.1.tlog
E:\DONOTOPEN\FUCKYOU\VSSLN\CATFISH\GlesSyetem\GlesSystem.dir\Debug\mt.command.1.tlog
E:\DONOTOPEN\FUCKYOU\VSSLN\CATFISH\GlesSyetem\GlesSystem.dir\Debug\mt.read.1.tlog
E:\DONOTOPEN\FUCKYOU\VSSLN\CATFISH\GlesSyetem\GlesSystem.dir\Debug\mt.write.1.tlog
E:\DONOTOPEN\FUCKYOU\VSSLN\CATFISH\GlesSyetem\GlesSystem.dir\Debug\rc.command.1.tlog
E:\DONOTOPEN\FUCKYOU\VSSLN\CATFISH\GlesSyetem\GlesSystem.dir\Debug\rc.read.1.tlog
E:\DONOTOPEN\FUCKYOU\VSSLN\CATFISH\GlesSyetem\GlesSystem.dir\Debug\rc.write.1.tlog
E:\DONOTOPEN\FUCKYOU\VSSLN\CATFISH\GLESSYETEM\GLESSYSTEM.DIR\DEBUG\SHADER.OBJ
E:\DONOTOPEN\FUCKYOU\VSSLN\CATFISH\GLESSYETEM\GLESSYSTEM.DIR\DEBUG\TEXTURE.OBJ
E:\DONOTOPEN\FUCKYOU\VSSLN\CATFISH\GLESSYETEM\GLESSYSTEM.DIR\DEBUG\VERTEXBUFFEROBJ.OBJ
E:\DONOTOPEN\FUCKYOU\VSSLN\CATFISH\GLESSYETEM\GLESSYSTEM.DIR\DEBUG\VERTEXCOMPONENT.OBJ
E:\DONOTOPEN\FUCKYOU\VSSLN\CATFISH\GLESSYETEM\GLESSYSTEM.DIR\DEBUG\VERTEXLAYOUT.OBJ
