E:\DONOTOPEN\FUCKYOU\BIN\WIN\DEBUG\FREEIMAGED.DLL
E:\DONOTOPEN\FUCKYOU\Bin\Win\Debug\FreeImaged.exp
E:\DONOTOPEN\FUCKYOU\BIN\WIN\DEBUG\FREEIMAGED.ILK
E:\DONOTOPEN\FUCKYOU\Bin\Win\Debug\FreeImaged.lib
E:\DONOTOPEN\FUCKYOU\BIN\WIN\DEBUG\FREEIMAGED.PDB
E:\DONOTOPEN\FUCKYOU\VSSLN\FREEIMAGE\CMAKEFILES\GENERATE.STAMP
E:\DONOTOPEN\FUCKYOU\VSSLN\FREEIMAGE\FREEIMAGED.DIR\DEBUG\BITMAPACCESS.OBJ
E:\DONOTOPEN\FUCKYOU\VSSLN\FREEIMAGE\FREEIMAGED.DIR\DEBUG\BSPLINEROTATE.OBJ
E:\DONOTOPEN\FUCKYOU\VSSLN\FREEIMAGE\FREEIMAGED.DIR\DEBUG\CACHEFILE.OBJ
E:\DONOTOPEN\FUCKYOU\VSSLN\FREEIMAGE\FREEIMAGED.DIR\DEBUG\CHANNELS.OBJ
E:\DONOTOPEN\FUCKYOU\VSSLN\FreeImage\FreeImaged.dir\Debug\cl.command.1.tlog
E:\DONOTOPEN\FUCKYOU\VSSLN\FreeImage\FreeImaged.dir\Debug\CL.read.1.tlog
E:\DONOTOPEN\FUCKYOU\VSSLN\FreeImage\FreeImaged.dir\Debug\CL.write.1.tlog
E:\DONOTOPEN\FUCKYOU\VSSLN\FREEIMAGE\FREEIMAGED.DIR\DEBUG\CLASSICROTATE.OBJ
E:\DONOTOPEN\FUCKYOU\VSSLN\FREEIMAGE\FREEIMAGED.DIR\DEBUG\COLORLOOKUP.OBJ
E:\DONOTOPEN\FUCKYOU\VSSLN\FREEIMAGE\FREEIMAGED.DIR\DEBUG\COLORS.OBJ
E:\DONOTOPEN\FUCKYOU\VSSLN\FREEIMAGE\FREEIMAGED.DIR\DEBUG\CONVERSION.OBJ
E:\DONOTOPEN\FUCKYOU\VSSLN\FREEIMAGE\FREEIMAGED.DIR\DEBUG\CONVERSION16_555.OBJ
E:\DONOTOPEN\FUCKYOU\VSSLN\FREEIMAGE\FREEIMAGED.DIR\DEBUG\CONVERSION16_565.OBJ
E:\DONOTOPEN\FUCKYOU\VSSLN\FREEIMAGE\FREEIMAGED.DIR\DEBUG\CONVERSION24.OBJ
E:\DONOTOPEN\FUCKYOU\VSSLN\FREEIMAGE\FREEIMAGED.DIR\DEBUG\CONVERSION32.OBJ
E:\DONOTOPEN\FUCKYOU\VSSLN\FREEIMAGE\FREEIMAGED.DIR\DEBUG\CONVERSION4.OBJ
E:\DONOTOPEN\FUCKYOU\VSSLN\FREEIMAGE\FREEIMAGED.DIR\DEBUG\CONVERSION8.OBJ
E:\DONOTOPEN\FUCKYOU\VSSLN\FREEIMAGE\FREEIMAGED.DIR\DEBUG\CONVERSIONRGBF.OBJ
E:\DONOTOPEN\FUCKYOU\VSSLN\FREEIMAGE\FREEIMAGED.DIR\DEBUG\CONVERSIONTYPE.OBJ
E:\DONOTOPEN\FUCKYOU\VSSLN\FREEIMAGE\FREEIMAGED.DIR\DEBUG\COPYPASTE.OBJ
E:\DONOTOPEN\FUCKYOU\VSSLN\FreeImage\FreeImaged.dir\Debug\custombuild.command.1.tlog
E:\DONOTOPEN\FUCKYOU\VSSLN\FreeImage\FreeImaged.dir\Debug\custombuild.read.1.tlog
E:\DONOTOPEN\FUCKYOU\VSSLN\FreeImage\FreeImaged.dir\Debug\custombuild.write.1.tlog
E:\DONOTOPEN\FUCKYOU\VSSLN\FREEIMAGE\FREEIMAGED.DIR\DEBUG\DEPRECATIONMGR.OBJ
E:\DONOTOPEN\FUCKYOU\VSSLN\FREEIMAGE\FREEIMAGED.DIR\DEBUG\DISPLAY.OBJ
E:\DONOTOPEN\FUCKYOU\VSSLN\FREEIMAGE\FREEIMAGED.DIR\DEBUG\EXIF.OBJ
E:\DONOTOPEN\FUCKYOU\VSSLN\FREEIMAGE\FREEIMAGED.DIR\DEBUG\FIRATIONAL.OBJ
E:\DONOTOPEN\FUCKYOU\VSSLN\FREEIMAGE\FREEIMAGED.DIR\DEBUG\FLIP.OBJ
E:\DONOTOPEN\FUCKYOU\VSSLN\FREEIMAGE\FREEIMAGED.DIR\DEBUG\FREEIMAGE.OBJ
E:\DONOTOPEN\FUCKYOU\VSSLN\FREEIMAGE\FREEIMAGED.DIR\DEBUG\FREEIMAGEC.OBJ
E:\DONOTOPEN\FUCKYOU\VSSLN\FREEIMAGE\FREEIMAGED.DIR\DEBUG\FREEIMAGED.DLL.EMBED.MANIFEST
E:\DONOTOPEN\FUCKYOU\VSSLN\FREEIMAGE\FREEIMAGED.DIR\DEBUG\FREEIMAGED.DLL.EMBED.MANIFEST.RES
E:\DONOTOPEN\FUCKYOU\VSSLN\FREEIMAGE\FREEIMAGED.DIR\DEBUG\FREEIMAGED.DLL.INTERMEDIATE.MANIFEST
E:\DONOTOPEN\FUCKYOU\VSSLN\FreeImage\FreeImaged.dir\Debug\FreeImaged.write.1.tlog
E:\DONOTOPEN\FUCKYOU\VSSLN\FreeImage\FreeImaged.dir\Debug\FreeImaged_manifest.rc
E:\DONOTOPEN\FUCKYOU\VSSLN\FREEIMAGE\FREEIMAGED.DIR\DEBUG\FREEIMAGEIO.OBJ
E:\DONOTOPEN\FUCKYOU\VSSLN\FREEIMAGE\FREEIMAGED.DIR\DEBUG\FREEIMAGETAG.OBJ
E:\DONOTOPEN\FUCKYOU\VSSLN\FREEIMAGE\FREEIMAGED.DIR\DEBUG\GETTYPE.OBJ
E:\DONOTOPEN\FUCKYOU\VSSLN\FREEIMAGE\FREEIMAGED.DIR\DEBUG\HALFTONING.OBJ
E:\DONOTOPEN\FUCKYOU\VSSLN\FREEIMAGE\FREEIMAGED.DIR\DEBUG\IPTC.OBJ
E:\DONOTOPEN\FUCKYOU\VSSLN\FREEIMAGE\FREEIMAGED.DIR\DEBUG\J2KHELPER.OBJ
E:\DONOTOPEN\FUCKYOU\VSSLN\FREEIMAGE\FREEIMAGED.DIR\DEBUG\JPEGTRANSFORM.OBJ
E:\DONOTOPEN\FUCKYOU\VSSLN\FreeImage\FreeImaged.dir\Debug\link.2288.read.1.tlog
E:\DONOTOPEN\FUCKYOU\VSSLN\FreeImage\FreeImaged.dir\Debug\link.2288.write.1.tlog
E:\DONOTOPEN\FUCKYOU\VSSLN\FreeImage\FreeImaged.dir\Debug\link.2288-cvtres.read.1.tlog
E:\DONOTOPEN\FUCKYOU\VSSLN\FreeImage\FreeImaged.dir\Debug\link.2288-cvtres.write.1.tlog
E:\DONOTOPEN\FUCKYOU\VSSLN\FreeImage\FreeImaged.dir\Debug\link.command.1.tlog
E:\DONOTOPEN\FUCKYOU\VSSLN\FreeImage\FreeImaged.dir\Debug\link.read.1.tlog
E:\DONOTOPEN\FUCKYOU\VSSLN\FreeImage\FreeImaged.dir\Debug\link.write.1.tlog
E:\DONOTOPEN\FUCKYOU\VSSLN\FreeImage\FreeImaged.dir\Debug\link-cvtres.read.1.tlog
E:\DONOTOPEN\FUCKYOU\VSSLN\FreeImage\FreeImaged.dir\Debug\link-cvtres.write.1.tlog
E:\DONOTOPEN\FUCKYOU\VSSLN\FREEIMAGE\FREEIMAGED.DIR\DEBUG\MEMORYIO.OBJ
E:\DONOTOPEN\FUCKYOU\VSSLN\FreeImage\FreeImaged.dir\Debug\mt.command.1.tlog
E:\DONOTOPEN\FUCKYOU\VSSLN\FreeImage\FreeImaged.dir\Debug\mt.read.1.tlog
E:\DONOTOPEN\FUCKYOU\VSSLN\FreeImage\FreeImaged.dir\Debug\mt.write.1.tlog
E:\DONOTOPEN\FUCKYOU\VSSLN\FREEIMAGE\FREEIMAGED.DIR\DEBUG\MULTIGRIDPOISSONSOLVER.OBJ
E:\DONOTOPEN\FUCKYOU\VSSLN\FREEIMAGE\FREEIMAGED.DIR\DEBUG\MULTIPAGE.OBJ
E:\DONOTOPEN\FUCKYOU\VSSLN\FREEIMAGE\FREEIMAGED.DIR\DEBUG\NNQUANTIZER.OBJ
E:\DONOTOPEN\FUCKYOU\VSSLN\FREEIMAGE\FREEIMAGED.DIR\DEBUG\PIXELACCESS.OBJ
E:\DONOTOPEN\FUCKYOU\VSSLN\FREEIMAGE\FREEIMAGED.DIR\DEBUG\PLUGIN.OBJ
E:\DONOTOPEN\FUCKYOU\VSSLN\FREEIMAGE\FREEIMAGED.DIR\DEBUG\PLUGINBMP.OBJ
E:\DONOTOPEN\FUCKYOU\VSSLN\FREEIMAGE\FREEIMAGED.DIR\DEBUG\PLUGINCUT.OBJ
E:\DONOTOPEN\FUCKYOU\VSSLN\FREEIMAGE\FREEIMAGED.DIR\DEBUG\PLUGINDDS.OBJ
E:\DONOTOPEN\FUCKYOU\VSSLN\FREEIMAGE\FREEIMAGED.DIR\DEBUG\PLUGINEXR.OBJ
E:\DONOTOPEN\FUCKYOU\VSSLN\FREEIMAGE\FREEIMAGED.DIR\DEBUG\PLUGING3.OBJ
E:\DONOTOPEN\FUCKYOU\VSSLN\FREEIMAGE\FREEIMAGED.DIR\DEBUG\PLUGINGIF.OBJ
E:\DONOTOPEN\FUCKYOU\VSSLN\FREEIMAGE\FREEIMAGED.DIR\DEBUG\PLUGINHDR.OBJ
E:\DONOTOPEN\FUCKYOU\VSSLN\FREEIMAGE\FREEIMAGED.DIR\DEBUG\PLUGINICO.OBJ
E:\DONOTOPEN\FUCKYOU\VSSLN\FREEIMAGE\FREEIMAGED.DIR\DEBUG\PLUGINIFF.OBJ
E:\DONOTOPEN\FUCKYOU\VSSLN\FREEIMAGE\FREEIMAGED.DIR\DEBUG\PLUGINJ2K.OBJ
E:\DONOTOPEN\FUCKYOU\VSSLN\FREEIMAGE\FREEIMAGED.DIR\DEBUG\PLUGINJP2.OBJ
E:\DONOTOPEN\FUCKYOU\VSSLN\FREEIMAGE\FREEIMAGED.DIR\DEBUG\PLUGINJPEG.OBJ
E:\DONOTOPEN\FUCKYOU\VSSLN\FREEIMAGE\FREEIMAGED.DIR\DEBUG\PLUGINKOALA.OBJ
E:\DONOTOPEN\FUCKYOU\VSSLN\FREEIMAGE\FREEIMAGED.DIR\DEBUG\PLUGINMNG.OBJ
E:\DONOTOPEN\FUCKYOU\VSSLN\FREEIMAGE\FREEIMAGED.DIR\DEBUG\PLUGINPCD.OBJ
E:\DONOTOPEN\FUCKYOU\VSSLN\FREEIMAGE\FREEIMAGED.DIR\DEBUG\PLUGINPCX.OBJ
E:\DONOTOPEN\FUCKYOU\VSSLN\FREEIMAGE\FREEIMAGED.DIR\DEBUG\PLUGINPNG.OBJ
E:\DONOTOPEN\FUCKYOU\VSSLN\FREEIMAGE\FREEIMAGED.DIR\DEBUG\PLUGINPNM.OBJ
E:\DONOTOPEN\FUCKYOU\VSSLN\FREEIMAGE\FREEIMAGED.DIR\DEBUG\PLUGINPSD.OBJ
E:\DONOTOPEN\FUCKYOU\VSSLN\FREEIMAGE\FREEIMAGED.DIR\DEBUG\PLUGINRAS.OBJ
E:\DONOTOPEN\FUCKYOU\VSSLN\FREEIMAGE\FREEIMAGED.DIR\DEBUG\PLUGINSGI.OBJ
E:\DONOTOPEN\FUCKYOU\VSSLN\FREEIMAGE\FREEIMAGED.DIR\DEBUG\PLUGINTARGA.OBJ
E:\DONOTOPEN\FUCKYOU\VSSLN\FREEIMAGE\FREEIMAGED.DIR\DEBUG\PLUGINTIFF.OBJ
E:\DONOTOPEN\FUCKYOU\VSSLN\FREEIMAGE\FREEIMAGED.DIR\DEBUG\PLUGINWBMP.OBJ
E:\DONOTOPEN\FUCKYOU\VSSLN\FREEIMAGE\FREEIMAGED.DIR\DEBUG\PLUGINXBM.OBJ
E:\DONOTOPEN\FUCKYOU\VSSLN\FREEIMAGE\FREEIMAGED.DIR\DEBUG\PLUGINXPM.OBJ
E:\DONOTOPEN\FUCKYOU\VSSLN\FreeImage\FreeImaged.dir\Debug\rc.command.1.tlog
E:\DONOTOPEN\FUCKYOU\VSSLN\FreeImage\FreeImaged.dir\Debug\rc.read.1.tlog
E:\DONOTOPEN\FUCKYOU\VSSLN\FreeImage\FreeImaged.dir\Debug\rc.write.1.tlog
E:\DONOTOPEN\FUCKYOU\VSSLN\FREEIMAGE\FREEIMAGED.DIR\DEBUG\RESCALE.OBJ
E:\DONOTOPEN\FUCKYOU\VSSLN\FREEIMAGE\FREEIMAGED.DIR\DEBUG\RESIZE.OBJ
E:\DONOTOPEN\FUCKYOU\VSSLN\FREEIMAGE\FREEIMAGED.DIR\DEBUG\TAGCONVERSION.OBJ
E:\DONOTOPEN\FUCKYOU\VSSLN\FREEIMAGE\FREEIMAGED.DIR\DEBUG\TAGLIB.OBJ
E:\DONOTOPEN\FUCKYOU\VSSLN\FREEIMAGE\FREEIMAGED.DIR\DEBUG\TMOCOLORCONVERT.OBJ
E:\DONOTOPEN\FUCKYOU\VSSLN\FREEIMAGE\FREEIMAGED.DIR\DEBUG\TMODRAGO03.OBJ
E:\DONOTOPEN\FUCKYOU\VSSLN\FREEIMAGE\FREEIMAGED.DIR\DEBUG\TMOFATTAL02.OBJ
E:\DONOTOPEN\FUCKYOU\VSSLN\FREEIMAGE\FREEIMAGED.DIR\DEBUG\TMOREINHARD05.OBJ
E:\DONOTOPEN\FUCKYOU\VSSLN\FREEIMAGE\FREEIMAGED.DIR\DEBUG\TONEMAPPING.OBJ
E:\DONOTOPEN\FUCKYOU\VSSLN\FREEIMAGE\FREEIMAGED.DIR\DEBUG\WUQUANTIZER.OBJ
E:\DONOTOPEN\FUCKYOU\VSSLN\FREEIMAGE\FREEIMAGED.DIR\DEBUG\XTIFF.OBJ
E:\DONOTOPEN\FUCKYOU\VSSLN\FREEIMAGE\FREEIMAGED.DIR\DEBUG\ZLIBINTERFACE.OBJ
