D:\DONOTOPEN\FUCKYOU\CATFISH\DEBUG\MATH.DLL
D:\DONOTOPEN\FUCKYOU\CATFISH\Debug\Math.exp
D:\DONOTOPEN\FUCKYOU\CATFISH\DEBUG\MATH.ILK
D:\DONOTOPEN\FUCKYOU\CATFISH\Debug\Math.lib
D:\DONOTOPEN\FUCKYOU\CATFISH\DEBUG\MATH.PDB
D:\DONOTOPEN\FUCKYOU\CATFISH\MATH\DEBUG\BOXAABB.OBJ
D:\DONOTOPEN\FUCKYOU\CATFISH\MATH\DEBUG\FRUSTUM.OBJ
D:\DONOTOPEN\FUCKYOU\CATFISH\MATH\DEBUG\MATH.DLL.INTERMEDIATE.MANIFEST
D:\DONOTOPEN\FUCKYOU\CATFISH\MATH\DEBUG\VC100.PDB
E:\DONOTOPEN\FUCKYOU\CATFISH\DEBUG\MATH.DLL
E:\DONOTOPEN\FUCKYOU\CATFISH\DEBUG\MATH.ILK
E:\DONOTOPEN\FUCKYOU\CATFISH\DEBUG\MATH.PDB
E:\DONOTOPEN\FUCKYOU\CATFISH\MATH\DEBUG\BOXAABB.OBJ
E:\DONOTOPEN\FUCKYOU\CATFISH\MATH\DEBUG\CMLMATH.OBJ
E:\DONOTOPEN\FUCKYOU\CATFISH\MATH\DEBUG\FRUSTUM.OBJ
E:\DONOTOPEN\FUCKYOU\CATFISH\MATH\DEBUG\MATH.DLL.INTERMEDIATE.MANIFEST
E:\DONOTOPEN\FUCKYOU\CATFISH\MATH\DEBUG\VC100.PDB
G:\DONOTOPEN\FUCKYOU\CATFISH\DEBUG\MATH.DLL
G:\DONOTOPEN\FUCKYOU\CATFISH\Debug\Math.exp
G:\DONOTOPEN\FUCKYOU\CATFISH\DEBUG\MATH.ILK
G:\DONOTOPEN\FUCKYOU\CATFISH\Debug\Math.lib
G:\DONOTOPEN\FUCKYOU\CATFISH\DEBUG\MATH.PDB
G:\DONOTOPEN\FUCKYOU\CATFISH\MATH\DEBUG\BOXAABB.OBJ
G:\DONOTOPEN\FUCKYOU\CATFISH\Math\Debug\cl.command.1.tlog
G:\DONOTOPEN\FUCKYOU\CATFISH\Math\Debug\CL.read.1.tlog
G:\DONOTOPEN\FUCKYOU\CATFISH\Math\Debug\CL.write.1.tlog
G:\DONOTOPEN\FUCKYOU\CATFISH\Math\Debug\cmlmath.obj
G:\DONOTOPEN\FUCKYOU\CATFISH\MATH\DEBUG\FRUSTUM.OBJ
G:\DONOTOPEN\FUCKYOU\CATFISH\Math\Debug\link.command.1.tlog
G:\DONOTOPEN\FUCKYOU\CATFISH\Math\Debug\link.read.1.tlog
G:\DONOTOPEN\FUCKYOU\CATFISH\Math\Debug\link.write.1.tlog
G:\DONOTOPEN\FUCKYOU\CATFISH\MATH\DEBUG\MATH.DLL.INTERMEDIATE.MANIFEST
G:\DONOTOPEN\FUCKYOU\CATFISH\Math\Debug\Math.vcxprojResolveAssemblyReference.cache
G:\DONOTOPEN\FUCKYOU\CATFISH\Math\Debug\Math.write.1.tlog
G:\DONOTOPEN\FUCKYOU\CATFISH\Math\Debug\mt.command.1.tlog
G:\DONOTOPEN\FUCKYOU\CATFISH\Math\Debug\mt.read.1.tlog
G:\DONOTOPEN\FUCKYOU\CATFISH\Math\Debug\mt.write.1.tlog
G:\DONOTOPEN\FUCKYOU\CATFISH\Math\Debug\vc100.idb
G:\DONOTOPEN\FUCKYOU\CATFISH\MATH\DEBUG\VC100.PDB
