E:\DONOTOPEN\FUCKYOU\BIN\WIN\DEBUG\LIBPNG.LIB
E:\DONOTOPEN\FUCKYOU\BIN\WIN\DEBUG\LIBPNG.PDB
E:\DONOTOPEN\FUCKYOU\VSSLN\FREEIMAGE\SOURCE\LIBPNG\CMAKEFILES\GENERATE.STAMP
E:\DONOTOPEN\FUCKYOU\VSSLN\FreeImage\Source\LibPNG\LibPNG.dir\Debug\cl.command.1.tlog
E:\DONOTOPEN\FUCKYOU\VSSLN\FreeImage\Source\LibPNG\LibPNG.dir\Debug\CL.read.1.tlog
E:\DONOTOPEN\FUCKYOU\VSSLN\FreeImage\Source\LibPNG\LibPNG.dir\Debug\CL.write.1.tlog
E:\DONOTOPEN\FUCKYOU\VSSLN\FreeImage\Source\LibPNG\LibPNG.dir\Debug\custombuild.command.1.tlog
E:\DONOTOPEN\FUCKYOU\VSSLN\FreeImage\Source\LibPNG\LibPNG.dir\Debug\custombuild.read.1.tlog
E:\DONOTOPEN\FUCKYOU\VSSLN\FreeImage\Source\LibPNG\LibPNG.dir\Debug\custombuild.write.1.tlog
E:\DONOTOPEN\FUCKYOU\VSSLN\FreeImage\Source\LibPNG\LibPNG.dir\Debug\lib.command.1.tlog
E:\DONOTOPEN\FUCKYOU\VSSLN\FreeImage\Source\LibPNG\LibPNG.dir\Debug\Lib.read.1.tlog
E:\DONOTOPEN\FUCKYOU\VSSLN\FreeImage\Source\LibPNG\LibPNG.dir\Debug\Lib-link.read.1.tlog
E:\DONOTOPEN\FUCKYOU\VSSLN\FreeImage\Source\LibPNG\LibPNG.dir\Debug\Lib-link.write.1.tlog
E:\DONOTOPEN\FUCKYOU\VSSLN\FreeImage\Source\LibPNG\LibPNG.dir\Debug\LibPNG.write.1.tlog
E:\DONOTOPEN\FUCKYOU\VSSLN\FREEIMAGE\SOURCE\LIBPNG\LIBPNG.DIR\DEBUG\PNG.OBJ
E:\DONOTOPEN\FUCKYOU\VSSLN\FREEIMAGE\SOURCE\LIBPNG\LIBPNG.DIR\DEBUG\PNGERROR.OBJ
E:\DONOTOPEN\FUCKYOU\VSSLN\FREEIMAGE\SOURCE\LIBPNG\LIBPNG.DIR\DEBUG\PNGGCCRD.OBJ
E:\DONOTOPEN\FUCKYOU\VSSLN\FREEIMAGE\SOURCE\LIBPNG\LIBPNG.DIR\DEBUG\PNGGET.OBJ
E:\DONOTOPEN\FUCKYOU\VSSLN\FREEIMAGE\SOURCE\LIBPNG\LIBPNG.DIR\DEBUG\PNGMEM.OBJ
E:\DONOTOPEN\FUCKYOU\VSSLN\FREEIMAGE\SOURCE\LIBPNG\LIBPNG.DIR\DEBUG\PNGPREAD.OBJ
E:\DONOTOPEN\FUCKYOU\VSSLN\FREEIMAGE\SOURCE\LIBPNG\LIBPNG.DIR\DEBUG\PNGREAD.OBJ
E:\DONOTOPEN\FUCKYOU\VSSLN\FREEIMAGE\SOURCE\LIBPNG\LIBPNG.DIR\DEBUG\PNGRIO.OBJ
E:\DONOTOPEN\FUCKYOU\VSSLN\FREEIMAGE\SOURCE\LIBPNG\LIBPNG.DIR\DEBUG\PNGRTRAN.OBJ
E:\DONOTOPEN\FUCKYOU\VSSLN\FREEIMAGE\SOURCE\LIBPNG\LIBPNG.DIR\DEBUG\PNGRUTIL.OBJ
E:\DONOTOPEN\FUCKYOU\VSSLN\FREEIMAGE\SOURCE\LIBPNG\LIBPNG.DIR\DEBUG\PNGSET.OBJ
E:\DONOTOPEN\FUCKYOU\VSSLN\FREEIMAGE\SOURCE\LIBPNG\LIBPNG.DIR\DEBUG\PNGTEST.OBJ
E:\DONOTOPEN\FUCKYOU\VSSLN\FREEIMAGE\SOURCE\LIBPNG\LIBPNG.DIR\DEBUG\PNGTRANS.OBJ
E:\DONOTOPEN\FUCKYOU\VSSLN\FREEIMAGE\SOURCE\LIBPNG\LIBPNG.DIR\DEBUG\PNGVCRD.OBJ
E:\DONOTOPEN\FUCKYOU\VSSLN\FREEIMAGE\SOURCE\LIBPNG\LIBPNG.DIR\DEBUG\PNGWIO.OBJ
E:\DONOTOPEN\FUCKYOU\VSSLN\FREEIMAGE\SOURCE\LIBPNG\LIBPNG.DIR\DEBUG\PNGWRITE.OBJ
E:\DONOTOPEN\FUCKYOU\VSSLN\FREEIMAGE\SOURCE\LIBPNG\LIBPNG.DIR\DEBUG\PNGWTRAN.OBJ
E:\DONOTOPEN\FUCKYOU\VSSLN\FREEIMAGE\SOURCE\LIBPNG\LIBPNG.DIR\DEBUG\PNGWUTIL.OBJ
