E:\DONOTOPEN\FUCKYOU\BIN\WIN\DEBUG\DEMO.EXE
E:\DONOTOPEN\FUCKYOU\Bin\Win\Debug\Demo.exp
E:\DONOTOPEN\FUCKYOU\BIN\WIN\DEBUG\DEMO.ILK
E:\DONOTOPEN\FUCKYOU\Bin\Win\Debug\Demo.lib
E:\DONOTOPEN\FUCKYOU\BIN\WIN\DEBUG\DEMO.PDB
E:\DONOTOPEN\FUCKYOU\VSSLN\CATFISH\DEMO\CMAKEFILES\GENERATE.STAMP
E:\DONOTOPEN\FUCKYOU\VSSLN\CATFISH\Demo\Demo.dir\Debug\cl.command.1.tlog
E:\DONOTOPEN\FUCKYOU\VSSLN\CATFISH\Demo\Demo.dir\Debug\CL.read.1.tlog
E:\DONOTOPEN\FUCKYOU\VSSLN\CATFISH\Demo\Demo.dir\Debug\CL.write.1.tlog
E:\DONOTOPEN\FUCKYOU\VSSLN\CATFISH\Demo\Demo.dir\Debug\custombuild.command.1.tlog
E:\DONOTOPEN\FUCKYOU\VSSLN\CATFISH\Demo\Demo.dir\Debug\custombuild.read.1.tlog
E:\DONOTOPEN\FUCKYOU\VSSLN\CATFISH\Demo\Demo.dir\Debug\custombuild.write.1.tlog
E:\DONOTOPEN\FUCKYOU\VSSLN\CATFISH\DEMO\DEMO.DIR\DEBUG\DEMO.EXE.EMBED.MANIFEST
E:\DONOTOPEN\FUCKYOU\VSSLN\CATFISH\DEMO\DEMO.DIR\DEBUG\DEMO.EXE.EMBED.MANIFEST.RES
E:\DONOTOPEN\FUCKYOU\VSSLN\CATFISH\DEMO\DEMO.DIR\DEBUG\DEMO.EXE.INTERMEDIATE.MANIFEST
E:\DONOTOPEN\FUCKYOU\VSSLN\CATFISH\Demo\Demo.dir\Debug\Demo.write.1.tlog
E:\DONOTOPEN\FUCKYOU\VSSLN\CATFISH\Demo\Demo.dir\Debug\Demo_manifest.rc
E:\DONOTOPEN\FUCKYOU\VSSLN\CATFISH\Demo\Demo.dir\Debug\link.4000.read.1.tlog
E:\DONOTOPEN\FUCKYOU\VSSLN\CATFISH\Demo\Demo.dir\Debug\link.4000.write.1.tlog
E:\DONOTOPEN\FUCKYOU\VSSLN\CATFISH\Demo\Demo.dir\Debug\link.4000-cvtres.read.1.tlog
E:\DONOTOPEN\FUCKYOU\VSSLN\CATFISH\Demo\Demo.dir\Debug\link.4000-cvtres.write.1.tlog
E:\DONOTOPEN\FUCKYOU\VSSLN\CATFISH\Demo\Demo.dir\Debug\link.command.1.tlog
E:\DONOTOPEN\FUCKYOU\VSSLN\CATFISH\Demo\Demo.dir\Debug\link.read.1.tlog
E:\DONOTOPEN\FUCKYOU\VSSLN\CATFISH\Demo\Demo.dir\Debug\link.write.1.tlog
E:\DONOTOPEN\FUCKYOU\VSSLN\CATFISH\Demo\Demo.dir\Debug\link-cvtres.read.1.tlog
E:\DONOTOPEN\FUCKYOU\VSSLN\CATFISH\Demo\Demo.dir\Debug\link-cvtres.write.1.tlog
E:\DONOTOPEN\FUCKYOU\VSSLN\CATFISH\DEMO\DEMO.DIR\DEBUG\MAIN.OBJ
E:\DONOTOPEN\FUCKYOU\VSSLN\CATFISH\Demo\Demo.dir\Debug\mt.command.1.tlog
E:\DONOTOPEN\FUCKYOU\VSSLN\CATFISH\Demo\Demo.dir\Debug\mt.read.1.tlog
E:\DONOTOPEN\FUCKYOU\VSSLN\CATFISH\Demo\Demo.dir\Debug\mt.write.1.tlog
E:\DONOTOPEN\FUCKYOU\VSSLN\CATFISH\Demo\Demo.dir\Debug\rc.command.1.tlog
E:\DONOTOPEN\FUCKYOU\VSSLN\CATFISH\Demo\Demo.dir\Debug\rc.read.1.tlog
E:\DONOTOPEN\FUCKYOU\VSSLN\CATFISH\Demo\Demo.dir\Debug\rc.write.1.tlog
E:\DONOTOPEN\FUCKYOU\VSSLN\CATFISH\Demo\Demo.dir\Debug\ResolveAssemblyReference.cache
