生成启动时间为 2013/12/26 10:34:33。
     1>项目“E:\DONOTOPEN\FUCKYOU\VSSLN\CATFISH\Demo\Demo.vcxproj”在节点 3 上(build 个目标)。
     1>InitializeBuildStatus:
         正在创建“Demo.dir\Debug\Demo.unsuccessfulbuild”，因为已指定“AlwaysCreate”。
       CustomBuild:
         所有输出均为最新。
       ClCompile:
         d:\Program Files (x86)\Microsoft Visual Studio 10.0\VC\bin\CL.exe /c /IE:/DONOTOPEN/FUCKYOU/CATFISH/GlesSyetem /IE:/DONOTOPEN/FUCKYOU/CATFISH/IO /IE:/DONOTOPEN/FUCKYOU/FreeImage/Source /IE:/DONOTOPEN/FUCKYOU/CATFISH/ResourcePhraser /IE:/DONOTOPEN/FUCKYOU/CATFISH/ScriptSystem /IE:/DONOTOPEN/FUCKYOU/GLESEmulator/Include /Zi /nologo /W3 /WX- /Od /Ob0 /Oy- /D WIN32 /D _WINDOWS /D _DEBUG /D __WIN32__ /D WIN32 /D "CMAKE_INTDIR=\"Debug\"" /D _MBCS /Gm- /EHsc /RTC1 /MDd /GS /fp:precise /Zc:wchar_t /Zc:forScope /GR /Fo"Demo.dir\Debug\\" /Fd"E:/DONOTOPEN/FUCKYOU/Bin/Win/Debug/Demo.pdb" /Gd /TP /analyze- /errorReport:prompt E:\DONOTOPEN\FUCKYOU\CATFISH\Demo\main.cpp  /Zm1000 
         main.cpp
     1>E:\DONOTOPEN\FUCKYOU\CATFISH\GlesSyetem\GpuProgram.h(75): warning C4251: “GraphicCore::GpuProgram::m_AttMap”: class“std::map<_Kty,_Ty>”需要有 dll 接口由 class“GraphicCore::GpuProgram”的客户端使用
                 with
                 [
                     _Kty=std::string,
                     _Ty=GraphicCore::GpuProgram::AttributeParam
                 ]
     1>E:\DONOTOPEN\FUCKYOU\CATFISH\GlesSyetem\GpuProgram.h(76): warning C4251: “GraphicCore::GpuProgram::m_UniformMap”: class“std::map<_Kty,_Ty>”需要有 dll 接口由 class“GraphicCore::GpuProgram”的客户端使用
                 with
                 [
                     _Kty=std::string,
                     _Ty=GraphicCore::GpuProgram::UniformParam
                 ]
     1>E:\DONOTOPEN\FUCKYOU\CATFISH\GlesSyetem\GpuProgram.h(77): warning C4251: “GraphicCore::GpuProgram::m_TextureUnitMap”: class“std::map<_Kty,_Ty>”需要有 dll 接口由 class“GraphicCore::GpuProgram”的客户端使用
                 with
                 [
                     _Kty=int,
                     _Ty=GraphicCore::TextureUnit
                 ]
     1>E:\DONOTOPEN\FUCKYOU\CATFISH\GlesSyetem\GlesDevice.h(73): warning C4251: “GraphicCore::GlesDevice::m_ExtensionArr”: class“std::vector<_Ty>”需要有 dll 接口由 class“GraphicCore::GlesDevice”的客户端使用
                 with
                 [
                     _Ty=std::string
                 ]
     1>e:\donotopen\fuckyou\catfish\glessyetem\VertexLayout.h(45): warning C4251: “GraphicCore::VertexLayout::m_Layout”: class“std::map<_Kty,_Ty>”需要有 dll 接口由 class“GraphicCore::VertexLayout”的客户端使用
                 with
                 [
                     _Kty=int,
                     _Ty=GraphicCore::VertexLayout::Ele
                 ]
     1>E:\DONOTOPEN\FUCKYOU\CATFISH\ResourcePhraser\ImageRes.h(24): warning C4251: “Resource::ImageRes::m_Path”: class“std::basic_string<_Elem,_Traits,_Ax>”需要有 dll 接口由 class“Resource::ImageRes”的客户端使用
                 with
                 [
                     _Elem=char,
                     _Traits=std::char_traits<char>,
                     _Ax=std::allocator<char>
                 ]
       ManifestResourceCompile:
         所有输出均为最新。
       Link:
         d:\Program Files (x86)\Microsoft Visual Studio 10.0\VC\bin\link.exe /ERRORREPORT:PROMPT /OUT:"E:\DONOTOPEN\FUCKYOU\Bin\Win\Debug\Demo.exe" /INCREMENTAL /NOLOGO /LIBPATH:E:/DONOTOPEN/FUCKYOU/Bin/Win /LIBPATH:E:/DONOTOPEN/FUCKYOU/Bin/Win/Debug kernel32.lib user32.lib gdi32.lib winspool.lib shell32.lib ole32.lib oleaut32.lib uuid.lib comdlg32.lib advapi32.lib GlesSystem.lib ..\..\..\Bin\Win\Debug\IO.lib ResourcePhraser.lib ScriptSystem.lib /MANIFEST /ManifestFile:"Demo.dir\Debug\Demo.exe.intermediate.manifest" /MANIFESTUAC:"level='asInvoker' uiAccess='false'" /DEBUG /PDB:"E:/DONOTOPEN/FUCKYOU/Bin/Win/Debug/Demo.pdb" /SUBSYSTEM:WINDOWS /STACK:"10000000" /TLBID:1 /ENTRY:"mainCRTStartup" /DYNAMICBASE /NXCOMPAT /IMPLIB:"E:/DONOTOPEN/FUCKYOU/Bin/Win/Debug/Demo.lib" /MACHINE:X86 Demo.dir\Debug\Demo.exe.embed.manifest.res
         Demo.dir\Debug\main.obj  /machine:X86 /debug 
       Manifest:
         C:\Program Files (x86)\Microsoft SDKs\Windows\v7.0A\bin\mt.exe /nologo /verbose /out:"Demo.dir\Debug\Demo.exe.embed.manifest" /manifest Demo.dir\Debug\Demo.exe.intermediate.manifest
         所有输出均为最新。
       LinkEmbedManifest:
         所有输出均为最新。
         Demo.vcxproj -> E:\DONOTOPEN\FUCKYOU\Bin\Win\Debug\Demo.exe
       FinalizeBuildStatus:
         正在删除文件“Demo.dir\Debug\Demo.unsuccessfulbuild”。
         正在对“Demo.dir\Debug\Demo.lastbuildstate”执行 Touch 任务。
     1>已完成生成项目“E:\DONOTOPEN\FUCKYOU\VSSLN\CATFISH\Demo\Demo.vcxproj”(build 个目标)的操作。

生成成功。

已用时间 00:00:02.37
