E:\DONOTOPEN\FUCKYOU\BIN\WIN\DEBUG\LIBOPENJPEG.LIB
E:\DONOTOPEN\FUCKYOU\BIN\WIN\DEBUG\LIBOPENJPEG.PDB
E:\DONOTOPEN\FUCKYOU\VSSLN\FREEIMAGE\SOURCE\LIBOPENJPEG\CMAKEFILES\GENERATE.STAMP
E:\DONOTOPEN\FUCKYOU\VSSLN\FREEIMAGE\SOURCE\LIBOPENJPEG\LIBOPENJPEG.DIR\DEBUG\BIO.OBJ
E:\DONOTOPEN\FUCKYOU\VSSLN\FREEIMAGE\SOURCE\LIBOPENJPEG\LIBOPENJPEG.DIR\DEBUG\CIO.OBJ
E:\DONOTOPEN\FUCKYOU\VSSLN\FreeImage\Source\LibOpenJPEG\LibOpenJPEG.dir\Debug\cl.command.1.tlog
E:\DONOTOPEN\FUCKYOU\VSSLN\FreeImage\Source\LibOpenJPEG\LibOpenJPEG.dir\Debug\CL.read.1.tlog
E:\DONOTOPEN\FUCKYOU\VSSLN\FreeImage\Source\LibOpenJPEG\LibOpenJPEG.dir\Debug\CL.write.1.tlog
E:\DONOTOPEN\FUCKYOU\VSSLN\FreeImage\Source\LibOpenJPEG\LibOpenJPEG.dir\Debug\custombuild.command.1.tlog
E:\DONOTOPEN\FUCKYOU\VSSLN\FreeImage\Source\LibOpenJPEG\LibOpenJPEG.dir\Debug\custombuild.read.1.tlog
E:\DONOTOPEN\FUCKYOU\VSSLN\FreeImage\Source\LibOpenJPEG\LibOpenJPEG.dir\Debug\custombuild.write.1.tlog
E:\DONOTOPEN\FUCKYOU\VSSLN\FREEIMAGE\SOURCE\LIBOPENJPEG\LIBOPENJPEG.DIR\DEBUG\DWT.OBJ
E:\DONOTOPEN\FUCKYOU\VSSLN\FREEIMAGE\SOURCE\LIBOPENJPEG\LIBOPENJPEG.DIR\DEBUG\EVENT.OBJ
E:\DONOTOPEN\FUCKYOU\VSSLN\FREEIMAGE\SOURCE\LIBOPENJPEG\LIBOPENJPEG.DIR\DEBUG\IMAGE.OBJ
E:\DONOTOPEN\FUCKYOU\VSSLN\FREEIMAGE\SOURCE\LIBOPENJPEG\LIBOPENJPEG.DIR\DEBUG\J2K.OBJ
E:\DONOTOPEN\FUCKYOU\VSSLN\FREEIMAGE\SOURCE\LIBOPENJPEG\LIBOPENJPEG.DIR\DEBUG\J2K_LIB.OBJ
E:\DONOTOPEN\FUCKYOU\VSSLN\FREEIMAGE\SOURCE\LIBOPENJPEG\LIBOPENJPEG.DIR\DEBUG\JP2.OBJ
E:\DONOTOPEN\FUCKYOU\VSSLN\FREEIMAGE\SOURCE\LIBOPENJPEG\LIBOPENJPEG.DIR\DEBUG\JPT.OBJ
E:\DONOTOPEN\FUCKYOU\VSSLN\FreeImage\Source\LibOpenJPEG\LibOpenJPEG.dir\Debug\lib.command.1.tlog
E:\DONOTOPEN\FUCKYOU\VSSLN\FreeImage\Source\LibOpenJPEG\LibOpenJPEG.dir\Debug\Lib.read.1.tlog
E:\DONOTOPEN\FUCKYOU\VSSLN\FreeImage\Source\LibOpenJPEG\LibOpenJPEG.dir\Debug\Lib-link.read.1.tlog
E:\DONOTOPEN\FUCKYOU\VSSLN\FreeImage\Source\LibOpenJPEG\LibOpenJPEG.dir\Debug\Lib-link.write.1.tlog
E:\DONOTOPEN\FUCKYOU\VSSLN\FreeImage\Source\LibOpenJPEG\LibOpenJPEG.dir\Debug\LibOpenJPEG.write.1.tlog
E:\DONOTOPEN\FUCKYOU\VSSLN\FREEIMAGE\SOURCE\LIBOPENJPEG\LIBOPENJPEG.DIR\DEBUG\MCT.OBJ
E:\DONOTOPEN\FUCKYOU\VSSLN\FREEIMAGE\SOURCE\LIBOPENJPEG\LIBOPENJPEG.DIR\DEBUG\MQC.OBJ
E:\DONOTOPEN\FUCKYOU\VSSLN\FREEIMAGE\SOURCE\LIBOPENJPEG\LIBOPENJPEG.DIR\DEBUG\OPENJPEG.OBJ
E:\DONOTOPEN\FUCKYOU\VSSLN\FREEIMAGE\SOURCE\LIBOPENJPEG\LIBOPENJPEG.DIR\DEBUG\PI.OBJ
E:\DONOTOPEN\FUCKYOU\VSSLN\FREEIMAGE\SOURCE\LIBOPENJPEG\LIBOPENJPEG.DIR\DEBUG\RAW.OBJ
E:\DONOTOPEN\FUCKYOU\VSSLN\FREEIMAGE\SOURCE\LIBOPENJPEG\LIBOPENJPEG.DIR\DEBUG\T1.OBJ
E:\DONOTOPEN\FUCKYOU\VSSLN\FREEIMAGE\SOURCE\LIBOPENJPEG\LIBOPENJPEG.DIR\DEBUG\T1_GENERATE_LUTS.OBJ
E:\DONOTOPEN\FUCKYOU\VSSLN\FREEIMAGE\SOURCE\LIBOPENJPEG\LIBOPENJPEG.DIR\DEBUG\T2.OBJ
E:\DONOTOPEN\FUCKYOU\VSSLN\FREEIMAGE\SOURCE\LIBOPENJPEG\LIBOPENJPEG.DIR\DEBUG\TCD.OBJ
E:\DONOTOPEN\FUCKYOU\VSSLN\FREEIMAGE\SOURCE\LIBOPENJPEG\LIBOPENJPEG.DIR\DEBUG\TGT.OBJ
