E:\DONOTOPEN\FUCKYOU\BIN\WIN\DEBUG\OPENEXR.LIB
E:\DONOTOPEN\FUCKYOU\BIN\WIN\DEBUG\OPENEXR.PDB
E:\DONOTOPEN\FUCKYOU\VSSLN\FREEIMAGE\SOURCE\OPENEXR\CMAKEFILES\GENERATE.STAMP
E:\DONOTOPEN\FUCKYOU\VSSLN\FREEIMAGE\SOURCE\OPENEXR\OPENEXR.DIR\DEBUG\B44EXPLOGTABLE.OBJ
E:\DONOTOPEN\FUCKYOU\VSSLN\FreeImage\Source\OpenEXR\OpenEXR.dir\Debug\cl.command.1.tlog
E:\DONOTOPEN\FUCKYOU\VSSLN\FreeImage\Source\OpenEXR\OpenEXR.dir\Debug\CL.read.1.tlog
E:\DONOTOPEN\FUCKYOU\VSSLN\FreeImage\Source\OpenEXR\OpenEXR.dir\Debug\CL.write.1.tlog
E:\DONOTOPEN\FUCKYOU\VSSLN\FreeImage\Source\OpenEXR\OpenEXR.dir\Debug\custombuild.command.1.tlog
E:\DONOTOPEN\FUCKYOU\VSSLN\FreeImage\Source\OpenEXR\OpenEXR.dir\Debug\custombuild.read.1.tlog
E:\DONOTOPEN\FUCKYOU\VSSLN\FreeImage\Source\OpenEXR\OpenEXR.dir\Debug\custombuild.write.1.tlog
E:\DONOTOPEN\FUCKYOU\VSSLN\FREEIMAGE\SOURCE\OPENEXR\OPENEXR.DIR\DEBUG\ELUT.OBJ
E:\DONOTOPEN\FUCKYOU\VSSLN\FREEIMAGE\SOURCE\OPENEXR\OPENEXR.DIR\DEBUG\HALF.OBJ
E:\DONOTOPEN\FUCKYOU\VSSLN\FREEIMAGE\SOURCE\OPENEXR\OPENEXR.DIR\DEBUG\IEXBASEEXC.OBJ
E:\DONOTOPEN\FUCKYOU\VSSLN\FREEIMAGE\SOURCE\OPENEXR\OPENEXR.DIR\DEBUG\IEXTHROWERRNOEXC.OBJ
E:\DONOTOPEN\FUCKYOU\VSSLN\FREEIMAGE\SOURCE\OPENEXR\OPENEXR.DIR\DEBUG\ILMTHREAD.OBJ
E:\DONOTOPEN\FUCKYOU\VSSLN\FREEIMAGE\SOURCE\OPENEXR\OPENEXR.DIR\DEBUG\ILMTHREADMUTEX.OBJ
E:\DONOTOPEN\FUCKYOU\VSSLN\FREEIMAGE\SOURCE\OPENEXR\OPENEXR.DIR\DEBUG\ILMTHREADMUTEXPOSIX.OBJ
E:\DONOTOPEN\FUCKYOU\VSSLN\FREEIMAGE\SOURCE\OPENEXR\OPENEXR.DIR\DEBUG\ILMTHREADMUTEXWIN32.OBJ
E:\DONOTOPEN\FUCKYOU\VSSLN\FREEIMAGE\SOURCE\OPENEXR\OPENEXR.DIR\DEBUG\ILMTHREADPOOL.OBJ
E:\DONOTOPEN\FUCKYOU\VSSLN\FREEIMAGE\SOURCE\OPENEXR\OPENEXR.DIR\DEBUG\ILMTHREADPOSIX.OBJ
E:\DONOTOPEN\FUCKYOU\VSSLN\FREEIMAGE\SOURCE\OPENEXR\OPENEXR.DIR\DEBUG\ILMTHREADSEMAPHORE.OBJ
E:\DONOTOPEN\FUCKYOU\VSSLN\FREEIMAGE\SOURCE\OPENEXR\OPENEXR.DIR\DEBUG\ILMTHREADSEMAPHOREPOSIX.OBJ
E:\DONOTOPEN\FUCKYOU\VSSLN\FREEIMAGE\SOURCE\OPENEXR\OPENEXR.DIR\DEBUG\ILMTHREADSEMAPHOREPOSIXCOMPAT.OBJ
E:\DONOTOPEN\FUCKYOU\VSSLN\FREEIMAGE\SOURCE\OPENEXR\OPENEXR.DIR\DEBUG\ILMTHREADSEMAPHOREWIN32.OBJ
E:\DONOTOPEN\FUCKYOU\VSSLN\FREEIMAGE\SOURCE\OPENEXR\OPENEXR.DIR\DEBUG\ILMTHREADWIN32.OBJ
E:\DONOTOPEN\FUCKYOU\VSSLN\FREEIMAGE\SOURCE\OPENEXR\OPENEXR.DIR\DEBUG\IMATHBOX.OBJ
E:\DONOTOPEN\FUCKYOU\VSSLN\FREEIMAGE\SOURCE\OPENEXR\OPENEXR.DIR\DEBUG\IMATHCOLORALGO.OBJ
E:\DONOTOPEN\FUCKYOU\VSSLN\FREEIMAGE\SOURCE\OPENEXR\OPENEXR.DIR\DEBUG\IMATHFUN.OBJ
E:\DONOTOPEN\FUCKYOU\VSSLN\FREEIMAGE\SOURCE\OPENEXR\OPENEXR.DIR\DEBUG\IMATHMATRIXALGO.OBJ
E:\DONOTOPEN\FUCKYOU\VSSLN\FREEIMAGE\SOURCE\OPENEXR\OPENEXR.DIR\DEBUG\IMATHRANDOM.OBJ
E:\DONOTOPEN\FUCKYOU\VSSLN\FREEIMAGE\SOURCE\OPENEXR\OPENEXR.DIR\DEBUG\IMATHSHEAR.OBJ
E:\DONOTOPEN\FUCKYOU\VSSLN\FREEIMAGE\SOURCE\OPENEXR\OPENEXR.DIR\DEBUG\IMATHVEC.OBJ
E:\DONOTOPEN\FUCKYOU\VSSLN\FREEIMAGE\SOURCE\OPENEXR\OPENEXR.DIR\DEBUG\IMFATTRIBUTE.OBJ
E:\DONOTOPEN\FUCKYOU\VSSLN\FREEIMAGE\SOURCE\OPENEXR\OPENEXR.DIR\DEBUG\IMFB44COMPRESSOR.OBJ
E:\DONOTOPEN\FUCKYOU\VSSLN\FREEIMAGE\SOURCE\OPENEXR\OPENEXR.DIR\DEBUG\IMFBOXATTRIBUTE.OBJ
E:\DONOTOPEN\FUCKYOU\VSSLN\FREEIMAGE\SOURCE\OPENEXR\OPENEXR.DIR\DEBUG\IMFCHANNELLIST.OBJ
E:\DONOTOPEN\FUCKYOU\VSSLN\FREEIMAGE\SOURCE\OPENEXR\OPENEXR.DIR\DEBUG\IMFCHANNELLISTATTRIBUTE.OBJ
E:\DONOTOPEN\FUCKYOU\VSSLN\FREEIMAGE\SOURCE\OPENEXR\OPENEXR.DIR\DEBUG\IMFCHROMATICITIES.OBJ
E:\DONOTOPEN\FUCKYOU\VSSLN\FREEIMAGE\SOURCE\OPENEXR\OPENEXR.DIR\DEBUG\IMFCHROMATICITIESATTRIBUTE.OBJ
E:\DONOTOPEN\FUCKYOU\VSSLN\FREEIMAGE\SOURCE\OPENEXR\OPENEXR.DIR\DEBUG\IMFCOMPRESSIONATTRIBUTE.OBJ
E:\DONOTOPEN\FUCKYOU\VSSLN\FREEIMAGE\SOURCE\OPENEXR\OPENEXR.DIR\DEBUG\IMFCOMPRESSOR.OBJ
E:\DONOTOPEN\FUCKYOU\VSSLN\FREEIMAGE\SOURCE\OPENEXR\OPENEXR.DIR\DEBUG\IMFCONVERT.OBJ
E:\DONOTOPEN\FUCKYOU\VSSLN\FREEIMAGE\SOURCE\OPENEXR\OPENEXR.DIR\DEBUG\IMFCRGBAFILE.OBJ
E:\DONOTOPEN\FUCKYOU\VSSLN\FREEIMAGE\SOURCE\OPENEXR\OPENEXR.DIR\DEBUG\IMFDOUBLEATTRIBUTE.OBJ
E:\DONOTOPEN\FUCKYOU\VSSLN\FREEIMAGE\SOURCE\OPENEXR\OPENEXR.DIR\DEBUG\IMFENVMAP.OBJ
E:\DONOTOPEN\FUCKYOU\VSSLN\FREEIMAGE\SOURCE\OPENEXR\OPENEXR.DIR\DEBUG\IMFENVMAPATTRIBUTE.OBJ
E:\DONOTOPEN\FUCKYOU\VSSLN\FREEIMAGE\SOURCE\OPENEXR\OPENEXR.DIR\DEBUG\IMFFLOATATTRIBUTE.OBJ
E:\DONOTOPEN\FUCKYOU\VSSLN\FREEIMAGE\SOURCE\OPENEXR\OPENEXR.DIR\DEBUG\IMFFRAMEBUFFER.OBJ
E:\DONOTOPEN\FUCKYOU\VSSLN\FREEIMAGE\SOURCE\OPENEXR\OPENEXR.DIR\DEBUG\IMFFRAMESPERSECOND.OBJ
E:\DONOTOPEN\FUCKYOU\VSSLN\FREEIMAGE\SOURCE\OPENEXR\OPENEXR.DIR\DEBUG\IMFHEADER.OBJ
E:\DONOTOPEN\FUCKYOU\VSSLN\FREEIMAGE\SOURCE\OPENEXR\OPENEXR.DIR\DEBUG\IMFHUF.OBJ
E:\DONOTOPEN\FUCKYOU\VSSLN\FREEIMAGE\SOURCE\OPENEXR\OPENEXR.DIR\DEBUG\IMFINPUTFILE.OBJ
E:\DONOTOPEN\FUCKYOU\VSSLN\FREEIMAGE\SOURCE\OPENEXR\OPENEXR.DIR\DEBUG\IMFINTATTRIBUTE.OBJ
E:\DONOTOPEN\FUCKYOU\VSSLN\FREEIMAGE\SOURCE\OPENEXR\OPENEXR.DIR\DEBUG\IMFIO.OBJ
E:\DONOTOPEN\FUCKYOU\VSSLN\FREEIMAGE\SOURCE\OPENEXR\OPENEXR.DIR\DEBUG\IMFKEYCODE.OBJ
E:\DONOTOPEN\FUCKYOU\VSSLN\FREEIMAGE\SOURCE\OPENEXR\OPENEXR.DIR\DEBUG\IMFKEYCODEATTRIBUTE.OBJ
E:\DONOTOPEN\FUCKYOU\VSSLN\FREEIMAGE\SOURCE\OPENEXR\OPENEXR.DIR\DEBUG\IMFLINEORDERATTRIBUTE.OBJ
E:\DONOTOPEN\FUCKYOU\VSSLN\FREEIMAGE\SOURCE\OPENEXR\OPENEXR.DIR\DEBUG\IMFLUT.OBJ
E:\DONOTOPEN\FUCKYOU\VSSLN\FREEIMAGE\SOURCE\OPENEXR\OPENEXR.DIR\DEBUG\IMFMATRIXATTRIBUTE.OBJ
E:\DONOTOPEN\FUCKYOU\VSSLN\FREEIMAGE\SOURCE\OPENEXR\OPENEXR.DIR\DEBUG\IMFMISC.OBJ
E:\DONOTOPEN\FUCKYOU\VSSLN\FREEIMAGE\SOURCE\OPENEXR\OPENEXR.DIR\DEBUG\IMFOPAQUEATTRIBUTE.OBJ
E:\DONOTOPEN\FUCKYOU\VSSLN\FREEIMAGE\SOURCE\OPENEXR\OPENEXR.DIR\DEBUG\IMFOUTPUTFILE.OBJ
E:\DONOTOPEN\FUCKYOU\VSSLN\FREEIMAGE\SOURCE\OPENEXR\OPENEXR.DIR\DEBUG\IMFPIZCOMPRESSOR.OBJ
E:\DONOTOPEN\FUCKYOU\VSSLN\FREEIMAGE\SOURCE\OPENEXR\OPENEXR.DIR\DEBUG\IMFPREVIEWIMAGE.OBJ
E:\DONOTOPEN\FUCKYOU\VSSLN\FREEIMAGE\SOURCE\OPENEXR\OPENEXR.DIR\DEBUG\IMFPREVIEWIMAGEATTRIBUTE.OBJ
E:\DONOTOPEN\FUCKYOU\VSSLN\FREEIMAGE\SOURCE\OPENEXR\OPENEXR.DIR\DEBUG\IMFPXR24COMPRESSOR.OBJ
E:\DONOTOPEN\FUCKYOU\VSSLN\FREEIMAGE\SOURCE\OPENEXR\OPENEXR.DIR\DEBUG\IMFRATIONAL.OBJ
E:\DONOTOPEN\FUCKYOU\VSSLN\FREEIMAGE\SOURCE\OPENEXR\OPENEXR.DIR\DEBUG\IMFRATIONALATTRIBUTE.OBJ
E:\DONOTOPEN\FUCKYOU\VSSLN\FREEIMAGE\SOURCE\OPENEXR\OPENEXR.DIR\DEBUG\IMFRGBAFILE.OBJ
E:\DONOTOPEN\FUCKYOU\VSSLN\FREEIMAGE\SOURCE\OPENEXR\OPENEXR.DIR\DEBUG\IMFRGBAYCA.OBJ
E:\DONOTOPEN\FUCKYOU\VSSLN\FREEIMAGE\SOURCE\OPENEXR\OPENEXR.DIR\DEBUG\IMFRLECOMPRESSOR.OBJ
E:\DONOTOPEN\FUCKYOU\VSSLN\FREEIMAGE\SOURCE\OPENEXR\OPENEXR.DIR\DEBUG\IMFSCANLINEINPUTFILE.OBJ
E:\DONOTOPEN\FUCKYOU\VSSLN\FREEIMAGE\SOURCE\OPENEXR\OPENEXR.DIR\DEBUG\IMFSTANDARDATTRIBUTES.OBJ
E:\DONOTOPEN\FUCKYOU\VSSLN\FREEIMAGE\SOURCE\OPENEXR\OPENEXR.DIR\DEBUG\IMFSTDIO.OBJ
E:\DONOTOPEN\FUCKYOU\VSSLN\FREEIMAGE\SOURCE\OPENEXR\OPENEXR.DIR\DEBUG\IMFSTRINGATTRIBUTE.OBJ
E:\DONOTOPEN\FUCKYOU\VSSLN\FREEIMAGE\SOURCE\OPENEXR\OPENEXR.DIR\DEBUG\IMFTESTFILE.OBJ
E:\DONOTOPEN\FUCKYOU\VSSLN\FREEIMAGE\SOURCE\OPENEXR\OPENEXR.DIR\DEBUG\IMFTHREADING.OBJ
E:\DONOTOPEN\FUCKYOU\VSSLN\FREEIMAGE\SOURCE\OPENEXR\OPENEXR.DIR\DEBUG\IMFTILEDESCRIPTIONATTRIBUTE.OBJ
E:\DONOTOPEN\FUCKYOU\VSSLN\FREEIMAGE\SOURCE\OPENEXR\OPENEXR.DIR\DEBUG\IMFTILEDINPUTFILE.OBJ
E:\DONOTOPEN\FUCKYOU\VSSLN\FREEIMAGE\SOURCE\OPENEXR\OPENEXR.DIR\DEBUG\IMFTILEDMISC.OBJ
E:\DONOTOPEN\FUCKYOU\VSSLN\FREEIMAGE\SOURCE\OPENEXR\OPENEXR.DIR\DEBUG\IMFTILEDOUTPUTFILE.OBJ
E:\DONOTOPEN\FUCKYOU\VSSLN\FREEIMAGE\SOURCE\OPENEXR\OPENEXR.DIR\DEBUG\IMFTILEDRGBAFILE.OBJ
E:\DONOTOPEN\FUCKYOU\VSSLN\FREEIMAGE\SOURCE\OPENEXR\OPENEXR.DIR\DEBUG\IMFTILEOFFSETS.OBJ
E:\DONOTOPEN\FUCKYOU\VSSLN\FREEIMAGE\SOURCE\OPENEXR\OPENEXR.DIR\DEBUG\IMFTIMECODE.OBJ
E:\DONOTOPEN\FUCKYOU\VSSLN\FREEIMAGE\SOURCE\OPENEXR\OPENEXR.DIR\DEBUG\IMFTIMECODEATTRIBUTE.OBJ
E:\DONOTOPEN\FUCKYOU\VSSLN\FREEIMAGE\SOURCE\OPENEXR\OPENEXR.DIR\DEBUG\IMFVECATTRIBUTE.OBJ
E:\DONOTOPEN\FUCKYOU\VSSLN\FREEIMAGE\SOURCE\OPENEXR\OPENEXR.DIR\DEBUG\IMFVERSION.OBJ
E:\DONOTOPEN\FUCKYOU\VSSLN\FREEIMAGE\SOURCE\OPENEXR\OPENEXR.DIR\DEBUG\IMFWAV.OBJ
E:\DONOTOPEN\FUCKYOU\VSSLN\FREEIMAGE\SOURCE\OPENEXR\OPENEXR.DIR\DEBUG\IMFZIPCOMPRESSOR.OBJ
E:\DONOTOPEN\FUCKYOU\VSSLN\FreeImage\Source\OpenEXR\OpenEXR.dir\Debug\lib.command.1.tlog
E:\DONOTOPEN\FUCKYOU\VSSLN\FreeImage\Source\OpenEXR\OpenEXR.dir\Debug\Lib.read.1.tlog
E:\DONOTOPEN\FUCKYOU\VSSLN\FreeImage\Source\OpenEXR\OpenEXR.dir\Debug\Lib-link.read.1.tlog
E:\DONOTOPEN\FUCKYOU\VSSLN\FreeImage\Source\OpenEXR\OpenEXR.dir\Debug\Lib-link.write.1.tlog
E:\DONOTOPEN\FUCKYOU\VSSLN\FreeImage\Source\OpenEXR\OpenEXR.dir\Debug\OpenEXR.write.1.tlog
E:\DONOTOPEN\FUCKYOU\VSSLN\FREEIMAGE\SOURCE\OPENEXR\OPENEXR.DIR\DEBUG\TOFLOAT.OBJ
