E:\DONOTOPEN\FUCKYOU\BIN\WIN\DEBUG\LUA.DLL
E:\DONOTOPEN\FUCKYOU\Bin\Win\Debug\Lua.exp
E:\DONOTOPEN\FUCKYOU\BIN\WIN\DEBUG\LUA.ILK
E:\DONOTOPEN\FUCKYOU\Bin\Win\Debug\Lua.lib
E:\DONOTOPEN\FUCKYOU\BIN\WIN\DEBUG\LUA.PDB
E:\DONOTOPEN\FUCKYOU\VSSLN\LUA-5.2.2\CMAKEFILES\GENERATE.STAMP
E:\DONOTOPEN\FUCKYOU\VSSLN\lua-5.2.2\Lua.dir\Debug\cl.command.1.tlog
E:\DONOTOPEN\FUCKYOU\VSSLN\lua-5.2.2\Lua.dir\Debug\CL.read.1.tlog
E:\DONOTOPEN\FUCKYOU\VSSLN\lua-5.2.2\Lua.dir\Debug\CL.write.1.tlog
E:\DONOTOPEN\FUCKYOU\VSSLN\lua-5.2.2\Lua.dir\Debug\custombuild.command.1.tlog
E:\DONOTOPEN\FUCKYOU\VSSLN\lua-5.2.2\Lua.dir\Debug\custombuild.read.1.tlog
E:\DONOTOPEN\FUCKYOU\VSSLN\lua-5.2.2\Lua.dir\Debug\custombuild.write.1.tlog
E:\DONOTOPEN\FUCKYOU\VSSLN\LUA-5.2.2\LUA.DIR\DEBUG\LAPI.OBJ
E:\DONOTOPEN\FUCKYOU\VSSLN\LUA-5.2.2\LUA.DIR\DEBUG\LAUXLIB.OBJ
E:\DONOTOPEN\FUCKYOU\VSSLN\LUA-5.2.2\LUA.DIR\DEBUG\LBASELIB.OBJ
E:\DONOTOPEN\FUCKYOU\VSSLN\LUA-5.2.2\LUA.DIR\DEBUG\LBITLIB.OBJ
E:\DONOTOPEN\FUCKYOU\VSSLN\LUA-5.2.2\LUA.DIR\DEBUG\LCODE.OBJ
E:\DONOTOPEN\FUCKYOU\VSSLN\LUA-5.2.2\LUA.DIR\DEBUG\LCOROLIB.OBJ
E:\DONOTOPEN\FUCKYOU\VSSLN\LUA-5.2.2\LUA.DIR\DEBUG\LCTYPE.OBJ
E:\DONOTOPEN\FUCKYOU\VSSLN\LUA-5.2.2\LUA.DIR\DEBUG\LDBLIB.OBJ
E:\DONOTOPEN\FUCKYOU\VSSLN\LUA-5.2.2\LUA.DIR\DEBUG\LDEBUG.OBJ
E:\DONOTOPEN\FUCKYOU\VSSLN\LUA-5.2.2\LUA.DIR\DEBUG\LDO.OBJ
E:\DONOTOPEN\FUCKYOU\VSSLN\LUA-5.2.2\LUA.DIR\DEBUG\LDUMP.OBJ
E:\DONOTOPEN\FUCKYOU\VSSLN\LUA-5.2.2\LUA.DIR\DEBUG\LFUNC.OBJ
E:\DONOTOPEN\FUCKYOU\VSSLN\LUA-5.2.2\LUA.DIR\DEBUG\LGC.OBJ
E:\DONOTOPEN\FUCKYOU\VSSLN\LUA-5.2.2\LUA.DIR\DEBUG\LINIT.OBJ
E:\DONOTOPEN\FUCKYOU\VSSLN\lua-5.2.2\Lua.dir\Debug\link.6528.read.1.tlog
E:\DONOTOPEN\FUCKYOU\VSSLN\lua-5.2.2\Lua.dir\Debug\link.6528.write.1.tlog
E:\DONOTOPEN\FUCKYOU\VSSLN\lua-5.2.2\Lua.dir\Debug\link.6528-cvtres.read.1.tlog
E:\DONOTOPEN\FUCKYOU\VSSLN\lua-5.2.2\Lua.dir\Debug\link.6528-cvtres.write.1.tlog
E:\DONOTOPEN\FUCKYOU\VSSLN\lua-5.2.2\Lua.dir\Debug\link.command.1.tlog
E:\DONOTOPEN\FUCKYOU\VSSLN\lua-5.2.2\Lua.dir\Debug\link.read.1.tlog
E:\DONOTOPEN\FUCKYOU\VSSLN\lua-5.2.2\Lua.dir\Debug\link.write.1.tlog
E:\DONOTOPEN\FUCKYOU\VSSLN\lua-5.2.2\Lua.dir\Debug\link-cvtres.read.1.tlog
E:\DONOTOPEN\FUCKYOU\VSSLN\lua-5.2.2\Lua.dir\Debug\link-cvtres.write.1.tlog
E:\DONOTOPEN\FUCKYOU\VSSLN\LUA-5.2.2\LUA.DIR\DEBUG\LIOLIB.OBJ
E:\DONOTOPEN\FUCKYOU\VSSLN\LUA-5.2.2\LUA.DIR\DEBUG\LLEX.OBJ
E:\DONOTOPEN\FUCKYOU\VSSLN\LUA-5.2.2\LUA.DIR\DEBUG\LMATHLIB.OBJ
E:\DONOTOPEN\FUCKYOU\VSSLN\LUA-5.2.2\LUA.DIR\DEBUG\LMEM.OBJ
E:\DONOTOPEN\FUCKYOU\VSSLN\LUA-5.2.2\LUA.DIR\DEBUG\LOADLIB.OBJ
E:\DONOTOPEN\FUCKYOU\VSSLN\LUA-5.2.2\LUA.DIR\DEBUG\LOBJECT.OBJ
E:\DONOTOPEN\FUCKYOU\VSSLN\LUA-5.2.2\LUA.DIR\DEBUG\LOPCODES.OBJ
E:\DONOTOPEN\FUCKYOU\VSSLN\LUA-5.2.2\LUA.DIR\DEBUG\LOSLIB.OBJ
E:\DONOTOPEN\FUCKYOU\VSSLN\LUA-5.2.2\LUA.DIR\DEBUG\LPARSER.OBJ
E:\DONOTOPEN\FUCKYOU\VSSLN\LUA-5.2.2\LUA.DIR\DEBUG\LSTATE.OBJ
E:\DONOTOPEN\FUCKYOU\VSSLN\LUA-5.2.2\LUA.DIR\DEBUG\LSTRING.OBJ
E:\DONOTOPEN\FUCKYOU\VSSLN\LUA-5.2.2\LUA.DIR\DEBUG\LSTRLIB.OBJ
E:\DONOTOPEN\FUCKYOU\VSSLN\LUA-5.2.2\LUA.DIR\DEBUG\LTABLE.OBJ
E:\DONOTOPEN\FUCKYOU\VSSLN\LUA-5.2.2\LUA.DIR\DEBUG\LTABLIB.OBJ
E:\DONOTOPEN\FUCKYOU\VSSLN\LUA-5.2.2\LUA.DIR\DEBUG\LTM.OBJ
E:\DONOTOPEN\FUCKYOU\VSSLN\LUA-5.2.2\LUA.DIR\DEBUG\LUA.DLL.EMBED.MANIFEST
E:\DONOTOPEN\FUCKYOU\VSSLN\LUA-5.2.2\LUA.DIR\DEBUG\LUA.DLL.EMBED.MANIFEST.RES
E:\DONOTOPEN\FUCKYOU\VSSLN\LUA-5.2.2\LUA.DIR\DEBUG\LUA.DLL.INTERMEDIATE.MANIFEST
E:\DONOTOPEN\FUCKYOU\VSSLN\LUA-5.2.2\LUA.DIR\DEBUG\LUA.OBJ
E:\DONOTOPEN\FUCKYOU\VSSLN\lua-5.2.2\Lua.dir\Debug\Lua.write.1.tlog
E:\DONOTOPEN\FUCKYOU\VSSLN\lua-5.2.2\Lua.dir\Debug\Lua_manifest.rc
E:\DONOTOPEN\FUCKYOU\VSSLN\LUA-5.2.2\LUA.DIR\DEBUG\LUAC.OBJ
E:\DONOTOPEN\FUCKYOU\VSSLN\LUA-5.2.2\LUA.DIR\DEBUG\LUNDUMP.OBJ
E:\DONOTOPEN\FUCKYOU\VSSLN\LUA-5.2.2\LUA.DIR\DEBUG\LVM.OBJ
E:\DONOTOPEN\FUCKYOU\VSSLN\LUA-5.2.2\LUA.DIR\DEBUG\LZIO.OBJ
E:\DONOTOPEN\FUCKYOU\VSSLN\lua-5.2.2\Lua.dir\Debug\mt.command.1.tlog
E:\DONOTOPEN\FUCKYOU\VSSLN\lua-5.2.2\Lua.dir\Debug\mt.read.1.tlog
E:\DONOTOPEN\FUCKYOU\VSSLN\lua-5.2.2\Lua.dir\Debug\mt.write.1.tlog
E:\DONOTOPEN\FUCKYOU\VSSLN\lua-5.2.2\Lua.dir\Debug\rc.command.1.tlog
E:\DONOTOPEN\FUCKYOU\VSSLN\lua-5.2.2\Lua.dir\Debug\rc.read.1.tlog
E:\DONOTOPEN\FUCKYOU\VSSLN\lua-5.2.2\Lua.dir\Debug\rc.write.1.tlog
