G:\DONOTOPEN\FUCKYOU\FREEIMAGE\DEBUG\BITMAPACCESS.OBJ
G:\DONOTOPEN\FUCKYOU\FREEIMAGE\DEBUG\BSPLINEROTATE.OBJ
G:\DONOTOPEN\FUCKYOU\FREEIMAGE\DEBUG\CACHEFILE.OBJ
G:\DONOTOPEN\FUCKYOU\FREEIMAGE\DEBUG\CHANNELS.OBJ
G:\DONOTOPEN\FUCKYOU\FreeImage\Debug\cl.command.1.tlog
G:\DONOTOPEN\FUCKYOU\FreeImage\Debug\CL.read.1.tlog
G:\DONOTOPEN\FUCKYOU\FreeImage\Debug\CL.write.1.tlog
G:\DONOTOPEN\FUCKYOU\FREEIMAGE\DEBUG\CLASSICROTATE.OBJ
G:\DONOTOPEN\FUCKYOU\FREEIMAGE\DEBUG\COLORLOOKUP.OBJ
G:\DONOTOPEN\FUCKYOU\FREEIMAGE\DEBUG\COLORS.OBJ
G:\DONOTOPEN\FUCKYOU\FREEIMAGE\DEBUG\CONVERSION.OBJ
G:\DONOTOPEN\FUCKYOU\FREEIMAGE\DEBUG\CONVERSION16_555.OBJ
G:\DONOTOPEN\FUCKYOU\FREEIMAGE\DEBUG\CONVERSION16_565.OBJ
G:\DONOTOPEN\FUCKYOU\FREEIMAGE\DEBUG\CONVERSION24.OBJ
G:\DONOTOPEN\FUCKYOU\FREEIMAGE\DEBUG\CONVERSION32.OBJ
G:\DONOTOPEN\FUCKYOU\FREEIMAGE\DEBUG\CONVERSION4.OBJ
G:\DONOTOPEN\FUCKYOU\FREEIMAGE\DEBUG\CONVERSION8.OBJ
G:\DONOTOPEN\FUCKYOU\FREEIMAGE\DEBUG\CONVERSIONRGBF.OBJ
G:\DONOTOPEN\FUCKYOU\FREEIMAGE\DEBUG\CONVERSIONTYPE.OBJ
G:\DONOTOPEN\FUCKYOU\FREEIMAGE\DEBUG\COPYPASTE.OBJ
G:\DONOTOPEN\FUCKYOU\FREEIMAGE\DEBUG\DEPRECATIONMGR.OBJ
G:\DONOTOPEN\FUCKYOU\FREEIMAGE\DEBUG\DISPLAY.OBJ
G:\DONOTOPEN\FUCKYOU\FREEIMAGE\DEBUG\EXIF.OBJ
G:\DONOTOPEN\FUCKYOU\FREEIMAGE\DEBUG\FIRATIONAL.OBJ
G:\DONOTOPEN\FUCKYOU\FREEIMAGE\DEBUG\FLIP.OBJ
G:\DONOTOPEN\FUCKYOU\FreeImage\Debug\FreeImage.2005.vcxprojResolveAssemblyReference.cache
G:\DONOTOPEN\FUCKYOU\FREEIMAGE\DEBUG\FREEIMAGE.OBJ
G:\DONOTOPEN\FUCKYOU\FREEIMAGE\DEBUG\FREEIMAGE.RES
G:\DONOTOPEN\FUCKYOU\FreeImage\Debug\FreeImage.write.1.tlog
G:\DONOTOPEN\FUCKYOU\FREEIMAGE\DEBUG\FREEIMAGEC.OBJ
G:\DONOTOPEN\FUCKYOU\FreeImage\Debug\FreeImaged.exp
G:\DONOTOPEN\FUCKYOU\FREEIMAGE\DEBUG\FREEIMAGEIO.OBJ
G:\DONOTOPEN\FUCKYOU\FREEIMAGE\DEBUG\FREEIMAGETAG.OBJ
G:\DONOTOPEN\FUCKYOU\FREEIMAGE\DEBUG\GETTYPE.OBJ
G:\DONOTOPEN\FUCKYOU\FREEIMAGE\DEBUG\HALFTONING.OBJ
G:\DONOTOPEN\FUCKYOU\FREEIMAGE\DEBUG\IPTC.OBJ
G:\DONOTOPEN\FUCKYOU\FREEIMAGE\DEBUG\J2KHELPER.OBJ
G:\DONOTOPEN\FUCKYOU\FREEIMAGE\DEBUG\JPEGTRANSFORM.OBJ
G:\DONOTOPEN\FUCKYOU\FreeImage\Debug\link.command.1.tlog
G:\DONOTOPEN\FUCKYOU\FreeImage\Debug\link.read.1.tlog
G:\DONOTOPEN\FUCKYOU\FreeImage\Debug\link.write.1.tlog
G:\DONOTOPEN\FUCKYOU\FREEIMAGE\DEBUG\MEMORYIO.OBJ
G:\DONOTOPEN\FUCKYOU\FREEIMAGE\DEBUG\MULTIGRIDPOISSONSOLVER.OBJ
G:\DONOTOPEN\FUCKYOU\FREEIMAGE\DEBUG\MULTIPAGE.OBJ
G:\DONOTOPEN\FUCKYOU\FREEIMAGE\DEBUG\NNQUANTIZER.OBJ
G:\DONOTOPEN\FUCKYOU\FREEIMAGE\DEBUG\PIXELACCESS.OBJ
G:\DONOTOPEN\FUCKYOU\FREEIMAGE\DEBUG\PLUGIN.OBJ
G:\DONOTOPEN\FUCKYOU\FREEIMAGE\DEBUG\PLUGINBMP.OBJ
G:\DONOTOPEN\FUCKYOU\FREEIMAGE\DEBUG\PLUGINCUT.OBJ
G:\DONOTOPEN\FUCKYOU\FREEIMAGE\DEBUG\PLUGINDDS.OBJ
G:\DONOTOPEN\FUCKYOU\FREEIMAGE\DEBUG\PLUGINEXR.OBJ
G:\DONOTOPEN\FUCKYOU\FREEIMAGE\DEBUG\PLUGING3.OBJ
G:\DONOTOPEN\FUCKYOU\FREEIMAGE\DEBUG\PLUGINGIF.OBJ
G:\DONOTOPEN\FUCKYOU\FREEIMAGE\DEBUG\PLUGINHDR.OBJ
G:\DONOTOPEN\FUCKYOU\FREEIMAGE\DEBUG\PLUGINICO.OBJ
G:\DONOTOPEN\FUCKYOU\FREEIMAGE\DEBUG\PLUGINIFF.OBJ
G:\DONOTOPEN\FUCKYOU\FREEIMAGE\DEBUG\PLUGINJ2K.OBJ
G:\DONOTOPEN\FUCKYOU\FREEIMAGE\DEBUG\PLUGINJP2.OBJ
G:\DONOTOPEN\FUCKYOU\FREEIMAGE\DEBUG\PLUGINJPEG.OBJ
G:\DONOTOPEN\FUCKYOU\FREEIMAGE\DEBUG\PLUGINKOALA.OBJ
G:\DONOTOPEN\FUCKYOU\FREEIMAGE\DEBUG\PLUGINMNG.OBJ
G:\DONOTOPEN\FUCKYOU\FREEIMAGE\DEBUG\PLUGINPCD.OBJ
G:\DONOTOPEN\FUCKYOU\FREEIMAGE\DEBUG\PLUGINPCX.OBJ
G:\DONOTOPEN\FUCKYOU\FREEIMAGE\DEBUG\PLUGINPNG.OBJ
G:\DONOTOPEN\FUCKYOU\FREEIMAGE\DEBUG\PLUGINPNM.OBJ
G:\DONOTOPEN\FUCKYOU\FREEIMAGE\DEBUG\PLUGINPSD.OBJ
G:\DONOTOPEN\FUCKYOU\FREEIMAGE\DEBUG\PLUGINRAS.OBJ
G:\DONOTOPEN\FUCKYOU\FREEIMAGE\DEBUG\PLUGINSGI.OBJ
G:\DONOTOPEN\FUCKYOU\FREEIMAGE\DEBUG\PLUGINTARGA.OBJ
G:\DONOTOPEN\FUCKYOU\FREEIMAGE\DEBUG\PLUGINTIFF.OBJ
G:\DONOTOPEN\FUCKYOU\FREEIMAGE\DEBUG\PLUGINWBMP.OBJ
G:\DONOTOPEN\FUCKYOU\FREEIMAGE\DEBUG\PLUGINXBM.OBJ
G:\DONOTOPEN\FUCKYOU\FREEIMAGE\DEBUG\PLUGINXPM.OBJ
G:\DONOTOPEN\FUCKYOU\FreeImage\Debug\rc.command.1.tlog
G:\DONOTOPEN\FUCKYOU\FreeImage\Debug\rc.read.1.tlog
G:\DONOTOPEN\FUCKYOU\FreeImage\Debug\rc.write.1.tlog
G:\DONOTOPEN\FUCKYOU\FREEIMAGE\DEBUG\RESCALE.OBJ
G:\DONOTOPEN\FUCKYOU\FREEIMAGE\DEBUG\RESIZE.OBJ
G:\DONOTOPEN\FUCKYOU\FREEIMAGE\DEBUG\TAGCONVERSION.OBJ
G:\DONOTOPEN\FUCKYOU\FREEIMAGE\DEBUG\TAGLIB.OBJ
G:\DONOTOPEN\FUCKYOU\FREEIMAGE\DEBUG\TMOCOLORCONVERT.OBJ
G:\DONOTOPEN\FUCKYOU\FREEIMAGE\DEBUG\TMODRAGO03.OBJ
G:\DONOTOPEN\FUCKYOU\FREEIMAGE\DEBUG\TMOFATTAL02.OBJ
G:\DONOTOPEN\FUCKYOU\FREEIMAGE\DEBUG\TMOREINHARD05.OBJ
G:\DONOTOPEN\FUCKYOU\FREEIMAGE\DEBUG\TONEMAPPING.OBJ
G:\DONOTOPEN\FUCKYOU\FreeImage\Debug\vc100.idb
G:\DONOTOPEN\FUCKYOU\FREEIMAGE\DEBUG\VC100.PDB
G:\DONOTOPEN\FUCKYOU\FREEIMAGE\DEBUG\WUQUANTIZER.OBJ
G:\DONOTOPEN\FUCKYOU\FREEIMAGE\DEBUG\XTIFF.OBJ
G:\DONOTOPEN\FUCKYOU\FREEIMAGE\DEBUG\ZLIBINTERFACE.OBJ
