E:\DONOTOPEN\FUCKYOU\BIN\WIN\DEBUG\LIBJPEG.LIB
E:\DONOTOPEN\FUCKYOU\BIN\WIN\DEBUG\LIBJPEG.PDB
E:\DONOTOPEN\FUCKYOU\VSSLN\FREEIMAGE\SOURCE\LIBJPEG\CMAKEFILES\GENERATE.STAMP
E:\DONOTOPEN\FUCKYOU\VSSLN\FREEIMAGE\SOURCE\LIBJPEG\LIBJPEG.DIR\DEBUG\CDJPEG.OBJ
E:\DONOTOPEN\FUCKYOU\VSSLN\FREEIMAGE\SOURCE\LIBJPEG\LIBJPEG.DIR\DEBUG\CJPEG.OBJ
E:\DONOTOPEN\FUCKYOU\VSSLN\FREEIMAGE\SOURCE\LIBJPEG\LIBJPEG.DIR\DEBUG\CKCONFIG.OBJ
E:\DONOTOPEN\FUCKYOU\VSSLN\FreeImage\Source\LibJPEG\LibJPEG.dir\Debug\cl.command.1.tlog
E:\DONOTOPEN\FUCKYOU\VSSLN\FreeImage\Source\LibJPEG\LibJPEG.dir\Debug\CL.read.1.tlog
E:\DONOTOPEN\FUCKYOU\VSSLN\FreeImage\Source\LibJPEG\LibJPEG.dir\Debug\CL.write.1.tlog
E:\DONOTOPEN\FUCKYOU\VSSLN\FreeImage\Source\LibJPEG\LibJPEG.dir\Debug\custombuild.command.1.tlog
E:\DONOTOPEN\FUCKYOU\VSSLN\FreeImage\Source\LibJPEG\LibJPEG.dir\Debug\custombuild.read.1.tlog
E:\DONOTOPEN\FUCKYOU\VSSLN\FreeImage\Source\LibJPEG\LibJPEG.dir\Debug\custombuild.write.1.tlog
E:\DONOTOPEN\FUCKYOU\VSSLN\FREEIMAGE\SOURCE\LIBJPEG\LIBJPEG.DIR\DEBUG\DJPEG.OBJ
E:\DONOTOPEN\FUCKYOU\VSSLN\FREEIMAGE\SOURCE\LIBJPEG\LIBJPEG.DIR\DEBUG\EXAMPLE.OBJ
E:\DONOTOPEN\FUCKYOU\VSSLN\FREEIMAGE\SOURCE\LIBJPEG\LIBJPEG.DIR\DEBUG\JCAPIMIN.OBJ
E:\DONOTOPEN\FUCKYOU\VSSLN\FREEIMAGE\SOURCE\LIBJPEG\LIBJPEG.DIR\DEBUG\JCAPISTD.OBJ
E:\DONOTOPEN\FUCKYOU\VSSLN\FREEIMAGE\SOURCE\LIBJPEG\LIBJPEG.DIR\DEBUG\JCCOEFCT.OBJ
E:\DONOTOPEN\FUCKYOU\VSSLN\FREEIMAGE\SOURCE\LIBJPEG\LIBJPEG.DIR\DEBUG\JCCOLOR.OBJ
E:\DONOTOPEN\FUCKYOU\VSSLN\FREEIMAGE\SOURCE\LIBJPEG\LIBJPEG.DIR\DEBUG\JCDCTMGR.OBJ
E:\DONOTOPEN\FUCKYOU\VSSLN\FREEIMAGE\SOURCE\LIBJPEG\LIBJPEG.DIR\DEBUG\JCHUFF.OBJ
E:\DONOTOPEN\FUCKYOU\VSSLN\FREEIMAGE\SOURCE\LIBJPEG\LIBJPEG.DIR\DEBUG\JCINIT.OBJ
E:\DONOTOPEN\FUCKYOU\VSSLN\FREEIMAGE\SOURCE\LIBJPEG\LIBJPEG.DIR\DEBUG\JCMAINCT.OBJ
E:\DONOTOPEN\FUCKYOU\VSSLN\FREEIMAGE\SOURCE\LIBJPEG\LIBJPEG.DIR\DEBUG\JCMARKER.OBJ
E:\DONOTOPEN\FUCKYOU\VSSLN\FREEIMAGE\SOURCE\LIBJPEG\LIBJPEG.DIR\DEBUG\JCMASTER.OBJ
E:\DONOTOPEN\FUCKYOU\VSSLN\FREEIMAGE\SOURCE\LIBJPEG\LIBJPEG.DIR\DEBUG\JCOMAPI.OBJ
E:\DONOTOPEN\FUCKYOU\VSSLN\FREEIMAGE\SOURCE\LIBJPEG\LIBJPEG.DIR\DEBUG\JCPARAM.OBJ
E:\DONOTOPEN\FUCKYOU\VSSLN\FREEIMAGE\SOURCE\LIBJPEG\LIBJPEG.DIR\DEBUG\JCPHUFF.OBJ
E:\DONOTOPEN\FUCKYOU\VSSLN\FREEIMAGE\SOURCE\LIBJPEG\LIBJPEG.DIR\DEBUG\JCPREPCT.OBJ
E:\DONOTOPEN\FUCKYOU\VSSLN\FREEIMAGE\SOURCE\LIBJPEG\LIBJPEG.DIR\DEBUG\JCSAMPLE.OBJ
E:\DONOTOPEN\FUCKYOU\VSSLN\FREEIMAGE\SOURCE\LIBJPEG\LIBJPEG.DIR\DEBUG\JCTRANS.OBJ
E:\DONOTOPEN\FUCKYOU\VSSLN\FREEIMAGE\SOURCE\LIBJPEG\LIBJPEG.DIR\DEBUG\JDAPIMIN.OBJ
E:\DONOTOPEN\FUCKYOU\VSSLN\FREEIMAGE\SOURCE\LIBJPEG\LIBJPEG.DIR\DEBUG\JDAPISTD.OBJ
E:\DONOTOPEN\FUCKYOU\VSSLN\FREEIMAGE\SOURCE\LIBJPEG\LIBJPEG.DIR\DEBUG\JDATADST.OBJ
E:\DONOTOPEN\FUCKYOU\VSSLN\FREEIMAGE\SOURCE\LIBJPEG\LIBJPEG.DIR\DEBUG\JDATASRC.OBJ
E:\DONOTOPEN\FUCKYOU\VSSLN\FREEIMAGE\SOURCE\LIBJPEG\LIBJPEG.DIR\DEBUG\JDCOEFCT.OBJ
E:\DONOTOPEN\FUCKYOU\VSSLN\FREEIMAGE\SOURCE\LIBJPEG\LIBJPEG.DIR\DEBUG\JDCOLOR.OBJ
E:\DONOTOPEN\FUCKYOU\VSSLN\FREEIMAGE\SOURCE\LIBJPEG\LIBJPEG.DIR\DEBUG\JDDCTMGR.OBJ
E:\DONOTOPEN\FUCKYOU\VSSLN\FREEIMAGE\SOURCE\LIBJPEG\LIBJPEG.DIR\DEBUG\JDHUFF.OBJ
E:\DONOTOPEN\FUCKYOU\VSSLN\FREEIMAGE\SOURCE\LIBJPEG\LIBJPEG.DIR\DEBUG\JDINPUT.OBJ
E:\DONOTOPEN\FUCKYOU\VSSLN\FREEIMAGE\SOURCE\LIBJPEG\LIBJPEG.DIR\DEBUG\JDMAINCT.OBJ
E:\DONOTOPEN\FUCKYOU\VSSLN\FREEIMAGE\SOURCE\LIBJPEG\LIBJPEG.DIR\DEBUG\JDMARKER.OBJ
E:\DONOTOPEN\FUCKYOU\VSSLN\FREEIMAGE\SOURCE\LIBJPEG\LIBJPEG.DIR\DEBUG\JDMASTER.OBJ
E:\DONOTOPEN\FUCKYOU\VSSLN\FREEIMAGE\SOURCE\LIBJPEG\LIBJPEG.DIR\DEBUG\JDMERGE.OBJ
E:\DONOTOPEN\FUCKYOU\VSSLN\FREEIMAGE\SOURCE\LIBJPEG\LIBJPEG.DIR\DEBUG\JDPHUFF.OBJ
E:\DONOTOPEN\FUCKYOU\VSSLN\FREEIMAGE\SOURCE\LIBJPEG\LIBJPEG.DIR\DEBUG\JDPOSTCT.OBJ
E:\DONOTOPEN\FUCKYOU\VSSLN\FREEIMAGE\SOURCE\LIBJPEG\LIBJPEG.DIR\DEBUG\JDSAMPLE.OBJ
E:\DONOTOPEN\FUCKYOU\VSSLN\FREEIMAGE\SOURCE\LIBJPEG\LIBJPEG.DIR\DEBUG\JDTRANS.OBJ
E:\DONOTOPEN\FUCKYOU\VSSLN\FREEIMAGE\SOURCE\LIBJPEG\LIBJPEG.DIR\DEBUG\JERROR.OBJ
E:\DONOTOPEN\FUCKYOU\VSSLN\FREEIMAGE\SOURCE\LIBJPEG\LIBJPEG.DIR\DEBUG\JFDCTFLT.OBJ
E:\DONOTOPEN\FUCKYOU\VSSLN\FREEIMAGE\SOURCE\LIBJPEG\LIBJPEG.DIR\DEBUG\JFDCTFST.OBJ
E:\DONOTOPEN\FUCKYOU\VSSLN\FREEIMAGE\SOURCE\LIBJPEG\LIBJPEG.DIR\DEBUG\JFDCTINT.OBJ
E:\DONOTOPEN\FUCKYOU\VSSLN\FREEIMAGE\SOURCE\LIBJPEG\LIBJPEG.DIR\DEBUG\JIDCTFLT.OBJ
E:\DONOTOPEN\FUCKYOU\VSSLN\FREEIMAGE\SOURCE\LIBJPEG\LIBJPEG.DIR\DEBUG\JIDCTFST.OBJ
E:\DONOTOPEN\FUCKYOU\VSSLN\FREEIMAGE\SOURCE\LIBJPEG\LIBJPEG.DIR\DEBUG\JIDCTINT.OBJ
E:\DONOTOPEN\FUCKYOU\VSSLN\FREEIMAGE\SOURCE\LIBJPEG\LIBJPEG.DIR\DEBUG\JIDCTRED.OBJ
E:\DONOTOPEN\FUCKYOU\VSSLN\FREEIMAGE\SOURCE\LIBJPEG\LIBJPEG.DIR\DEBUG\JMEMMGR.OBJ
E:\DONOTOPEN\FUCKYOU\VSSLN\FREEIMAGE\SOURCE\LIBJPEG\LIBJPEG.DIR\DEBUG\JMEMNOBS.OBJ
E:\DONOTOPEN\FUCKYOU\VSSLN\FREEIMAGE\SOURCE\LIBJPEG\LIBJPEG.DIR\DEBUG\JPEGTRAN.OBJ
E:\DONOTOPEN\FUCKYOU\VSSLN\FREEIMAGE\SOURCE\LIBJPEG\LIBJPEG.DIR\DEBUG\JQUANT1.OBJ
E:\DONOTOPEN\FUCKYOU\VSSLN\FREEIMAGE\SOURCE\LIBJPEG\LIBJPEG.DIR\DEBUG\JQUANT2.OBJ
E:\DONOTOPEN\FUCKYOU\VSSLN\FREEIMAGE\SOURCE\LIBJPEG\LIBJPEG.DIR\DEBUG\JUTILS.OBJ
E:\DONOTOPEN\FUCKYOU\VSSLN\FreeImage\Source\LibJPEG\LibJPEG.dir\Debug\lib.command.1.tlog
E:\DONOTOPEN\FUCKYOU\VSSLN\FreeImage\Source\LibJPEG\LibJPEG.dir\Debug\Lib.read.1.tlog
E:\DONOTOPEN\FUCKYOU\VSSLN\FreeImage\Source\LibJPEG\LibJPEG.dir\Debug\LibJPEG.write.1.tlog
E:\DONOTOPEN\FUCKYOU\VSSLN\FreeImage\Source\LibJPEG\LibJPEG.dir\Debug\Lib-link.read.1.tlog
E:\DONOTOPEN\FUCKYOU\VSSLN\FreeImage\Source\LibJPEG\LibJPEG.dir\Debug\Lib-link.write.1.tlog
E:\DONOTOPEN\FUCKYOU\VSSLN\FREEIMAGE\SOURCE\LIBJPEG\LIBJPEG.DIR\DEBUG\RDBMP.OBJ
E:\DONOTOPEN\FUCKYOU\VSSLN\FREEIMAGE\SOURCE\LIBJPEG\LIBJPEG.DIR\DEBUG\RDCOLMAP.OBJ
E:\DONOTOPEN\FUCKYOU\VSSLN\FREEIMAGE\SOURCE\LIBJPEG\LIBJPEG.DIR\DEBUG\RDGIF.OBJ
E:\DONOTOPEN\FUCKYOU\VSSLN\FREEIMAGE\SOURCE\LIBJPEG\LIBJPEG.DIR\DEBUG\RDJPGCOM.OBJ
E:\DONOTOPEN\FUCKYOU\VSSLN\FREEIMAGE\SOURCE\LIBJPEG\LIBJPEG.DIR\DEBUG\RDPPM.OBJ
E:\DONOTOPEN\FUCKYOU\VSSLN\FREEIMAGE\SOURCE\LIBJPEG\LIBJPEG.DIR\DEBUG\RDRLE.OBJ
E:\DONOTOPEN\FUCKYOU\VSSLN\FREEIMAGE\SOURCE\LIBJPEG\LIBJPEG.DIR\DEBUG\RDSWITCH.OBJ
E:\DONOTOPEN\FUCKYOU\VSSLN\FREEIMAGE\SOURCE\LIBJPEG\LIBJPEG.DIR\DEBUG\RDTARGA.OBJ
E:\DONOTOPEN\FUCKYOU\VSSLN\FREEIMAGE\SOURCE\LIBJPEG\LIBJPEG.DIR\DEBUG\TRANSUPP.OBJ
E:\DONOTOPEN\FUCKYOU\VSSLN\FREEIMAGE\SOURCE\LIBJPEG\LIBJPEG.DIR\DEBUG\WRBMP.OBJ
E:\DONOTOPEN\FUCKYOU\VSSLN\FREEIMAGE\SOURCE\LIBJPEG\LIBJPEG.DIR\DEBUG\WRGIF.OBJ
E:\DONOTOPEN\FUCKYOU\VSSLN\FREEIMAGE\SOURCE\LIBJPEG\LIBJPEG.DIR\DEBUG\WRJPGCOM.OBJ
E:\DONOTOPEN\FUCKYOU\VSSLN\FREEIMAGE\SOURCE\LIBJPEG\LIBJPEG.DIR\DEBUG\WRPPM.OBJ
E:\DONOTOPEN\FUCKYOU\VSSLN\FREEIMAGE\SOURCE\LIBJPEG\LIBJPEG.DIR\DEBUG\WRRLE.OBJ
E:\DONOTOPEN\FUCKYOU\VSSLN\FREEIMAGE\SOURCE\LIBJPEG\LIBJPEG.DIR\DEBUG\WRTARGA.OBJ
