E:\DONOTOPEN\FUCKYOU\BIN\WIN\DEBUG\RESOURCEPHRASER.DLL
E:\DONOTOPEN\FUCKYOU\Bin\Win\Debug\ResourcePhraser.exp
E:\DONOTOPEN\FUCKYOU\BIN\WIN\DEBUG\RESOURCEPHRASER.ILK
E:\DONOTOPEN\FUCKYOU\Bin\Win\Debug\ResourcePhraser.lib
E:\DONOTOPEN\FUCKYOU\BIN\WIN\DEBUG\RESOURCEPHRASER.PDB
E:\DONOTOPEN\FUCKYOU\VSSLN\CATFISH\RESOURCEPHRASER\CMAKEFILES\GENERATE.STAMP
E:\DONOTOPEN\FUCKYOU\VSSLN\CATFISH\ResourcePhraser\ResourcePhraser.dir\Debug\cl.command.1.tlog
E:\DONOTOPEN\FUCKYOU\VSSLN\CATFISH\ResourcePhraser\ResourcePhraser.dir\Debug\CL.read.1.tlog
E:\DONOTOPEN\FUCKYOU\VSSLN\CATFISH\ResourcePhraser\ResourcePhraser.dir\Debug\CL.write.1.tlog
E:\DONOTOPEN\FUCKYOU\VSSLN\CATFISH\ResourcePhraser\ResourcePhraser.dir\Debug\custombuild.command.1.tlog
E:\DONOTOPEN\FUCKYOU\VSSLN\CATFISH\ResourcePhraser\ResourcePhraser.dir\Debug\custombuild.read.1.tlog
E:\DONOTOPEN\FUCKYOU\VSSLN\CATFISH\ResourcePhraser\ResourcePhraser.dir\Debug\custombuild.write.1.tlog
E:\DONOTOPEN\FUCKYOU\VSSLN\CATFISH\RESOURCEPHRASER\RESOURCEPHRASER.DIR\DEBUG\IMAGEPHASER.OBJ
E:\DONOTOPEN\FUCKYOU\VSSLN\CATFISH\RESOURCEPHRASER\RESOURCEPHRASER.DIR\DEBUG\IMAGERES.OBJ
E:\DONOTOPEN\FUCKYOU\VSSLN\CATFISH\ResourcePhraser\ResourcePhraser.dir\Debug\link.2496.read.1.tlog
E:\DONOTOPEN\FUCKYOU\VSSLN\CATFISH\ResourcePhraser\ResourcePhraser.dir\Debug\link.2496.write.1.tlog
E:\DONOTOPEN\FUCKYOU\VSSLN\CATFISH\ResourcePhraser\ResourcePhraser.dir\Debug\link.2496-cvtres.read.1.tlog
E:\DONOTOPEN\FUCKYOU\VSSLN\CATFISH\ResourcePhraser\ResourcePhraser.dir\Debug\link.2496-cvtres.write.1.tlog
E:\DONOTOPEN\FUCKYOU\VSSLN\CATFISH\ResourcePhraser\ResourcePhraser.dir\Debug\link.5712.read.1.tlog
E:\DONOTOPEN\FUCKYOU\VSSLN\CATFISH\ResourcePhraser\ResourcePhraser.dir\Debug\link.5712.write.1.tlog
E:\DONOTOPEN\FUCKYOU\VSSLN\CATFISH\ResourcePhraser\ResourcePhraser.dir\Debug\link.5712-cvtres.read.1.tlog
E:\DONOTOPEN\FUCKYOU\VSSLN\CATFISH\ResourcePhraser\ResourcePhraser.dir\Debug\link.5712-cvtres.write.1.tlog
E:\DONOTOPEN\FUCKYOU\VSSLN\CATFISH\ResourcePhraser\ResourcePhraser.dir\Debug\link.command.1.tlog
E:\DONOTOPEN\FUCKYOU\VSSLN\CATFISH\ResourcePhraser\ResourcePhraser.dir\Debug\link.read.1.tlog
E:\DONOTOPEN\FUCKYOU\VSSLN\CATFISH\ResourcePhraser\ResourcePhraser.dir\Debug\link.write.1.tlog
E:\DONOTOPEN\FUCKYOU\VSSLN\CATFISH\ResourcePhraser\ResourcePhraser.dir\Debug\link-cvtres.read.1.tlog
E:\DONOTOPEN\FUCKYOU\VSSLN\CATFISH\ResourcePhraser\ResourcePhraser.dir\Debug\link-cvtres.write.1.tlog
E:\DONOTOPEN\FUCKYOU\VSSLN\CATFISH\ResourcePhraser\ResourcePhraser.dir\Debug\mt.command.1.tlog
E:\DONOTOPEN\FUCKYOU\VSSLN\CATFISH\ResourcePhraser\ResourcePhraser.dir\Debug\mt.read.1.tlog
E:\DONOTOPEN\FUCKYOU\VSSLN\CATFISH\ResourcePhraser\ResourcePhraser.dir\Debug\mt.write.1.tlog
E:\DONOTOPEN\FUCKYOU\VSSLN\CATFISH\ResourcePhraser\ResourcePhraser.dir\Debug\rc.command.1.tlog
E:\DONOTOPEN\FUCKYOU\VSSLN\CATFISH\ResourcePhraser\ResourcePhraser.dir\Debug\rc.read.1.tlog
E:\DONOTOPEN\FUCKYOU\VSSLN\CATFISH\ResourcePhraser\ResourcePhraser.dir\Debug\rc.write.1.tlog
E:\DONOTOPEN\FUCKYOU\VSSLN\CATFISH\RESOURCEPHRASER\RESOURCEPHRASER.DIR\DEBUG\RES.OBJ
E:\DONOTOPEN\FUCKYOU\VSSLN\CATFISH\RESOURCEPHRASER\RESOURCEPHRASER.DIR\DEBUG\RESMGR.OBJ
E:\DONOTOPEN\FUCKYOU\VSSLN\CATFISH\ResourcePhraser\ResourcePhraser.dir\Debug\ResolveAssemblyReference.cache
E:\DONOTOPEN\FUCKYOU\VSSLN\CATFISH\RESOURCEPHRASER\RESOURCEPHRASER.DIR\DEBUG\RESOURCEPHRASER.DLL.EMBED.MANIFEST
E:\DONOTOPEN\FUCKYOU\VSSLN\CATFISH\RESOURCEPHRASER\RESOURCEPHRASER.DIR\DEBUG\RESOURCEPHRASER.DLL.EMBED.MANIFEST.RES
E:\DONOTOPEN\FUCKYOU\VSSLN\CATFISH\RESOURCEPHRASER\RESOURCEPHRASER.DIR\DEBUG\RESOURCEPHRASER.DLL.INTERMEDIATE.MANIFEST
E:\DONOTOPEN\FUCKYOU\VSSLN\CATFISH\ResourcePhraser\ResourcePhraser.dir\Debug\ResourcePhraser.write.1.tlog
E:\DONOTOPEN\FUCKYOU\VSSLN\CATFISH\ResourcePhraser\ResourcePhraser.dir\Debug\ResourcePhraser_manifest.rc
