E:\DONOTOPEN\FUCKYOU\BIN\WIN\DEBUG\LIBTIFF.LIB
E:\DONOTOPEN\FUCKYOU\BIN\WIN\DEBUG\LIBTIFF.PDB
E:\DONOTOPEN\FUCKYOU\VSSLN\FREEIMAGE\SOURCE\LIBTIFF\CMAKEFILES\GENERATE.STAMP
E:\DONOTOPEN\FUCKYOU\VSSLN\FreeImage\Source\LibTIFF\LibTIFF.dir\Debug\cl.command.1.tlog
E:\DONOTOPEN\FUCKYOU\VSSLN\FreeImage\Source\LibTIFF\LibTIFF.dir\Debug\CL.read.1.tlog
E:\DONOTOPEN\FUCKYOU\VSSLN\FreeImage\Source\LibTIFF\LibTIFF.dir\Debug\CL.write.1.tlog
E:\DONOTOPEN\FUCKYOU\VSSLN\FreeImage\Source\LibTIFF\LibTIFF.dir\Debug\custombuild.command.1.tlog
E:\DONOTOPEN\FUCKYOU\VSSLN\FreeImage\Source\LibTIFF\LibTIFF.dir\Debug\custombuild.read.1.tlog
E:\DONOTOPEN\FUCKYOU\VSSLN\FreeImage\Source\LibTIFF\LibTIFF.dir\Debug\custombuild.write.1.tlog
E:\DONOTOPEN\FUCKYOU\VSSLN\FreeImage\Source\LibTIFF\LibTIFF.dir\Debug\lib.command.1.tlog
E:\DONOTOPEN\FUCKYOU\VSSLN\FreeImage\Source\LibTIFF\LibTIFF.dir\Debug\Lib.read.1.tlog
E:\DONOTOPEN\FUCKYOU\VSSLN\FreeImage\Source\LibTIFF\LibTIFF.dir\Debug\Lib-link.read.1.tlog
E:\DONOTOPEN\FUCKYOU\VSSLN\FreeImage\Source\LibTIFF\LibTIFF.dir\Debug\Lib-link.write.1.tlog
E:\DONOTOPEN\FUCKYOU\VSSLN\FreeImage\Source\LibTIFF\LibTIFF.dir\Debug\LibTIFF.write.1.tlog
E:\DONOTOPEN\FUCKYOU\VSSLN\FREEIMAGE\SOURCE\LIBTIFF\LIBTIFF.DIR\DEBUG\MKSPANS.OBJ
E:\DONOTOPEN\FUCKYOU\VSSLN\FREEIMAGE\SOURCE\LIBTIFF\LIBTIFF.DIR\DEBUG\TIF_AUX.OBJ
E:\DONOTOPEN\FUCKYOU\VSSLN\FREEIMAGE\SOURCE\LIBTIFF\LIBTIFF.DIR\DEBUG\TIF_CLOSE.OBJ
E:\DONOTOPEN\FUCKYOU\VSSLN\FREEIMAGE\SOURCE\LIBTIFF\LIBTIFF.DIR\DEBUG\TIF_CODEC.OBJ
E:\DONOTOPEN\FUCKYOU\VSSLN\FREEIMAGE\SOURCE\LIBTIFF\LIBTIFF.DIR\DEBUG\TIF_COLOR.OBJ
E:\DONOTOPEN\FUCKYOU\VSSLN\FREEIMAGE\SOURCE\LIBTIFF\LIBTIFF.DIR\DEBUG\TIF_COMPRESS.OBJ
E:\DONOTOPEN\FUCKYOU\VSSLN\FREEIMAGE\SOURCE\LIBTIFF\LIBTIFF.DIR\DEBUG\TIF_DIR.OBJ
E:\DONOTOPEN\FUCKYOU\VSSLN\FREEIMAGE\SOURCE\LIBTIFF\LIBTIFF.DIR\DEBUG\TIF_DIRINFO.OBJ
E:\DONOTOPEN\FUCKYOU\VSSLN\FREEIMAGE\SOURCE\LIBTIFF\LIBTIFF.DIR\DEBUG\TIF_DIRREAD.OBJ
E:\DONOTOPEN\FUCKYOU\VSSLN\FREEIMAGE\SOURCE\LIBTIFF\LIBTIFF.DIR\DEBUG\TIF_DIRWRITE.OBJ
E:\DONOTOPEN\FUCKYOU\VSSLN\FREEIMAGE\SOURCE\LIBTIFF\LIBTIFF.DIR\DEBUG\TIF_DUMPMODE.OBJ
E:\DONOTOPEN\FUCKYOU\VSSLN\FREEIMAGE\SOURCE\LIBTIFF\LIBTIFF.DIR\DEBUG\TIF_ERROR.OBJ
E:\DONOTOPEN\FUCKYOU\VSSLN\FREEIMAGE\SOURCE\LIBTIFF\LIBTIFF.DIR\DEBUG\TIF_EXTENSION.OBJ
E:\DONOTOPEN\FUCKYOU\VSSLN\FREEIMAGE\SOURCE\LIBTIFF\LIBTIFF.DIR\DEBUG\TIF_FAX3.OBJ
E:\DONOTOPEN\FUCKYOU\VSSLN\FREEIMAGE\SOURCE\LIBTIFF\LIBTIFF.DIR\DEBUG\TIF_FAX3SM.OBJ
E:\DONOTOPEN\FUCKYOU\VSSLN\FREEIMAGE\SOURCE\LIBTIFF\LIBTIFF.DIR\DEBUG\TIF_FLUSH.OBJ
E:\DONOTOPEN\FUCKYOU\VSSLN\FREEIMAGE\SOURCE\LIBTIFF\LIBTIFF.DIR\DEBUG\TIF_GETIMAGE.OBJ
E:\DONOTOPEN\FUCKYOU\VSSLN\FREEIMAGE\SOURCE\LIBTIFF\LIBTIFF.DIR\DEBUG\TIF_JBIG.OBJ
E:\DONOTOPEN\FUCKYOU\VSSLN\FREEIMAGE\SOURCE\LIBTIFF\LIBTIFF.DIR\DEBUG\TIF_JPEG.OBJ
E:\DONOTOPEN\FUCKYOU\VSSLN\FREEIMAGE\SOURCE\LIBTIFF\LIBTIFF.DIR\DEBUG\TIF_LUV.OBJ
E:\DONOTOPEN\FUCKYOU\VSSLN\FREEIMAGE\SOURCE\LIBTIFF\LIBTIFF.DIR\DEBUG\TIF_LZW.OBJ
E:\DONOTOPEN\FUCKYOU\VSSLN\FREEIMAGE\SOURCE\LIBTIFF\LIBTIFF.DIR\DEBUG\TIF_MSDOS.OBJ
E:\DONOTOPEN\FUCKYOU\VSSLN\FREEIMAGE\SOURCE\LIBTIFF\LIBTIFF.DIR\DEBUG\TIF_NEXT.OBJ
E:\DONOTOPEN\FUCKYOU\VSSLN\FREEIMAGE\SOURCE\LIBTIFF\LIBTIFF.DIR\DEBUG\TIF_OJPEG.OBJ
E:\DONOTOPEN\FUCKYOU\VSSLN\FREEIMAGE\SOURCE\LIBTIFF\LIBTIFF.DIR\DEBUG\TIF_OPEN.OBJ
E:\DONOTOPEN\FUCKYOU\VSSLN\FREEIMAGE\SOURCE\LIBTIFF\LIBTIFF.DIR\DEBUG\TIF_PACKBITS.OBJ
E:\DONOTOPEN\FUCKYOU\VSSLN\FREEIMAGE\SOURCE\LIBTIFF\LIBTIFF.DIR\DEBUG\TIF_PIXARLOG.OBJ
E:\DONOTOPEN\FUCKYOU\VSSLN\FREEIMAGE\SOURCE\LIBTIFF\LIBTIFF.DIR\DEBUG\TIF_PREDICT.OBJ
E:\DONOTOPEN\FUCKYOU\VSSLN\FREEIMAGE\SOURCE\LIBTIFF\LIBTIFF.DIR\DEBUG\TIF_PRINT.OBJ
E:\DONOTOPEN\FUCKYOU\VSSLN\FREEIMAGE\SOURCE\LIBTIFF\LIBTIFF.DIR\DEBUG\TIF_READ.OBJ
E:\DONOTOPEN\FUCKYOU\VSSLN\FREEIMAGE\SOURCE\LIBTIFF\LIBTIFF.DIR\DEBUG\TIF_STRIP.OBJ
E:\DONOTOPEN\FUCKYOU\VSSLN\FREEIMAGE\SOURCE\LIBTIFF\LIBTIFF.DIR\DEBUG\TIF_SWAB.OBJ
E:\DONOTOPEN\FUCKYOU\VSSLN\FREEIMAGE\SOURCE\LIBTIFF\LIBTIFF.DIR\DEBUG\TIF_THUNDER.OBJ
E:\DONOTOPEN\FUCKYOU\VSSLN\FREEIMAGE\SOURCE\LIBTIFF\LIBTIFF.DIR\DEBUG\TIF_TILE.OBJ
E:\DONOTOPEN\FUCKYOU\VSSLN\FREEIMAGE\SOURCE\LIBTIFF\LIBTIFF.DIR\DEBUG\TIF_VERSION.OBJ
E:\DONOTOPEN\FUCKYOU\VSSLN\FREEIMAGE\SOURCE\LIBTIFF\LIBTIFF.DIR\DEBUG\TIF_WARNING.OBJ
E:\DONOTOPEN\FUCKYOU\VSSLN\FREEIMAGE\SOURCE\LIBTIFF\LIBTIFF.DIR\DEBUG\TIF_WIN32.OBJ
E:\DONOTOPEN\FUCKYOU\VSSLN\FREEIMAGE\SOURCE\LIBTIFF\LIBTIFF.DIR\DEBUG\TIF_WRITE.OBJ
E:\DONOTOPEN\FUCKYOU\VSSLN\FREEIMAGE\SOURCE\LIBTIFF\LIBTIFF.DIR\DEBUG\TIF_ZIP.OBJ
