E:\DONOTOPEN\FUCKYOU\FREEIMAGE\SOURCE\OPENEXR\DEBUG\B44EXPLOGTABLE.OBJ
E:\DONOTOPEN\FUCKYOU\FREEIMAGE\SOURCE\OPENEXR\DEBUG\HALF.OBJ
E:\DONOTOPEN\FUCKYOU\FREEIMAGE\SOURCE\OPENEXR\DEBUG\IEXBASEEXC.OBJ
E:\DONOTOPEN\FUCKYOU\FREEIMAGE\SOURCE\OPENEXR\DEBUG\IEXTHROWERRNOEXC.OBJ
E:\DONOTOPEN\FUCKYOU\FREEIMAGE\SOURCE\OPENEXR\DEBUG\ILMTHREAD.OBJ
E:\DONOTOPEN\FUCKYOU\FREEIMAGE\SOURCE\OPENEXR\DEBUG\ILMTHREADMUTEX.OBJ
E:\DONOTOPEN\FUCKYOU\FREEIMAGE\SOURCE\OPENEXR\DEBUG\ILMTHREADPOOL.OBJ
E:\DONOTOPEN\FUCKYOU\FREEIMAGE\SOURCE\OPENEXR\DEBUG\ILMTHREADSEMAPHORE.OBJ
E:\DONOTOPEN\FUCKYOU\FREEIMAGE\SOURCE\OPENEXR\DEBUG\IMATHBOX.OBJ
E:\DONOTOPEN\FUCKYOU\FREEIMAGE\SOURCE\OPENEXR\DEBUG\IMATHCOLORALGO.OBJ
E:\DONOTOPEN\FUCKYOU\FREEIMAGE\SOURCE\OPENEXR\DEBUG\IMATHFUN.OBJ
E:\DONOTOPEN\FUCKYOU\FREEIMAGE\SOURCE\OPENEXR\DEBUG\IMATHMATRIXALGO.OBJ
E:\DONOTOPEN\FUCKYOU\FREEIMAGE\SOURCE\OPENEXR\DEBUG\IMATHRANDOM.OBJ
E:\DONOTOPEN\FUCKYOU\FREEIMAGE\SOURCE\OPENEXR\DEBUG\IMATHSHEAR.OBJ
E:\DONOTOPEN\FUCKYOU\FREEIMAGE\SOURCE\OPENEXR\DEBUG\IMATHVEC.OBJ
E:\DONOTOPEN\FUCKYOU\FREEIMAGE\SOURCE\OPENEXR\DEBUG\IMFATTRIBUTE.OBJ
E:\DONOTOPEN\FUCKYOU\FREEIMAGE\SOURCE\OPENEXR\DEBUG\IMFB44COMPRESSOR.OBJ
E:\DONOTOPEN\FUCKYOU\FREEIMAGE\SOURCE\OPENEXR\DEBUG\IMFBOXATTRIBUTE.OBJ
E:\DONOTOPEN\FUCKYOU\FREEIMAGE\SOURCE\OPENEXR\DEBUG\IMFCHANNELLIST.OBJ
E:\DONOTOPEN\FUCKYOU\FREEIMAGE\SOURCE\OPENEXR\DEBUG\IMFCHANNELLISTATTRIBUTE.OBJ
E:\DONOTOPEN\FUCKYOU\FREEIMAGE\SOURCE\OPENEXR\DEBUG\IMFCHROMATICITIES.OBJ
E:\DONOTOPEN\FUCKYOU\FREEIMAGE\SOURCE\OPENEXR\DEBUG\IMFCHROMATICITIESATTRIBUTE.OBJ
E:\DONOTOPEN\FUCKYOU\FREEIMAGE\SOURCE\OPENEXR\DEBUG\IMFCOMPRESSIONATTRIBUTE.OBJ
E:\DONOTOPEN\FUCKYOU\FREEIMAGE\SOURCE\OPENEXR\DEBUG\IMFCOMPRESSOR.OBJ
E:\DONOTOPEN\FUCKYOU\FREEIMAGE\SOURCE\OPENEXR\DEBUG\IMFCONVERT.OBJ
E:\DONOTOPEN\FUCKYOU\FREEIMAGE\SOURCE\OPENEXR\DEBUG\IMFCRGBAFILE.OBJ
E:\DONOTOPEN\FUCKYOU\FREEIMAGE\SOURCE\OPENEXR\DEBUG\IMFDOUBLEATTRIBUTE.OBJ
E:\DONOTOPEN\FUCKYOU\FREEIMAGE\SOURCE\OPENEXR\DEBUG\IMFENVMAP.OBJ
E:\DONOTOPEN\FUCKYOU\FREEIMAGE\SOURCE\OPENEXR\DEBUG\IMFENVMAPATTRIBUTE.OBJ
E:\DONOTOPEN\FUCKYOU\FREEIMAGE\SOURCE\OPENEXR\DEBUG\IMFFLOATATTRIBUTE.OBJ
E:\DONOTOPEN\FUCKYOU\FREEIMAGE\SOURCE\OPENEXR\DEBUG\IMFFRAMEBUFFER.OBJ
E:\DONOTOPEN\FUCKYOU\FREEIMAGE\SOURCE\OPENEXR\DEBUG\IMFFRAMESPERSECOND.OBJ
E:\DONOTOPEN\FUCKYOU\FREEIMAGE\SOURCE\OPENEXR\DEBUG\IMFHEADER.OBJ
E:\DONOTOPEN\FUCKYOU\FREEIMAGE\SOURCE\OPENEXR\DEBUG\IMFHUF.OBJ
E:\DONOTOPEN\FUCKYOU\FREEIMAGE\SOURCE\OPENEXR\DEBUG\IMFINPUTFILE.OBJ
E:\DONOTOPEN\FUCKYOU\FREEIMAGE\SOURCE\OPENEXR\DEBUG\IMFINTATTRIBUTE.OBJ
E:\DONOTOPEN\FUCKYOU\FREEIMAGE\SOURCE\OPENEXR\DEBUG\IMFIO.OBJ
E:\DONOTOPEN\FUCKYOU\FREEIMAGE\SOURCE\OPENEXR\DEBUG\IMFKEYCODE.OBJ
E:\DONOTOPEN\FUCKYOU\FREEIMAGE\SOURCE\OPENEXR\DEBUG\IMFKEYCODEATTRIBUTE.OBJ
E:\DONOTOPEN\FUCKYOU\FREEIMAGE\SOURCE\OPENEXR\DEBUG\IMFLINEORDERATTRIBUTE.OBJ
E:\DONOTOPEN\FUCKYOU\FREEIMAGE\SOURCE\OPENEXR\DEBUG\IMFLUT.OBJ
E:\DONOTOPEN\FUCKYOU\FREEIMAGE\SOURCE\OPENEXR\DEBUG\IMFMATRIXATTRIBUTE.OBJ
E:\DONOTOPEN\FUCKYOU\FREEIMAGE\SOURCE\OPENEXR\DEBUG\IMFMISC.OBJ
E:\DONOTOPEN\FUCKYOU\FREEIMAGE\SOURCE\OPENEXR\DEBUG\IMFOPAQUEATTRIBUTE.OBJ
E:\DONOTOPEN\FUCKYOU\FREEIMAGE\SOURCE\OPENEXR\DEBUG\IMFOUTPUTFILE.OBJ
E:\DONOTOPEN\FUCKYOU\FREEIMAGE\SOURCE\OPENEXR\DEBUG\IMFPIZCOMPRESSOR.OBJ
E:\DONOTOPEN\FUCKYOU\FREEIMAGE\SOURCE\OPENEXR\DEBUG\IMFPREVIEWIMAGE.OBJ
E:\DONOTOPEN\FUCKYOU\FREEIMAGE\SOURCE\OPENEXR\DEBUG\IMFPREVIEWIMAGEATTRIBUTE.OBJ
E:\DONOTOPEN\FUCKYOU\FREEIMAGE\SOURCE\OPENEXR\DEBUG\IMFPXR24COMPRESSOR.OBJ
E:\DONOTOPEN\FUCKYOU\FREEIMAGE\SOURCE\OPENEXR\DEBUG\IMFRATIONAL.OBJ
E:\DONOTOPEN\FUCKYOU\FREEIMAGE\SOURCE\OPENEXR\DEBUG\IMFRATIONALATTRIBUTE.OBJ
E:\DONOTOPEN\FUCKYOU\FREEIMAGE\SOURCE\OPENEXR\DEBUG\IMFRGBAFILE.OBJ
E:\DONOTOPEN\FUCKYOU\FREEIMAGE\SOURCE\OPENEXR\DEBUG\IMFRGBAYCA.OBJ
E:\DONOTOPEN\FUCKYOU\FREEIMAGE\SOURCE\OPENEXR\DEBUG\IMFRLECOMPRESSOR.OBJ
E:\DONOTOPEN\FUCKYOU\FREEIMAGE\SOURCE\OPENEXR\DEBUG\IMFSCANLINEINPUTFILE.OBJ
E:\DONOTOPEN\FUCKYOU\FREEIMAGE\SOURCE\OPENEXR\DEBUG\IMFSTANDARDATTRIBUTES.OBJ
E:\DONOTOPEN\FUCKYOU\FREEIMAGE\SOURCE\OPENEXR\DEBUG\IMFSTDIO.OBJ
E:\DONOTOPEN\FUCKYOU\FREEIMAGE\SOURCE\OPENEXR\DEBUG\IMFSTRINGATTRIBUTE.OBJ
E:\DONOTOPEN\FUCKYOU\FREEIMAGE\SOURCE\OPENEXR\DEBUG\IMFTESTFILE.OBJ
E:\DONOTOPEN\FUCKYOU\FREEIMAGE\SOURCE\OPENEXR\DEBUG\IMFTHREADING.OBJ
E:\DONOTOPEN\FUCKYOU\FREEIMAGE\SOURCE\OPENEXR\DEBUG\IMFTILEDESCRIPTIONATTRIBUTE.OBJ
E:\DONOTOPEN\FUCKYOU\FREEIMAGE\SOURCE\OPENEXR\DEBUG\IMFTILEDINPUTFILE.OBJ
E:\DONOTOPEN\FUCKYOU\FREEIMAGE\SOURCE\OPENEXR\DEBUG\IMFTILEDMISC.OBJ
E:\DONOTOPEN\FUCKYOU\FREEIMAGE\SOURCE\OPENEXR\DEBUG\IMFTILEDOUTPUTFILE.OBJ
E:\DONOTOPEN\FUCKYOU\FREEIMAGE\SOURCE\OPENEXR\DEBUG\IMFTILEDRGBAFILE.OBJ
E:\DONOTOPEN\FUCKYOU\FREEIMAGE\SOURCE\OPENEXR\DEBUG\IMFTILEOFFSETS.OBJ
E:\DONOTOPEN\FUCKYOU\FREEIMAGE\SOURCE\OPENEXR\DEBUG\IMFTIMECODE.OBJ
E:\DONOTOPEN\FUCKYOU\FREEIMAGE\SOURCE\OPENEXR\DEBUG\IMFTIMECODEATTRIBUTE.OBJ
E:\DONOTOPEN\FUCKYOU\FREEIMAGE\SOURCE\OPENEXR\DEBUG\IMFVECATTRIBUTE.OBJ
E:\DONOTOPEN\FUCKYOU\FREEIMAGE\SOURCE\OPENEXR\DEBUG\IMFVERSION.OBJ
E:\DONOTOPEN\FUCKYOU\FREEIMAGE\SOURCE\OPENEXR\DEBUG\IMFWAV.OBJ
E:\DONOTOPEN\FUCKYOU\FREEIMAGE\SOURCE\OPENEXR\DEBUG\IMFZIPCOMPRESSOR.OBJ
E:\DONOTOPEN\FUCKYOU\FREEIMAGE\SOURCE\OPENEXR\DEBUG\OPENEXR.LIB
E:\DONOTOPEN\FUCKYOU\FREEIMAGE\SOURCE\OPENEXR\DEBUG\VC100.PDB
G:\DONOTOPEN\FUCKYOU\FreeImage\Source\OpenEXR\.\Debug\OpenEXR.lib
G:\DONOTOPEN\FUCKYOU\FREEIMAGE\SOURCE\OPENEXR\DEBUG\B44EXPLOGTABLE.OBJ
G:\DONOTOPEN\FUCKYOU\FreeImage\Source\OpenEXR\Debug\cl.command.1.tlog
G:\DONOTOPEN\FUCKYOU\FreeImage\Source\OpenEXR\Debug\CL.read.1.tlog
G:\DONOTOPEN\FUCKYOU\FreeImage\Source\OpenEXR\Debug\CL.write.1.tlog
G:\DONOTOPEN\FUCKYOU\FREEIMAGE\SOURCE\OPENEXR\DEBUG\HALF.OBJ
G:\DONOTOPEN\FUCKYOU\FREEIMAGE\SOURCE\OPENEXR\DEBUG\IEXBASEEXC.OBJ
G:\DONOTOPEN\FUCKYOU\FREEIMAGE\SOURCE\OPENEXR\DEBUG\IEXTHROWERRNOEXC.OBJ
G:\DONOTOPEN\FUCKYOU\FREEIMAGE\SOURCE\OPENEXR\DEBUG\ILMTHREAD.OBJ
G:\DONOTOPEN\FUCKYOU\FREEIMAGE\SOURCE\OPENEXR\DEBUG\ILMTHREADMUTEX.OBJ
G:\DONOTOPEN\FUCKYOU\FREEIMAGE\SOURCE\OPENEXR\DEBUG\ILMTHREADPOOL.OBJ
G:\DONOTOPEN\FUCKYOU\FREEIMAGE\SOURCE\OPENEXR\DEBUG\ILMTHREADSEMAPHORE.OBJ
G:\DONOTOPEN\FUCKYOU\FREEIMAGE\SOURCE\OPENEXR\DEBUG\IMATHBOX.OBJ
G:\DONOTOPEN\FUCKYOU\FREEIMAGE\SOURCE\OPENEXR\DEBUG\IMATHCOLORALGO.OBJ
G:\DONOTOPEN\FUCKYOU\FREEIMAGE\SOURCE\OPENEXR\DEBUG\IMATHFUN.OBJ
G:\DONOTOPEN\FUCKYOU\FREEIMAGE\SOURCE\OPENEXR\DEBUG\IMATHMATRIXALGO.OBJ
G:\DONOTOPEN\FUCKYOU\FREEIMAGE\SOURCE\OPENEXR\DEBUG\IMATHRANDOM.OBJ
G:\DONOTOPEN\FUCKYOU\FREEIMAGE\SOURCE\OPENEXR\DEBUG\IMATHSHEAR.OBJ
G:\DONOTOPEN\FUCKYOU\FREEIMAGE\SOURCE\OPENEXR\DEBUG\IMATHVEC.OBJ
G:\DONOTOPEN\FUCKYOU\FREEIMAGE\SOURCE\OPENEXR\DEBUG\IMFATTRIBUTE.OBJ
G:\DONOTOPEN\FUCKYOU\FREEIMAGE\SOURCE\OPENEXR\DEBUG\IMFB44COMPRESSOR.OBJ
G:\DONOTOPEN\FUCKYOU\FREEIMAGE\SOURCE\OPENEXR\DEBUG\IMFBOXATTRIBUTE.OBJ
G:\DONOTOPEN\FUCKYOU\FREEIMAGE\SOURCE\OPENEXR\DEBUG\IMFCHANNELLIST.OBJ
G:\DONOTOPEN\FUCKYOU\FREEIMAGE\SOURCE\OPENEXR\DEBUG\IMFCHANNELLISTATTRIBUTE.OBJ
G:\DONOTOPEN\FUCKYOU\FREEIMAGE\SOURCE\OPENEXR\DEBUG\IMFCHROMATICITIES.OBJ
G:\DONOTOPEN\FUCKYOU\FREEIMAGE\SOURCE\OPENEXR\DEBUG\IMFCHROMATICITIESATTRIBUTE.OBJ
G:\DONOTOPEN\FUCKYOU\FREEIMAGE\SOURCE\OPENEXR\DEBUG\IMFCOMPRESSIONATTRIBUTE.OBJ
G:\DONOTOPEN\FUCKYOU\FREEIMAGE\SOURCE\OPENEXR\DEBUG\IMFCOMPRESSOR.OBJ
G:\DONOTOPEN\FUCKYOU\FREEIMAGE\SOURCE\OPENEXR\DEBUG\IMFCONVERT.OBJ
G:\DONOTOPEN\FUCKYOU\FREEIMAGE\SOURCE\OPENEXR\DEBUG\IMFCRGBAFILE.OBJ
G:\DONOTOPEN\FUCKYOU\FREEIMAGE\SOURCE\OPENEXR\DEBUG\IMFDOUBLEATTRIBUTE.OBJ
G:\DONOTOPEN\FUCKYOU\FREEIMAGE\SOURCE\OPENEXR\DEBUG\IMFENVMAP.OBJ
G:\DONOTOPEN\FUCKYOU\FREEIMAGE\SOURCE\OPENEXR\DEBUG\IMFENVMAPATTRIBUTE.OBJ
G:\DONOTOPEN\FUCKYOU\FREEIMAGE\SOURCE\OPENEXR\DEBUG\IMFFLOATATTRIBUTE.OBJ
G:\DONOTOPEN\FUCKYOU\FREEIMAGE\SOURCE\OPENEXR\DEBUG\IMFFRAMEBUFFER.OBJ
G:\DONOTOPEN\FUCKYOU\FREEIMAGE\SOURCE\OPENEXR\DEBUG\IMFFRAMESPERSECOND.OBJ
G:\DONOTOPEN\FUCKYOU\FREEIMAGE\SOURCE\OPENEXR\DEBUG\IMFHEADER.OBJ
G:\DONOTOPEN\FUCKYOU\FREEIMAGE\SOURCE\OPENEXR\DEBUG\IMFHUF.OBJ
G:\DONOTOPEN\FUCKYOU\FREEIMAGE\SOURCE\OPENEXR\DEBUG\IMFINPUTFILE.OBJ
G:\DONOTOPEN\FUCKYOU\FREEIMAGE\SOURCE\OPENEXR\DEBUG\IMFINTATTRIBUTE.OBJ
G:\DONOTOPEN\FUCKYOU\FREEIMAGE\SOURCE\OPENEXR\DEBUG\IMFIO.OBJ
G:\DONOTOPEN\FUCKYOU\FREEIMAGE\SOURCE\OPENEXR\DEBUG\IMFKEYCODE.OBJ
G:\DONOTOPEN\FUCKYOU\FREEIMAGE\SOURCE\OPENEXR\DEBUG\IMFKEYCODEATTRIBUTE.OBJ
G:\DONOTOPEN\FUCKYOU\FREEIMAGE\SOURCE\OPENEXR\DEBUG\IMFLINEORDERATTRIBUTE.OBJ
G:\DONOTOPEN\FUCKYOU\FREEIMAGE\SOURCE\OPENEXR\DEBUG\IMFLUT.OBJ
G:\DONOTOPEN\FUCKYOU\FREEIMAGE\SOURCE\OPENEXR\DEBUG\IMFMATRIXATTRIBUTE.OBJ
G:\DONOTOPEN\FUCKYOU\FREEIMAGE\SOURCE\OPENEXR\DEBUG\IMFMISC.OBJ
G:\DONOTOPEN\FUCKYOU\FREEIMAGE\SOURCE\OPENEXR\DEBUG\IMFOPAQUEATTRIBUTE.OBJ
G:\DONOTOPEN\FUCKYOU\FREEIMAGE\SOURCE\OPENEXR\DEBUG\IMFOUTPUTFILE.OBJ
G:\DONOTOPEN\FUCKYOU\FREEIMAGE\SOURCE\OPENEXR\DEBUG\IMFPIZCOMPRESSOR.OBJ
G:\DONOTOPEN\FUCKYOU\FREEIMAGE\SOURCE\OPENEXR\DEBUG\IMFPREVIEWIMAGE.OBJ
G:\DONOTOPEN\FUCKYOU\FREEIMAGE\SOURCE\OPENEXR\DEBUG\IMFPREVIEWIMAGEATTRIBUTE.OBJ
G:\DONOTOPEN\FUCKYOU\FREEIMAGE\SOURCE\OPENEXR\DEBUG\IMFPXR24COMPRESSOR.OBJ
G:\DONOTOPEN\FUCKYOU\FREEIMAGE\SOURCE\OPENEXR\DEBUG\IMFRATIONAL.OBJ
G:\DONOTOPEN\FUCKYOU\FREEIMAGE\SOURCE\OPENEXR\DEBUG\IMFRATIONALATTRIBUTE.OBJ
G:\DONOTOPEN\FUCKYOU\FREEIMAGE\SOURCE\OPENEXR\DEBUG\IMFRGBAFILE.OBJ
G:\DONOTOPEN\FUCKYOU\FREEIMAGE\SOURCE\OPENEXR\DEBUG\IMFRGBAYCA.OBJ
G:\DONOTOPEN\FUCKYOU\FREEIMAGE\SOURCE\OPENEXR\DEBUG\IMFRLECOMPRESSOR.OBJ
G:\DONOTOPEN\FUCKYOU\FREEIMAGE\SOURCE\OPENEXR\DEBUG\IMFSCANLINEINPUTFILE.OBJ
G:\DONOTOPEN\FUCKYOU\FREEIMAGE\SOURCE\OPENEXR\DEBUG\IMFSTANDARDATTRIBUTES.OBJ
G:\DONOTOPEN\FUCKYOU\FREEIMAGE\SOURCE\OPENEXR\DEBUG\IMFSTDIO.OBJ
G:\DONOTOPEN\FUCKYOU\FREEIMAGE\SOURCE\OPENEXR\DEBUG\IMFSTRINGATTRIBUTE.OBJ
G:\DONOTOPEN\FUCKYOU\FREEIMAGE\SOURCE\OPENEXR\DEBUG\IMFTESTFILE.OBJ
G:\DONOTOPEN\FUCKYOU\FREEIMAGE\SOURCE\OPENEXR\DEBUG\IMFTHREADING.OBJ
G:\DONOTOPEN\FUCKYOU\FREEIMAGE\SOURCE\OPENEXR\DEBUG\IMFTILEDESCRIPTIONATTRIBUTE.OBJ
G:\DONOTOPEN\FUCKYOU\FREEIMAGE\SOURCE\OPENEXR\DEBUG\IMFTILEDINPUTFILE.OBJ
G:\DONOTOPEN\FUCKYOU\FREEIMAGE\SOURCE\OPENEXR\DEBUG\IMFTILEDMISC.OBJ
G:\DONOTOPEN\FUCKYOU\FREEIMAGE\SOURCE\OPENEXR\DEBUG\IMFTILEDOUTPUTFILE.OBJ
G:\DONOTOPEN\FUCKYOU\FREEIMAGE\SOURCE\OPENEXR\DEBUG\IMFTILEDRGBAFILE.OBJ
G:\DONOTOPEN\FUCKYOU\FREEIMAGE\SOURCE\OPENEXR\DEBUG\IMFTILEOFFSETS.OBJ
G:\DONOTOPEN\FUCKYOU\FREEIMAGE\SOURCE\OPENEXR\DEBUG\IMFTIMECODE.OBJ
G:\DONOTOPEN\FUCKYOU\FREEIMAGE\SOURCE\OPENEXR\DEBUG\IMFTIMECODEATTRIBUTE.OBJ
G:\DONOTOPEN\FUCKYOU\FREEIMAGE\SOURCE\OPENEXR\DEBUG\IMFVECATTRIBUTE.OBJ
G:\DONOTOPEN\FUCKYOU\FREEIMAGE\SOURCE\OPENEXR\DEBUG\IMFVERSION.OBJ
G:\DONOTOPEN\FUCKYOU\FREEIMAGE\SOURCE\OPENEXR\DEBUG\IMFWAV.OBJ
G:\DONOTOPEN\FUCKYOU\FREEIMAGE\SOURCE\OPENEXR\DEBUG\IMFZIPCOMPRESSOR.OBJ
G:\DONOTOPEN\FUCKYOU\FreeImage\Source\OpenEXR\Debug\lib.command.1.tlog
G:\DONOTOPEN\FUCKYOU\FreeImage\Source\OpenEXR\Debug\Lib-link.read.1.tlog
G:\DONOTOPEN\FUCKYOU\FreeImage\Source\OpenEXR\Debug\Lib-link.write.1.tlog
G:\DONOTOPEN\FUCKYOU\FREEIMAGE\SOURCE\OPENEXR\DEBUG\OPENEXR.LIB
G:\DONOTOPEN\FUCKYOU\FreeImage\Source\OpenEXR\Debug\OpenEXR.write.1.tlog
G:\DONOTOPEN\FUCKYOU\FreeImage\Source\OpenEXR\Debug\vc100.idb
G:\DONOTOPEN\FUCKYOU\FREEIMAGE\SOURCE\OPENEXR\DEBUG\VC100.PDB
