E:\DONOTOPEN\FUCKYOU\FREEIMAGE\SOURCE\LIBOPENJPEG\DEBUG\BIO.OBJ
E:\DONOTOPEN\FUCKYOU\FREEIMAGE\SOURCE\LIBOPENJPEG\DEBUG\CIO.OBJ
E:\DONOTOPEN\FUCKYOU\FREEIMAGE\SOURCE\LIBOPENJPEG\DEBUG\DWT.OBJ
E:\DONOTOPEN\FUCKYOU\FREEIMAGE\SOURCE\LIBOPENJPEG\DEBUG\EVENT.OBJ
E:\DONOTOPEN\FUCKYOU\FREEIMAGE\SOURCE\LIBOPENJPEG\DEBUG\IMAGE.OBJ
E:\DONOTOPEN\FUCKYOU\FREEIMAGE\SOURCE\LIBOPENJPEG\DEBUG\J2K.OBJ
E:\DONOTOPEN\FUCKYOU\FREEIMAGE\SOURCE\LIBOPENJPEG\DEBUG\J2K_LIB.OBJ
E:\DONOTOPEN\FUCKYOU\FREEIMAGE\SOURCE\LIBOPENJPEG\DEBUG\JP2.OBJ
E:\DONOTOPEN\FUCKYOU\FREEIMAGE\SOURCE\LIBOPENJPEG\DEBUG\JPT.OBJ
E:\DONOTOPEN\FUCKYOU\FREEIMAGE\SOURCE\LIBOPENJPEG\DEBUG\LIBOPENJPEG.LIB
E:\DONOTOPEN\FUCKYOU\FREEIMAGE\SOURCE\LIBOPENJPEG\DEBUG\MCT.OBJ
E:\DONOTOPEN\FUCKYOU\FREEIMAGE\SOURCE\LIBOPENJPEG\DEBUG\MQC.OBJ
E:\DONOTOPEN\FUCKYOU\FREEIMAGE\SOURCE\LIBOPENJPEG\DEBUG\OPENJPEG.OBJ
E:\DONOTOPEN\FUCKYOU\FREEIMAGE\SOURCE\LIBOPENJPEG\DEBUG\PI.OBJ
E:\DONOTOPEN\FUCKYOU\FREEIMAGE\SOURCE\LIBOPENJPEG\DEBUG\RAW.OBJ
E:\DONOTOPEN\FUCKYOU\FREEIMAGE\SOURCE\LIBOPENJPEG\DEBUG\T1.OBJ
E:\DONOTOPEN\FUCKYOU\FREEIMAGE\SOURCE\LIBOPENJPEG\DEBUG\T2.OBJ
E:\DONOTOPEN\FUCKYOU\FREEIMAGE\SOURCE\LIBOPENJPEG\DEBUG\TCD.OBJ
E:\DONOTOPEN\FUCKYOU\FREEIMAGE\SOURCE\LIBOPENJPEG\DEBUG\TGT.OBJ
E:\DONOTOPEN\FUCKYOU\FREEIMAGE\SOURCE\LIBOPENJPEG\DEBUG\VC100.PDB
G:\DONOTOPEN\FUCKYOU\FreeImage\Source\LibOpenJPEG\.\Debug\LibOpenJPEG.lib
G:\DONOTOPEN\FUCKYOU\FREEIMAGE\SOURCE\LIBOPENJPEG\DEBUG\BIO.OBJ
G:\DONOTOPEN\FUCKYOU\FREEIMAGE\SOURCE\LIBOPENJPEG\DEBUG\CIO.OBJ
G:\DONOTOPEN\FUCKYOU\FreeImage\Source\LibOpenJPEG\Debug\cl.command.1.tlog
G:\DONOTOPEN\FUCKYOU\FreeImage\Source\LibOpenJPEG\Debug\CL.read.1.tlog
G:\DONOTOPEN\FUCKYOU\FreeImage\Source\LibOpenJPEG\Debug\CL.write.1.tlog
G:\DONOTOPEN\FUCKYOU\FREEIMAGE\SOURCE\LIBOPENJPEG\DEBUG\DWT.OBJ
G:\DONOTOPEN\FUCKYOU\FREEIMAGE\SOURCE\LIBOPENJPEG\DEBUG\EVENT.OBJ
G:\DONOTOPEN\FUCKYOU\FREEIMAGE\SOURCE\LIBOPENJPEG\DEBUG\IMAGE.OBJ
G:\DONOTOPEN\FUCKYOU\FREEIMAGE\SOURCE\LIBOPENJPEG\DEBUG\J2K.OBJ
G:\DONOTOPEN\FUCKYOU\FREEIMAGE\SOURCE\LIBOPENJPEG\DEBUG\J2K_LIB.OBJ
G:\DONOTOPEN\FUCKYOU\FREEIMAGE\SOURCE\LIBOPENJPEG\DEBUG\JP2.OBJ
G:\DONOTOPEN\FUCKYOU\FREEIMAGE\SOURCE\LIBOPENJPEG\DEBUG\JPT.OBJ
G:\DONOTOPEN\FUCKYOU\FreeImage\Source\LibOpenJPEG\Debug\lib.command.1.tlog
G:\DONOTOPEN\FUCKYOU\FreeImage\Source\LibOpenJPEG\Debug\Lib-link.read.1.tlog
G:\DONOTOPEN\FUCKYOU\FreeImage\Source\LibOpenJPEG\Debug\Lib-link.write.1.tlog
G:\DONOTOPEN\FUCKYOU\FreeImage\Source\LibOpenJPEG\Debug\LibOpenJPEG.2005.vcxprojResolveAssemblyReference.cache
G:\DONOTOPEN\FUCKYOU\FREEIMAGE\SOURCE\LIBOPENJPEG\DEBUG\LIBOPENJPEG.LIB
G:\DONOTOPEN\FUCKYOU\FreeImage\Source\LibOpenJPEG\Debug\LibOpenJPEG.write.1.tlog
G:\DONOTOPEN\FUCKYOU\FREEIMAGE\SOURCE\LIBOPENJPEG\DEBUG\MCT.OBJ
G:\DONOTOPEN\FUCKYOU\FREEIMAGE\SOURCE\LIBOPENJPEG\DEBUG\MQC.OBJ
G:\DONOTOPEN\FUCKYOU\FREEIMAGE\SOURCE\LIBOPENJPEG\DEBUG\OPENJPEG.OBJ
G:\DONOTOPEN\FUCKYOU\FREEIMAGE\SOURCE\LIBOPENJPEG\DEBUG\PI.OBJ
G:\DONOTOPEN\FUCKYOU\FREEIMAGE\SOURCE\LIBOPENJPEG\DEBUG\RAW.OBJ
G:\DONOTOPEN\FUCKYOU\FREEIMAGE\SOURCE\LIBOPENJPEG\DEBUG\T1.OBJ
G:\DONOTOPEN\FUCKYOU\FREEIMAGE\SOURCE\LIBOPENJPEG\DEBUG\T2.OBJ
G:\DONOTOPEN\FUCKYOU\FREEIMAGE\SOURCE\LIBOPENJPEG\DEBUG\TCD.OBJ
G:\DONOTOPEN\FUCKYOU\FREEIMAGE\SOURCE\LIBOPENJPEG\DEBUG\TGT.OBJ
G:\DONOTOPEN\FUCKYOU\FreeImage\Source\LibOpenJPEG\Debug\vc100.idb
G:\DONOTOPEN\FUCKYOU\FREEIMAGE\SOURCE\LIBOPENJPEG\DEBUG\VC100.PDB
