E:\DONOTOPEN\FUCKYOU\BIN\WIN\DEBUG\LIBMNG.LIB
E:\DONOTOPEN\FUCKYOU\BIN\WIN\DEBUG\LIBMNG.PDB
E:\DONOTOPEN\FUCKYOU\VSSLN\FREEIMAGE\SOURCE\LIBMNG\CMAKEFILES\GENERATE.STAMP
E:\DONOTOPEN\FUCKYOU\VSSLN\FreeImage\Source\LibMNG\LibMNG.dir\Debug\cl.command.1.tlog
E:\DONOTOPEN\FUCKYOU\VSSLN\FreeImage\Source\LibMNG\LibMNG.dir\Debug\CL.read.1.tlog
E:\DONOTOPEN\FUCKYOU\VSSLN\FreeImage\Source\LibMNG\LibMNG.dir\Debug\CL.write.1.tlog
E:\DONOTOPEN\FUCKYOU\VSSLN\FreeImage\Source\LibMNG\LibMNG.dir\Debug\custombuild.command.1.tlog
E:\DONOTOPEN\FUCKYOU\VSSLN\FreeImage\Source\LibMNG\LibMNG.dir\Debug\custombuild.read.1.tlog
E:\DONOTOPEN\FUCKYOU\VSSLN\FreeImage\Source\LibMNG\LibMNG.dir\Debug\custombuild.write.1.tlog
E:\DONOTOPEN\FUCKYOU\VSSLN\FreeImage\Source\LibMNG\LibMNG.dir\Debug\lib.command.1.tlog
E:\DONOTOPEN\FUCKYOU\VSSLN\FreeImage\Source\LibMNG\LibMNG.dir\Debug\Lib.read.1.tlog
E:\DONOTOPEN\FUCKYOU\VSSLN\FreeImage\Source\LibMNG\LibMNG.dir\Debug\Lib-link.read.1.tlog
E:\DONOTOPEN\FUCKYOU\VSSLN\FreeImage\Source\LibMNG\LibMNG.dir\Debug\Lib-link.write.1.tlog
E:\DONOTOPEN\FUCKYOU\VSSLN\FreeImage\Source\LibMNG\LibMNG.dir\Debug\LibMNG.write.1.tlog
E:\DONOTOPEN\FUCKYOU\VSSLN\FREEIMAGE\SOURCE\LIBMNG\LIBMNG.DIR\DEBUG\LIBMNG_CALLBACK_XS.OBJ
E:\DONOTOPEN\FUCKYOU\VSSLN\FREEIMAGE\SOURCE\LIBMNG\LIBMNG.DIR\DEBUG\LIBMNG_CHUNK_DESCR.OBJ
E:\DONOTOPEN\FUCKYOU\VSSLN\FREEIMAGE\SOURCE\LIBMNG\LIBMNG.DIR\DEBUG\LIBMNG_CHUNK_IO.OBJ
E:\DONOTOPEN\FUCKYOU\VSSLN\FREEIMAGE\SOURCE\LIBMNG\LIBMNG.DIR\DEBUG\LIBMNG_CHUNK_PRC.OBJ
E:\DONOTOPEN\FUCKYOU\VSSLN\FREEIMAGE\SOURCE\LIBMNG\LIBMNG.DIR\DEBUG\LIBMNG_CHUNK_XS.OBJ
E:\DONOTOPEN\FUCKYOU\VSSLN\FREEIMAGE\SOURCE\LIBMNG\LIBMNG.DIR\DEBUG\LIBMNG_CMS.OBJ
E:\DONOTOPEN\FUCKYOU\VSSLN\FREEIMAGE\SOURCE\LIBMNG\LIBMNG.DIR\DEBUG\LIBMNG_DISPLAY.OBJ
E:\DONOTOPEN\FUCKYOU\VSSLN\FREEIMAGE\SOURCE\LIBMNG\LIBMNG.DIR\DEBUG\LIBMNG_DITHER.OBJ
E:\DONOTOPEN\FUCKYOU\VSSLN\FREEIMAGE\SOURCE\LIBMNG\LIBMNG.DIR\DEBUG\LIBMNG_ERROR.OBJ
E:\DONOTOPEN\FUCKYOU\VSSLN\FREEIMAGE\SOURCE\LIBMNG\LIBMNG.DIR\DEBUG\LIBMNG_FILTER.OBJ
E:\DONOTOPEN\FUCKYOU\VSSLN\FREEIMAGE\SOURCE\LIBMNG\LIBMNG.DIR\DEBUG\LIBMNG_HLAPI.OBJ
E:\DONOTOPEN\FUCKYOU\VSSLN\FREEIMAGE\SOURCE\LIBMNG\LIBMNG.DIR\DEBUG\LIBMNG_JPEG.OBJ
E:\DONOTOPEN\FUCKYOU\VSSLN\FREEIMAGE\SOURCE\LIBMNG\LIBMNG.DIR\DEBUG\LIBMNG_OBJECT_PRC.OBJ
E:\DONOTOPEN\FUCKYOU\VSSLN\FREEIMAGE\SOURCE\LIBMNG\LIBMNG.DIR\DEBUG\LIBMNG_PIXELS.OBJ
E:\DONOTOPEN\FUCKYOU\VSSLN\FREEIMAGE\SOURCE\LIBMNG\LIBMNG.DIR\DEBUG\LIBMNG_PROP_XS.OBJ
E:\DONOTOPEN\FUCKYOU\VSSLN\FREEIMAGE\SOURCE\LIBMNG\LIBMNG.DIR\DEBUG\LIBMNG_READ.OBJ
E:\DONOTOPEN\FUCKYOU\VSSLN\FREEIMAGE\SOURCE\LIBMNG\LIBMNG.DIR\DEBUG\LIBMNG_TRACE.OBJ
E:\DONOTOPEN\FUCKYOU\VSSLN\FREEIMAGE\SOURCE\LIBMNG\LIBMNG.DIR\DEBUG\LIBMNG_WRITE.OBJ
E:\DONOTOPEN\FUCKYOU\VSSLN\FREEIMAGE\SOURCE\LIBMNG\LIBMNG.DIR\DEBUG\LIBMNG_ZLIB.OBJ
